Processing sub-08 run 01...
Navigating to directory: /Users/nagamatsulab/Desktop/BIDS/derivatives/ICA_AROMA/sub-08/feat_stats/ses-baseline/denoised_task-assoc_memory_run-01.feat
Creating prefiltered denoised functional data...
Prefiltered denoised functional data saved as: prefiltered_denoised_func_data
Extracting middle volume as the reference...
Middle volume saved as: middle_func
Starting MCFLIRT for motion estimation...
MCFLIRT complete..
Moving output files to motion_estimates directory...
Calculating Absolute and Relative RMS Displacement...
RMS absolute calculation completed, output written to /Users/nagamatsulab/Desktop/BIDS/derivatives/ICA_AROMA/sub-08/feat_stats/ses-baseline/denoised_task-assoc_memory_run-01.feat/motion_estimates/abs_RMS.txt
RMS relative calculation completed, output written to /Users/nagamatsulab/Desktop/BIDS/derivatives/ICA_AROMA/sub-08/feat_stats/ses-baseline/denoised_task-assoc_memory_run-01.feat/motion_estimates/rel_RMS.txt
Generating plots for motion estimates...
Motion estimation process completed for sub-08 run 01.
Processing sub-08 run 02...
Navigating to directory: /Users/nagamatsulab/Desktop/BIDS/derivatives/ICA_AROMA/sub-08/feat_stats/ses-baseline/denoised_task-assoc_memory_run-02.feat
Creating prefiltered denoised functional data...
Prefiltered denoised functional data saved as: prefiltered_denoised_func_data
Extracting middle volume as the reference...
Middle volume saved as: middle_func
Starting MCFLIRT for motion estimation...
MCFLIRT complete..
Moving output files to motion_estimates directory...
Calculating Absolute and Relative RMS Displacement...
RMS absolute calculation completed, output written to /Users/nagamatsulab/Desktop/BIDS/derivatives/ICA_AROMA/sub-08/feat_stats/ses-baseline/denoised_task-assoc_memory_run-02.feat/motion_estimates/abs_RMS.txt
RMS relative calculation completed, output written to /Users/nagamatsulab/Desktop/BIDS/derivatives/ICA_AROMA/sub-08/feat_stats/ses-baseline/denoised_task-assoc_memory_run-02.feat/motion_estimates/rel_RMS.txt
Generating plots for motion estimates...
Motion estimation process completed for sub-08 run 02.
Processing sub-08 run 03...
Navigating to directory: /Users/nagamatsulab/Desktop/BIDS/derivatives/ICA_AROMA/sub-08/feat_stats/ses-baseline/denoised_task-assoc_memory_run-03.feat
Creating prefiltered denoised functional data...
Prefiltered denoised functional data saved as: prefiltered_denoised_func_data
Extracting middle volume as the reference...
Middle volume saved as: middle_func
Starting MCFLIRT for motion estimation...
MCFLIRT complete..
Moving output files to motion_estimates directory...
Calculating Absolute and Relative RMS Displacement...
RMS absolute calculation completed, output written to /Users/nagamatsulab/Desktop/BIDS/derivatives/ICA_AROMA/sub-08/feat_stats/ses-baseline/denoised_task-assoc_memory_run-03.feat/motion_estimates/abs_RMS.txt
RMS relative calculation completed, output written to /Users/nagamatsulab/Desktop/BIDS/derivatives/ICA_AROMA/sub-08/feat_stats/ses-baseline/denoised_task-assoc_memory_run-03.feat/motion_estimates/rel_RMS.txt
Generating plots for motion estimates...
Motion estimation process completed for sub-08 run 03.
Processing sub-09 run 01...
Navigating to directory: /Users/nagamatsulab/Desktop/BIDS/derivatives/ICA_AROMA/sub-09/feat_stats/ses-baseline/denoised_task-assoc_memory_run-01.feat
Creating prefiltered denoised functional data...
Prefiltered denoised functional data saved as: prefiltered_denoised_func_data
Extracting middle volume as the reference...
Middle volume saved as: middle_func
Starting MCFLIRT for motion estimation...
MCFLIRT complete..
Moving output files to motion_estimates directory...
Calculating Absolute and Relative RMS Displacement...
RMS absolute calculation completed, output written to /Users/nagamatsulab/Desktop/BIDS/derivatives/ICA_AROMA/sub-09/feat_stats/ses-baseline/denoised_task-assoc_memory_run-01.feat/motion_estimates/abs_RMS.txt
RMS relative calculation completed, output written to /Users/nagamatsulab/Desktop/BIDS/derivatives/ICA_AROMA/sub-09/feat_stats/ses-baseline/denoised_task-assoc_memory_run-01.feat/motion_estimates/rel_RMS.txt
Generating plots for motion estimates...
Motion estimation process completed for sub-09 run 01.
Processing sub-09 run 02...
Navigating to directory: /Users/nagamatsulab/Desktop/BIDS/derivatives/ICA_AROMA/sub-09/feat_stats/ses-baseline/denoised_task-assoc_memory_run-02.feat
Creating prefiltered denoised functional data...
Prefiltered denoised functional data saved as: prefiltered_denoised_func_data
Extracting middle volume as the reference...
Middle volume saved as: middle_func
Starting MCFLIRT for motion estimation...
MCFLIRT complete..
Moving output files to motion_estimates directory...
Calculating Absolute and Relative RMS Displacement...
RMS absolute calculation completed, output written to /Users/nagamatsulab/Desktop/BIDS/derivatives/ICA_AROMA/sub-09/feat_stats/ses-baseline/denoised_task-assoc_memory_run-02.feat/motion_estimates/abs_RMS.txt
RMS relative calculation completed, output written to /Users/nagamatsulab/Desktop/BIDS/derivatives/ICA_AROMA/sub-09/feat_stats/ses-baseline/denoised_task-assoc_memory_run-02.feat/motion_estimates/rel_RMS.txt
Generating plots for motion estimates...
Motion estimation process completed for sub-09 run 02.
Processing sub-09 run 03...
Navigating to directory: /Users/nagamatsulab/Desktop/BIDS/derivatives/ICA_AROMA/sub-09/feat_stats/ses-baseline/denoised_task-assoc_memory_run-03.feat
Creating prefiltered denoised functional data...
Prefiltered denoised functional data saved as: prefiltered_denoised_func_data
Extracting middle volume as the reference...
Middle volume saved as: middle_func
Starting MCFLIRT for motion estimation...
MCFLIRT complete..
Moving output files to motion_estimates directory...
Calculating Absolute and Relative RMS Displacement...
RMS absolute calculation completed, output written to /Users/nagamatsulab/Desktop/BIDS/derivatives/ICA_AROMA/sub-09/feat_stats/ses-baseline/denoised_task-assoc_memory_run-03.feat/motion_estimates/abs_RMS.txt
RMS relative calculation completed, output written to /Users/nagamatsulab/Desktop/BIDS/derivatives/ICA_AROMA/sub-09/feat_stats/ses-baseline/denoised_task-assoc_memory_run-03.feat/motion_estimates/rel_RMS.txt
Generating plots for motion estimates...
Motion estimation process completed for sub-09 run 03.
Processing sub-10 run 01...
Navigating to directory: /Users/nagamatsulab/Desktop/BIDS/derivatives/ICA_AROMA/sub-10/feat_stats/ses-baseline/denoised_task-assoc_memory_run-01.feat
Creating prefiltered denoised functional data...
Prefiltered denoised functional data saved as: prefiltered_denoised_func_data
Extracting middle volume as the reference...
Middle volume saved as: middle_func
Starting MCFLIRT for motion estimation...
MCFLIRT complete..
Moving output files to motion_estimates directory...
Calculating Absolute and Relative RMS Displacement...
RMS absolute calculation completed, output written to /Users/nagamatsulab/Desktop/BIDS/derivatives/ICA_AROMA/sub-10/feat_stats/ses-baseline/denoised_task-assoc_memory_run-01.feat/motion_estimates/abs_RMS.txt
RMS relative calculation completed, output written to /Users/nagamatsulab/Desktop/BIDS/derivatives/ICA_AROMA/sub-10/feat_stats/ses-baseline/denoised_task-assoc_memory_run-01.feat/motion_estimates/rel_RMS.txt
Generating plots for motion estimates...
Motion estimation process completed for sub-10 run 01.
Processing sub-10 run 02...
Navigating to directory: /Users/nagamatsulab/Desktop/BIDS/derivatives/ICA_AROMA/sub-10/feat_stats/ses-baseline/denoised_task-assoc_memory_run-02.feat
Creating prefiltered denoised functional data...
Prefiltered denoised functional data saved as: prefiltered_denoised_func_data
Extracting middle volume as the reference...
Middle volume saved as: middle_func
Starting MCFLIRT for motion estimation...
MCFLIRT complete..
Moving output files to motion_estimates directory...
Calculating Absolute and Relative RMS Displacement...
RMS absolute calculation completed, output written to /Users/nagamatsulab/Desktop/BIDS/derivatives/ICA_AROMA/sub-10/feat_stats/ses-baseline/denoised_task-assoc_memory_run-02.feat/motion_estimates/abs_RMS.txt
RMS relative calculation completed, output written to /Users/nagamatsulab/Desktop/BIDS/derivatives/ICA_AROMA/sub-10/feat_stats/ses-baseline/denoised_task-assoc_memory_run-02.feat/motion_estimates/rel_RMS.txt
Generating plots for motion estimates...
Motion estimation process completed for sub-10 run 02.
Processing sub-10 run 03...
Navigating to directory: /Users/nagamatsulab/Desktop/BIDS/derivatives/ICA_AROMA/sub-10/feat_stats/ses-baseline/denoised_task-assoc_memory_run-03.feat
Creating prefiltered denoised functional data...
Prefiltered denoised functional data saved as: prefiltered_denoised_func_data
Extracting middle volume as the reference...
Middle volume saved as: middle_func
Starting MCFLIRT for motion estimation...
MCFLIRT complete..
Moving output files to motion_estimates directory...
Calculating Absolute and Relative RMS Displacement...
RMS absolute calculation completed, output written to /Users/nagamatsulab/Desktop/BIDS/derivatives/ICA_AROMA/sub-10/feat_stats/ses-baseline/denoised_task-assoc_memory_run-03.feat/motion_estimates/abs_RMS.txt
RMS relative calculation completed, output written to /Users/nagamatsulab/Desktop/BIDS/derivatives/ICA_AROMA/sub-10/feat_stats/ses-baseline/denoised_task-assoc_memory_run-03.feat/motion_estimates/rel_RMS.txt
Generating plots for motion estimates...
Motion estimation process completed for sub-10 run 03.
Processing sub-13 run 01...
Navigating to directory: /Users/nagamatsulab/Desktop/BIDS/derivatives/ICA_AROMA/sub-13/feat_stats/ses-baseline/denoised_task-assoc_memory_run-01.feat
Creating prefiltered denoised functional data...
Prefiltered denoised functional data saved as: prefiltered_denoised_func_data
Extracting middle volume as the reference...
Middle volume saved as: middle_func
Starting MCFLIRT for motion estimation...
MCFLIRT complete..
Moving output files to motion_estimates directory...
Calculating Absolute and Relative RMS Displacement...
RMS absolute calculation completed, output written to /Users/nagamatsulab/Desktop/BIDS/derivatives/ICA_AROMA/sub-13/feat_stats/ses-baseline/denoised_task-assoc_memory_run-01.feat/motion_estimates/abs_RMS.txt
RMS relative calculation completed, output written to /Users/nagamatsulab/Desktop/BIDS/derivatives/ICA_AROMA/sub-13/feat_stats/ses-baseline/denoised_task-assoc_memory_run-01.feat/motion_estimates/rel_RMS.txt
Generating plots for motion estimates...
Motion estimation process completed for sub-13 run 01.
Processing sub-13 run 02...
Navigating to directory: /Users/nagamatsulab/Desktop/BIDS/derivatives/ICA_AROMA/sub-13/feat_stats/ses-baseline/denoised_task-assoc_memory_run-02.feat
Creating prefiltered denoised functional data...
Prefiltered denoised functional data saved as: prefiltered_denoised_func_data
Extracting middle volume as the reference...
Middle volume saved as: middle_func
Starting MCFLIRT for motion estimation...
MCFLIRT complete..
Moving output files to motion_estimates directory...
Calculating Absolute and Relative RMS Displacement...
RMS absolute calculation completed, output written to /Users/nagamatsulab/Desktop/BIDS/derivatives/ICA_AROMA/sub-13/feat_stats/ses-baseline/denoised_task-assoc_memory_run-02.feat/motion_estimates/abs_RMS.txt
RMS relative calculation completed, output written to /Users/nagamatsulab/Desktop/BIDS/derivatives/ICA_AROMA/sub-13/feat_stats/ses-baseline/denoised_task-assoc_memory_run-02.feat/motion_estimates/rel_RMS.txt
Generating plots for motion estimates...
Motion estimation process completed for sub-13 run 02.
Processing sub-13 run 03...
Navigating to directory: /Users/nagamatsulab/Desktop/BIDS/derivatives/ICA_AROMA/sub-13/feat_stats/ses-baseline/denoised_task-assoc_memory_run-03.feat
Creating prefiltered denoised functional data...
Prefiltered denoised functional data saved as: prefiltered_denoised_func_data
Extracting middle volume as the reference...
Middle volume saved as: middle_func
Starting MCFLIRT for motion estimation...
MCFLIRT complete..
Moving output files to motion_estimates directory...
Calculating Absolute and Relative RMS Displacement...
RMS absolute calculation completed, output written to /Users/nagamatsulab/Desktop/BIDS/derivatives/ICA_AROMA/sub-13/feat_stats/ses-baseline/denoised_task-assoc_memory_run-03.feat/motion_estimates/abs_RMS.txt
RMS relative calculation completed, output written to /Users/nagamatsulab/Desktop/BIDS/derivatives/ICA_AROMA/sub-13/feat_stats/ses-baseline/denoised_task-assoc_memory_run-03.feat/motion_estimates/rel_RMS.txt
Generating plots for motion estimates...
Motion estimation process completed for sub-13 run 03.
Processing sub-14 run 01...
Navigating to directory: /Users/nagamatsulab/Desktop/BIDS/derivatives/ICA_AROMA/sub-14/feat_stats/ses-baseline/denoised_task-assoc_memory_run-01.feat
Creating prefiltered denoised functional data...
Prefiltered denoised functional data saved as: prefiltered_denoised_func_data
Extracting middle volume as the reference...
Middle volume saved as: middle_func
Starting MCFLIRT for motion estimation...
MCFLIRT complete..
Moving output files to motion_estimates directory...
Calculating Absolute and Relative RMS Displacement...
RMS absolute calculation completed, output written to /Users/nagamatsulab/Desktop/BIDS/derivatives/ICA_AROMA/sub-14/feat_stats/ses-baseline/denoised_task-assoc_memory_run-01.feat/motion_estimates/abs_RMS.txt
RMS relative calculation completed, output written to /Users/nagamatsulab/Desktop/BIDS/derivatives/ICA_AROMA/sub-14/feat_stats/ses-baseline/denoised_task-assoc_memory_run-01.feat/motion_estimates/rel_RMS.txt
Generating plots for motion estimates...
Motion estimation process completed for sub-14 run 01.
Processing sub-14 run 02...
Navigating to directory: /Users/nagamatsulab/Desktop/BIDS/derivatives/ICA_AROMA/sub-14/feat_stats/ses-baseline/denoised_task-assoc_memory_run-02.feat
Creating prefiltered denoised functional data...
Prefiltered denoised functional data saved as: prefiltered_denoised_func_data
Extracting middle volume as the reference...
Middle volume saved as: middle_func
Starting MCFLIRT for motion estimation...
MCFLIRT complete..
Moving output files to motion_estimates directory...
Calculating Absolute and Relative RMS Displacement...
RMS absolute calculation completed, output written to /Users/nagamatsulab/Desktop/BIDS/derivatives/ICA_AROMA/sub-14/feat_stats/ses-baseline/denoised_task-assoc_memory_run-02.feat/motion_estimates/abs_RMS.txt
RMS relative calculation completed, output written to /Users/nagamatsulab/Desktop/BIDS/derivatives/ICA_AROMA/sub-14/feat_stats/ses-baseline/denoised_task-assoc_memory_run-02.feat/motion_estimates/rel_RMS.txt
Generating plots for motion estimates...
Motion estimation process completed for sub-14 run 02.
Processing sub-14 run 03...
Navigating to directory: /Users/nagamatsulab/Desktop/BIDS/derivatives/ICA_AROMA/sub-14/feat_stats/ses-baseline/denoised_task-assoc_memory_run-03.feat
Creating prefiltered denoised functional data...
Prefiltered denoised functional data saved as: prefiltered_denoised_func_data
Extracting middle volume as the reference...
Middle volume saved as: middle_func
Starting MCFLIRT for motion estimation...
MCFLIRT complete..
Moving output files to motion_estimates directory...
Calculating Absolute and Relative RMS Displacement...
RMS absolute calculation completed, output written to /Users/nagamatsulab/Desktop/BIDS/derivatives/ICA_AROMA/sub-14/feat_stats/ses-baseline/denoised_task-assoc_memory_run-03.feat/motion_estimates/abs_RMS.txt
RMS relative calculation completed, output written to /Users/nagamatsulab/Desktop/BIDS/derivatives/ICA_AROMA/sub-14/feat_stats/ses-baseline/denoised_task-assoc_memory_run-03.feat/motion_estimates/rel_RMS.txt
Generating plots for motion estimates...
Motion estimation process completed for sub-14 run 03.
Processing sub-15 run 01...
Navigating to directory: /Users/nagamatsulab/Desktop/BIDS/derivatives/ICA_AROMA/sub-15/feat_stats/ses-baseline/denoised_task-assoc_memory_run-01.feat
Creating prefiltered denoised functional data...
Prefiltered denoised functional data saved as: prefiltered_denoised_func_data
Extracting middle volume as the reference...
Middle volume saved as: middle_func
Starting MCFLIRT for motion estimation...
MCFLIRT complete..
Moving output files to motion_estimates directory...
Calculating Absolute and Relative RMS Displacement...
RMS absolute calculation completed, output written to /Users/nagamatsulab/Desktop/BIDS/derivatives/ICA_AROMA/sub-15/feat_stats/ses-baseline/denoised_task-assoc_memory_run-01.feat/motion_estimates/abs_RMS.txt
RMS relative calculation completed, output written to /Users/nagamatsulab/Desktop/BIDS/derivatives/ICA_AROMA/sub-15/feat_stats/ses-baseline/denoised_task-assoc_memory_run-01.feat/motion_estimates/rel_RMS.txt
Generating plots for motion estimates...
Motion estimation process completed for sub-15 run 01.
Processing sub-15 run 02...
Navigating to directory: /Users/nagamatsulab/Desktop/BIDS/derivatives/ICA_AROMA/sub-15/feat_stats/ses-baseline/denoised_task-assoc_memory_run-02.feat
Creating prefiltered denoised functional data...
Prefiltered denoised functional data saved as: prefiltered_denoised_func_data
Extracting middle volume as the reference...
Middle volume saved as: middle_func
Starting MCFLIRT for motion estimation...
MCFLIRT complete..
Moving output files to motion_estimates directory...
Calculating Absolute and Relative RMS Displacement...
RMS absolute calculation completed, output written to /Users/nagamatsulab/Desktop/BIDS/derivatives/ICA_AROMA/sub-15/feat_stats/ses-baseline/denoised_task-assoc_memory_run-02.feat/motion_estimates/abs_RMS.txt
RMS relative calculation completed, output written to /Users/nagamatsulab/Desktop/BIDS/derivatives/ICA_AROMA/sub-15/feat_stats/ses-baseline/denoised_task-assoc_memory_run-02.feat/motion_estimates/rel_RMS.txt
Generating plots for motion estimates...
Motion estimation process completed for sub-15 run 02.
Processing sub-15 run 03...
Navigating to directory: /Users/nagamatsulab/Desktop/BIDS/derivatives/ICA_AROMA/sub-15/feat_stats/ses-baseline/denoised_task-assoc_memory_run-03.feat
Creating prefiltered denoised functional data...
Prefiltered denoised functional data saved as: prefiltered_denoised_func_data
Extracting middle volume as the reference...
Middle volume saved as: middle_func
Starting MCFLIRT for motion estimation...
MCFLIRT complete..
Moving output files to motion_estimates directory...
Calculating Absolute and Relative RMS Displacement...
RMS absolute calculation completed, output written to /Users/nagamatsulab/Desktop/BIDS/derivatives/ICA_AROMA/sub-15/feat_stats/ses-baseline/denoised_task-assoc_memory_run-03.feat/motion_estimates/abs_RMS.txt
RMS relative calculation completed, output written to /Users/nagamatsulab/Desktop/BIDS/derivatives/ICA_AROMA/sub-15/feat_stats/ses-baseline/denoised_task-assoc_memory_run-03.feat/motion_estimates/rel_RMS.txt
Generating plots for motion estimates...
Motion estimation process completed for sub-15 run 03.
