Processing subject sub-02, run 01
Output directory created at: /Users/nagamatsulab/Desktop/BIDS/derivatives/topup_correction/sub-02/ses-baseline/run-01/func/topup_results_run_01
Running topup with:
  Input AP/PA file: /Users/nagamatsulab/Desktop/BIDS/derivatives/topup_correction/sub-02/ses-baseline/run-01/func/sub-02_AP_PA_run-01.nii.gz
  Acquisition parameters file: /Users/nagamatsulab/Desktop/BIDS/derivatives/topup_correction/sub-02/ses-baseline/run-01/func/sub-02_acq_param_run-01.txt
  Output Topup file: /Users/nagamatsulab/Desktop/BIDS/derivatives/topup_correction/sub-02/ses-baseline/run-01/func/topup_results_run_01/topup_results
Topup completed. Corrected output: /Users/nagamatsulab/Desktop/BIDS/derivatives/topup_correction/sub-02/ses-baseline/run-01/func/topup_results_run_01/corrected_AP_PA_run01.nii.gz
Running applytopup with:
  Input functional file: /Users/nagamatsulab/Desktop/BIDS/derivatives/topup_correction/sub-02/ses-baseline/run-01/func/sub-02_ses-baseline_acq-AP_run-01.nii.gz
  Topup results file: /Users/nagamatsulab/Desktop/BIDS/derivatives/topup_correction/sub-02/ses-baseline/run-01/func/topup_results_run_01/topup_results
  Output corrected functional file: /Users/nagamatsulab/Desktop/BIDS/derivatives/topup_correction/sub-02/ses-baseline/run-01/func/topup_results_run_01/sub-02_corrected_task-assoc_memory_run-01_bold.nii.gz
Applytopup completed. Corrected file: /Users/nagamatsulab/Desktop/BIDS/derivatives/topup_correction/sub-02/ses-baseline/run-01/func/topup_results_run_01/sub-02_corrected_task-assoc_memory_run-01_bold.nii.gz
Processing subject sub-02, run 02
Output directory created at: /Users/nagamatsulab/Desktop/BIDS/derivatives/topup_correction/sub-02/ses-baseline/run-02/func/topup_results_run_02
Running topup with:
  Input AP/PA file: /Users/nagamatsulab/Desktop/BIDS/derivatives/topup_correction/sub-02/ses-baseline/run-02/func/sub-02_AP_PA_run-02.nii.gz
  Acquisition parameters file: /Users/nagamatsulab/Desktop/BIDS/derivatives/topup_correction/sub-02/ses-baseline/run-02/func/sub-02_acq_param_run-02.txt
  Output Topup file: /Users/nagamatsulab/Desktop/BIDS/derivatives/topup_correction/sub-02/ses-baseline/run-02/func/topup_results_run_02/topup_results
Topup completed. Corrected output: /Users/nagamatsulab/Desktop/BIDS/derivatives/topup_correction/sub-02/ses-baseline/run-02/func/topup_results_run_02/corrected_AP_PA_run02.nii.gz
Running applytopup with:
  Input functional file: /Users/nagamatsulab/Desktop/BIDS/derivatives/topup_correction/sub-02/ses-baseline/run-02/func/sub-02_ses-baseline_acq-AP_run-02.nii.gz
  Topup results file: /Users/nagamatsulab/Desktop/BIDS/derivatives/topup_correction/sub-02/ses-baseline/run-02/func/topup_results_run_02/topup_results
  Output corrected functional file: /Users/nagamatsulab/Desktop/BIDS/derivatives/topup_correction/sub-02/ses-baseline/run-02/func/topup_results_run_02/sub-02_corrected_task-assoc_memory_run-02_bold.nii.gz
Applytopup completed. Corrected file: /Users/nagamatsulab/Desktop/BIDS/derivatives/topup_correction/sub-02/ses-baseline/run-02/func/topup_results_run_02/sub-02_corrected_task-assoc_memory_run-02_bold.nii.gz
Processing subject sub-02, run 03
Output directory created at: /Users/nagamatsulab/Desktop/BIDS/derivatives/topup_correction/sub-02/ses-baseline/run-03/func/topup_results_run_03
Running topup with:
  Input AP/PA file: /Users/nagamatsulab/Desktop/BIDS/derivatives/topup_correction/sub-02/ses-baseline/run-03/func/sub-02_AP_PA_run-03.nii.gz
  Acquisition parameters file: /Users/nagamatsulab/Desktop/BIDS/derivatives/topup_correction/sub-02/ses-baseline/run-03/func/sub-02_acq_param_run-03.txt
  Output Topup file: /Users/nagamatsulab/Desktop/BIDS/derivatives/topup_correction/sub-02/ses-baseline/run-03/func/topup_results_run_03/topup_results
Topup completed. Corrected output: /Users/nagamatsulab/Desktop/BIDS/derivatives/topup_correction/sub-02/ses-baseline/run-03/func/topup_results_run_03/corrected_AP_PA_run03.nii.gz
Running applytopup with:
  Input functional file: /Users/nagamatsulab/Desktop/BIDS/derivatives/topup_correction/sub-02/ses-baseline/run-03/func/sub-02_ses-baseline_acq-AP_run-03.nii.gz
  Topup results file: /Users/nagamatsulab/Desktop/BIDS/derivatives/topup_correction/sub-02/ses-baseline/run-03/func/topup_results_run_03/topup_results
  Output corrected functional file: /Users/nagamatsulab/Desktop/BIDS/derivatives/topup_correction/sub-02/ses-baseline/run-03/func/topup_results_run_03/sub-02_corrected_task-assoc_memory_run-03_bold.nii.gz
Applytopup completed. Corrected file: /Users/nagamatsulab/Desktop/BIDS/derivatives/topup_correction/sub-02/ses-baseline/run-03/func/topup_results_run_03/sub-02_corrected_task-assoc_memory_run-03_bold.nii.gz
Processing subject sub-03, run 01
Output directory created at: /Users/nagamatsulab/Desktop/BIDS/derivatives/topup_correction/sub-03/ses-baseline/run-01/func/topup_results_run_01
Running topup with:
  Input AP/PA file: /Users/nagamatsulab/Desktop/BIDS/derivatives/topup_correction/sub-03/ses-baseline/run-01/func/sub-03_AP_PA_run-01.nii.gz
  Acquisition parameters file: /Users/nagamatsulab/Desktop/BIDS/derivatives/topup_correction/sub-03/ses-baseline/run-01/func/sub-03_acq_param_run-01.txt
  Output Topup file: /Users/nagamatsulab/Desktop/BIDS/derivatives/topup_correction/sub-03/ses-baseline/run-01/func/topup_results_run_01/topup_results
Topup completed. Corrected output: /Users/nagamatsulab/Desktop/BIDS/derivatives/topup_correction/sub-03/ses-baseline/run-01/func/topup_results_run_01/corrected_AP_PA_run01.nii.gz
Running applytopup with:
  Input functional file: /Users/nagamatsulab/Desktop/BIDS/derivatives/topup_correction/sub-03/ses-baseline/run-01/func/sub-03_ses-baseline_acq-AP_run-01.nii.gz
  Topup results file: /Users/nagamatsulab/Desktop/BIDS/derivatives/topup_correction/sub-03/ses-baseline/run-01/func/topup_results_run_01/topup_results
  Output corrected functional file: /Users/nagamatsulab/Desktop/BIDS/derivatives/topup_correction/sub-03/ses-baseline/run-01/func/topup_results_run_01/sub-03_corrected_task-assoc_memory_run-01_bold.nii.gz
Applytopup completed. Corrected file: /Users/nagamatsulab/Desktop/BIDS/derivatives/topup_correction/sub-03/ses-baseline/run-01/func/topup_results_run_01/sub-03_corrected_task-assoc_memory_run-01_bold.nii.gz
Processing subject sub-03, run 02
Output directory created at: /Users/nagamatsulab/Desktop/BIDS/derivatives/topup_correction/sub-03/ses-baseline/run-02/func/topup_results_run_02
Running topup with:
  Input AP/PA file: /Users/nagamatsulab/Desktop/BIDS/derivatives/topup_correction/sub-03/ses-baseline/run-02/func/sub-03_AP_PA_run-02.nii.gz
  Acquisition parameters file: /Users/nagamatsulab/Desktop/BIDS/derivatives/topup_correction/sub-03/ses-baseline/run-02/func/sub-03_acq_param_run-02.txt
  Output Topup file: /Users/nagamatsulab/Desktop/BIDS/derivatives/topup_correction/sub-03/ses-baseline/run-02/func/topup_results_run_02/topup_results
Topup completed. Corrected output: /Users/nagamatsulab/Desktop/BIDS/derivatives/topup_correction/sub-03/ses-baseline/run-02/func/topup_results_run_02/corrected_AP_PA_run02.nii.gz
Running applytopup with:
  Input functional file: /Users/nagamatsulab/Desktop/BIDS/derivatives/topup_correction/sub-03/ses-baseline/run-02/func/sub-03_ses-baseline_acq-AP_run-02.nii.gz
  Topup results file: /Users/nagamatsulab/Desktop/BIDS/derivatives/topup_correction/sub-03/ses-baseline/run-02/func/topup_results_run_02/topup_results
  Output corrected functional file: /Users/nagamatsulab/Desktop/BIDS/derivatives/topup_correction/sub-03/ses-baseline/run-02/func/topup_results_run_02/sub-03_corrected_task-assoc_memory_run-02_bold.nii.gz
Applytopup completed. Corrected file: /Users/nagamatsulab/Desktop/BIDS/derivatives/topup_correction/sub-03/ses-baseline/run-02/func/topup_results_run_02/sub-03_corrected_task-assoc_memory_run-02_bold.nii.gz
Processing subject sub-03, run 03
Output directory created at: /Users/nagamatsulab/Desktop/BIDS/derivatives/topup_correction/sub-03/ses-baseline/run-03/func/topup_results_run_03
Running topup with:
  Input AP/PA file: /Users/nagamatsulab/Desktop/BIDS/derivatives/topup_correction/sub-03/ses-baseline/run-03/func/sub-03_AP_PA_run-03.nii.gz
  Acquisition parameters file: /Users/nagamatsulab/Desktop/BIDS/derivatives/topup_correction/sub-03/ses-baseline/run-03/func/sub-03_acq_param_run-03.txt
  Output Topup file: /Users/nagamatsulab/Desktop/BIDS/derivatives/topup_correction/sub-03/ses-baseline/run-03/func/topup_results_run_03/topup_results
Topup completed. Corrected output: /Users/nagamatsulab/Desktop/BIDS/derivatives/topup_correction/sub-03/ses-baseline/run-03/func/topup_results_run_03/corrected_AP_PA_run03.nii.gz
Running applytopup with:
  Input functional file: /Users/nagamatsulab/Desktop/BIDS/derivatives/topup_correction/sub-03/ses-baseline/run-03/func/sub-03_ses-baseline_acq-AP_run-03.nii.gz
  Topup results file: /Users/nagamatsulab/Desktop/BIDS/derivatives/topup_correction/sub-03/ses-baseline/run-03/func/topup_results_run_03/topup_results
  Output corrected functional file: /Users/nagamatsulab/Desktop/BIDS/derivatives/topup_correction/sub-03/ses-baseline/run-03/func/topup_results_run_03/sub-03_corrected_task-assoc_memory_run-03_bold.nii.gz
Applytopup completed. Corrected file: /Users/nagamatsulab/Desktop/BIDS/derivatives/topup_correction/sub-03/ses-baseline/run-03/func/topup_results_run_03/sub-03_corrected_task-assoc_memory_run-03_bold.nii.gz
Processing subject sub-04, run 01
Output directory created at: /Users/nagamatsulab/Desktop/BIDS/derivatives/topup_correction/sub-04/ses-baseline/run-01/func/topup_results_run_01
Running topup with:
  Input AP/PA file: /Users/nagamatsulab/Desktop/BIDS/derivatives/topup_correction/sub-04/ses-baseline/run-01/func/sub-04_AP_PA_run-01.nii.gz
  Acquisition parameters file: /Users/nagamatsulab/Desktop/BIDS/derivatives/topup_correction/sub-04/ses-baseline/run-01/func/sub-04_acq_param_run-01.txt
  Output Topup file: /Users/nagamatsulab/Desktop/BIDS/derivatives/topup_correction/sub-04/ses-baseline/run-01/func/topup_results_run_01/topup_results
Topup completed. Corrected output: /Users/nagamatsulab/Desktop/BIDS/derivatives/topup_correction/sub-04/ses-baseline/run-01/func/topup_results_run_01/corrected_AP_PA_run01.nii.gz
Running applytopup with:
  Input functional file: /Users/nagamatsulab/Desktop/BIDS/derivatives/topup_correction/sub-04/ses-baseline/run-01/func/sub-04_ses-baseline_acq-AP_run-01.nii.gz
  Topup results file: /Users/nagamatsulab/Desktop/BIDS/derivatives/topup_correction/sub-04/ses-baseline/run-01/func/topup_results_run_01/topup_results
  Output corrected functional file: /Users/nagamatsulab/Desktop/BIDS/derivatives/topup_correction/sub-04/ses-baseline/run-01/func/topup_results_run_01/sub-04_corrected_task-assoc_memory_run-01_bold.nii.gz
Applytopup completed. Corrected file: /Users/nagamatsulab/Desktop/BIDS/derivatives/topup_correction/sub-04/ses-baseline/run-01/func/topup_results_run_01/sub-04_corrected_task-assoc_memory_run-01_bold.nii.gz
Processing subject sub-04, run 02
Output directory created at: /Users/nagamatsulab/Desktop/BIDS/derivatives/topup_correction/sub-04/ses-baseline/run-02/func/topup_results_run_02
Running topup with:
  Input AP/PA file: /Users/nagamatsulab/Desktop/BIDS/derivatives/topup_correction/sub-04/ses-baseline/run-02/func/sub-04_AP_PA_run-02.nii.gz
  Acquisition parameters file: /Users/nagamatsulab/Desktop/BIDS/derivatives/topup_correction/sub-04/ses-baseline/run-02/func/sub-04_acq_param_run-02.txt
  Output Topup file: /Users/nagamatsulab/Desktop/BIDS/derivatives/topup_correction/sub-04/ses-baseline/run-02/func/topup_results_run_02/topup_results
Topup completed. Corrected output: /Users/nagamatsulab/Desktop/BIDS/derivatives/topup_correction/sub-04/ses-baseline/run-02/func/topup_results_run_02/corrected_AP_PA_run02.nii.gz
Running applytopup with:
  Input functional file: /Users/nagamatsulab/Desktop/BIDS/derivatives/topup_correction/sub-04/ses-baseline/run-02/func/sub-04_ses-baseline_acq-AP_run-02.nii.gz
  Topup results file: /Users/nagamatsulab/Desktop/BIDS/derivatives/topup_correction/sub-04/ses-baseline/run-02/func/topup_results_run_02/topup_results
  Output corrected functional file: /Users/nagamatsulab/Desktop/BIDS/derivatives/topup_correction/sub-04/ses-baseline/run-02/func/topup_results_run_02/sub-04_corrected_task-assoc_memory_run-02_bold.nii.gz
Applytopup completed. Corrected file: /Users/nagamatsulab/Desktop/BIDS/derivatives/topup_correction/sub-04/ses-baseline/run-02/func/topup_results_run_02/sub-04_corrected_task-assoc_memory_run-02_bold.nii.gz
Processing subject sub-04, run 03
Output directory created at: /Users/nagamatsulab/Desktop/BIDS/derivatives/topup_correction/sub-04/ses-baseline/run-03/func/topup_results_run_03
Running topup with:
  Input AP/PA file: /Users/nagamatsulab/Desktop/BIDS/derivatives/topup_correction/sub-04/ses-baseline/run-03/func/sub-04_AP_PA_run-03.nii.gz
  Acquisition parameters file: /Users/nagamatsulab/Desktop/BIDS/derivatives/topup_correction/sub-04/ses-baseline/run-03/func/sub-04_acq_param_run-03.txt
  Output Topup file: /Users/nagamatsulab/Desktop/BIDS/derivatives/topup_correction/sub-04/ses-baseline/run-03/func/topup_results_run_03/topup_results
Topup completed. Corrected output: /Users/nagamatsulab/Desktop/BIDS/derivatives/topup_correction/sub-04/ses-baseline/run-03/func/topup_results_run_03/corrected_AP_PA_run03.nii.gz
Running applytopup with:
  Input functional file: /Users/nagamatsulab/Desktop/BIDS/derivatives/topup_correction/sub-04/ses-baseline/run-03/func/sub-04_ses-baseline_acq-AP_run-03.nii.gz
  Topup results file: /Users/nagamatsulab/Desktop/BIDS/derivatives/topup_correction/sub-04/ses-baseline/run-03/func/topup_results_run_03/topup_results
  Output corrected functional file: /Users/nagamatsulab/Desktop/BIDS/derivatives/topup_correction/sub-04/ses-baseline/run-03/func/topup_results_run_03/sub-04_corrected_task-assoc_memory_run-03_bold.nii.gz
Applytopup completed. Corrected file: /Users/nagamatsulab/Desktop/BIDS/derivatives/topup_correction/sub-04/ses-baseline/run-03/func/topup_results_run_03/sub-04_corrected_task-assoc_memory_run-03_bold.nii.gz
Processing subject sub-05, run 01
Output directory created at: /Users/nagamatsulab/Desktop/BIDS/derivatives/topup_correction/sub-05/ses-baseline/run-01/func/topup_results_run_01
Running topup with:
  Input AP/PA file: /Users/nagamatsulab/Desktop/BIDS/derivatives/topup_correction/sub-05/ses-baseline/run-01/func/sub-05_AP_PA_run-01.nii.gz
  Acquisition parameters file: /Users/nagamatsulab/Desktop/BIDS/derivatives/topup_correction/sub-05/ses-baseline/run-01/func/sub-05_acq_param_run-01.txt
  Output Topup file: /Users/nagamatsulab/Desktop/BIDS/derivatives/topup_correction/sub-05/ses-baseline/run-01/func/topup_results_run_01/topup_results
Topup completed. Corrected output: /Users/nagamatsulab/Desktop/BIDS/derivatives/topup_correction/sub-05/ses-baseline/run-01/func/topup_results_run_01/corrected_AP_PA_run01.nii.gz
Running applytopup with:
  Input functional file: /Users/nagamatsulab/Desktop/BIDS/derivatives/topup_correction/sub-05/ses-baseline/run-01/func/sub-05_ses-baseline_acq-AP_run-01.nii.gz
  Topup results file: /Users/nagamatsulab/Desktop/BIDS/derivatives/topup_correction/sub-05/ses-baseline/run-01/func/topup_results_run_01/topup_results
  Output corrected functional file: /Users/nagamatsulab/Desktop/BIDS/derivatives/topup_correction/sub-05/ses-baseline/run-01/func/topup_results_run_01/sub-05_corrected_task-assoc_memory_run-01_bold.nii.gz
Applytopup completed. Corrected file: /Users/nagamatsulab/Desktop/BIDS/derivatives/topup_correction/sub-05/ses-baseline/run-01/func/topup_results_run_01/sub-05_corrected_task-assoc_memory_run-01_bold.nii.gz
Processing subject sub-05, run 02
Output directory created at: /Users/nagamatsulab/Desktop/BIDS/derivatives/topup_correction/sub-05/ses-baseline/run-02/func/topup_results_run_02
Running topup with:
  Input AP/PA file: /Users/nagamatsulab/Desktop/BIDS/derivatives/topup_correction/sub-05/ses-baseline/run-02/func/sub-05_AP_PA_run-02.nii.gz
  Acquisition parameters file: /Users/nagamatsulab/Desktop/BIDS/derivatives/topup_correction/sub-05/ses-baseline/run-02/func/sub-05_acq_param_run-02.txt
  Output Topup file: /Users/nagamatsulab/Desktop/BIDS/derivatives/topup_correction/sub-05/ses-baseline/run-02/func/topup_results_run_02/topup_results
Topup completed. Corrected output: /Users/nagamatsulab/Desktop/BIDS/derivatives/topup_correction/sub-05/ses-baseline/run-02/func/topup_results_run_02/corrected_AP_PA_run02.nii.gz
Running applytopup with:
  Input functional file: /Users/nagamatsulab/Desktop/BIDS/derivatives/topup_correction/sub-05/ses-baseline/run-02/func/sub-05_ses-baseline_acq-AP_run-02.nii.gz
  Topup results file: /Users/nagamatsulab/Desktop/BIDS/derivatives/topup_correction/sub-05/ses-baseline/run-02/func/topup_results_run_02/topup_results
  Output corrected functional file: /Users/nagamatsulab/Desktop/BIDS/derivatives/topup_correction/sub-05/ses-baseline/run-02/func/topup_results_run_02/sub-05_corrected_task-assoc_memory_run-02_bold.nii.gz
Applytopup completed. Corrected file: /Users/nagamatsulab/Desktop/BIDS/derivatives/topup_correction/sub-05/ses-baseline/run-02/func/topup_results_run_02/sub-05_corrected_task-assoc_memory_run-02_bold.nii.gz
Processing subject sub-05, run 03
Output directory created at: /Users/nagamatsulab/Desktop/BIDS/derivatives/topup_correction/sub-05/ses-baseline/run-03/func/topup_results_run_03
Running topup with:
  Input AP/PA file: /Users/nagamatsulab/Desktop/BIDS/derivatives/topup_correction/sub-05/ses-baseline/run-03/func/sub-05_AP_PA_run-03.nii.gz
  Acquisition parameters file: /Users/nagamatsulab/Desktop/BIDS/derivatives/topup_correction/sub-05/ses-baseline/run-03/func/sub-05_acq_param_run-03.txt
  Output Topup file: /Users/nagamatsulab/Desktop/BIDS/derivatives/topup_correction/sub-05/ses-baseline/run-03/func/topup_results_run_03/topup_results
Topup completed. Corrected output: /Users/nagamatsulab/Desktop/BIDS/derivatives/topup_correction/sub-05/ses-baseline/run-03/func/topup_results_run_03/corrected_AP_PA_run03.nii.gz
Running applytopup with:
  Input functional file: /Users/nagamatsulab/Desktop/BIDS/derivatives/topup_correction/sub-05/ses-baseline/run-03/func/sub-05_ses-baseline_acq-AP_run-03.nii.gz
  Topup results file: /Users/nagamatsulab/Desktop/BIDS/derivatives/topup_correction/sub-05/ses-baseline/run-03/func/topup_results_run_03/topup_results
  Output corrected functional file: /Users/nagamatsulab/Desktop/BIDS/derivatives/topup_correction/sub-05/ses-baseline/run-03/func/topup_results_run_03/sub-05_corrected_task-assoc_memory_run-03_bold.nii.gz
Applytopup completed. Corrected file: /Users/nagamatsulab/Desktop/BIDS/derivatives/topup_correction/sub-05/ses-baseline/run-03/func/topup_results_run_03/sub-05_corrected_task-assoc_memory_run-03_bold.nii.gz
Processing subject sub-06, run 01
Output directory created at: /Users/nagamatsulab/Desktop/BIDS/derivatives/topup_correction/sub-06/ses-baseline/run-01/func/topup_results_run_01
Running topup with:
  Input AP/PA file: /Users/nagamatsulab/Desktop/BIDS/derivatives/topup_correction/sub-06/ses-baseline/run-01/func/sub-06_AP_PA_run-01.nii.gz
  Acquisition parameters file: /Users/nagamatsulab/Desktop/BIDS/derivatives/topup_correction/sub-06/ses-baseline/run-01/func/sub-06_acq_param_run-01.txt
  Output Topup file: /Users/nagamatsulab/Desktop/BIDS/derivatives/topup_correction/sub-06/ses-baseline/run-01/func/topup_results_run_01/topup_results
Topup completed. Corrected output: /Users/nagamatsulab/Desktop/BIDS/derivatives/topup_correction/sub-06/ses-baseline/run-01/func/topup_results_run_01/corrected_AP_PA_run01.nii.gz
Running applytopup with:
  Input functional file: /Users/nagamatsulab/Desktop/BIDS/derivatives/topup_correction/sub-06/ses-baseline/run-01/func/sub-06_ses-baseline_acq-AP_run-01.nii.gz
  Topup results file: /Users/nagamatsulab/Desktop/BIDS/derivatives/topup_correction/sub-06/ses-baseline/run-01/func/topup_results_run_01/topup_results
  Output corrected functional file: /Users/nagamatsulab/Desktop/BIDS/derivatives/topup_correction/sub-06/ses-baseline/run-01/func/topup_results_run_01/sub-06_corrected_task-assoc_memory_run-01_bold.nii.gz
Applytopup completed. Corrected file: /Users/nagamatsulab/Desktop/BIDS/derivatives/topup_correction/sub-06/ses-baseline/run-01/func/topup_results_run_01/sub-06_corrected_task-assoc_memory_run-01_bold.nii.gz
Processing subject sub-06, run 02
Output directory created at: /Users/nagamatsulab/Desktop/BIDS/derivatives/topup_correction/sub-06/ses-baseline/run-02/func/topup_results_run_02
Running topup with:
  Input AP/PA file: /Users/nagamatsulab/Desktop/BIDS/derivatives/topup_correction/sub-06/ses-baseline/run-02/func/sub-06_AP_PA_run-02.nii.gz
  Acquisition parameters file: /Users/nagamatsulab/Desktop/BIDS/derivatives/topup_correction/sub-06/ses-baseline/run-02/func/sub-06_acq_param_run-02.txt
  Output Topup file: /Users/nagamatsulab/Desktop/BIDS/derivatives/topup_correction/sub-06/ses-baseline/run-02/func/topup_results_run_02/topup_results
Topup completed. Corrected output: /Users/nagamatsulab/Desktop/BIDS/derivatives/topup_correction/sub-06/ses-baseline/run-02/func/topup_results_run_02/corrected_AP_PA_run02.nii.gz
Running applytopup with:
  Input functional file: /Users/nagamatsulab/Desktop/BIDS/derivatives/topup_correction/sub-06/ses-baseline/run-02/func/sub-06_ses-baseline_acq-AP_run-02.nii.gz
  Topup results file: /Users/nagamatsulab/Desktop/BIDS/derivatives/topup_correction/sub-06/ses-baseline/run-02/func/topup_results_run_02/topup_results
  Output corrected functional file: /Users/nagamatsulab/Desktop/BIDS/derivatives/topup_correction/sub-06/ses-baseline/run-02/func/topup_results_run_02/sub-06_corrected_task-assoc_memory_run-02_bold.nii.gz
Applytopup completed. Corrected file: /Users/nagamatsulab/Desktop/BIDS/derivatives/topup_correction/sub-06/ses-baseline/run-02/func/topup_results_run_02/sub-06_corrected_task-assoc_memory_run-02_bold.nii.gz
Processing subject sub-06, run 03
Output directory created at: /Users/nagamatsulab/Desktop/BIDS/derivatives/topup_correction/sub-06/ses-baseline/run-03/func/topup_results_run_03
Running topup with:
  Input AP/PA file: /Users/nagamatsulab/Desktop/BIDS/derivatives/topup_correction/sub-06/ses-baseline/run-03/func/sub-06_AP_PA_run-03.nii.gz
  Acquisition parameters file: /Users/nagamatsulab/Desktop/BIDS/derivatives/topup_correction/sub-06/ses-baseline/run-03/func/sub-06_acq_param_run-03.txt
  Output Topup file: /Users/nagamatsulab/Desktop/BIDS/derivatives/topup_correction/sub-06/ses-baseline/run-03/func/topup_results_run_03/topup_results
Topup completed. Corrected output: /Users/nagamatsulab/Desktop/BIDS/derivatives/topup_correction/sub-06/ses-baseline/run-03/func/topup_results_run_03/corrected_AP_PA_run03.nii.gz
Running applytopup with:
  Input functional file: /Users/nagamatsulab/Desktop/BIDS/derivatives/topup_correction/sub-06/ses-baseline/run-03/func/sub-06_ses-baseline_acq-AP_run-03.nii.gz
  Topup results file: /Users/nagamatsulab/Desktop/BIDS/derivatives/topup_correction/sub-06/ses-baseline/run-03/func/topup_results_run_03/topup_results
  Output corrected functional file: /Users/nagamatsulab/Desktop/BIDS/derivatives/topup_correction/sub-06/ses-baseline/run-03/func/topup_results_run_03/sub-06_corrected_task-assoc_memory_run-03_bold.nii.gz
Applytopup completed. Corrected file: /Users/nagamatsulab/Desktop/BIDS/derivatives/topup_correction/sub-06/ses-baseline/run-03/func/topup_results_run_03/sub-06_corrected_task-assoc_memory_run-03_bold.nii.gz
Processing subject sub-07, run 01
Output directory created at: /Users/nagamatsulab/Desktop/BIDS/derivatives/topup_correction/sub-07/ses-baseline/run-01/func/topup_results_run_01
Running topup with:
  Input AP/PA file: /Users/nagamatsulab/Desktop/BIDS/derivatives/topup_correction/sub-07/ses-baseline/run-01/func/sub-07_AP_PA_run-01.nii.gz
  Acquisition parameters file: /Users/nagamatsulab/Desktop/BIDS/derivatives/topup_correction/sub-07/ses-baseline/run-01/func/sub-07_acq_param_run-01.txt
  Output Topup file: /Users/nagamatsulab/Desktop/BIDS/derivatives/topup_correction/sub-07/ses-baseline/run-01/func/topup_results_run_01/topup_results
Topup completed. Corrected output: /Users/nagamatsulab/Desktop/BIDS/derivatives/topup_correction/sub-07/ses-baseline/run-01/func/topup_results_run_01/corrected_AP_PA_run01.nii.gz
Running applytopup with:
  Input functional file: /Users/nagamatsulab/Desktop/BIDS/derivatives/topup_correction/sub-07/ses-baseline/run-01/func/sub-07_ses-baseline_acq-AP_run-01.nii.gz
  Topup results file: /Users/nagamatsulab/Desktop/BIDS/derivatives/topup_correction/sub-07/ses-baseline/run-01/func/topup_results_run_01/topup_results
  Output corrected functional file: /Users/nagamatsulab/Desktop/BIDS/derivatives/topup_correction/sub-07/ses-baseline/run-01/func/topup_results_run_01/sub-07_corrected_task-assoc_memory_run-01_bold.nii.gz
Applytopup completed. Corrected file: /Users/nagamatsulab/Desktop/BIDS/derivatives/topup_correction/sub-07/ses-baseline/run-01/func/topup_results_run_01/sub-07_corrected_task-assoc_memory_run-01_bold.nii.gz
Processing subject sub-07, run 02
Output directory created at: /Users/nagamatsulab/Desktop/BIDS/derivatives/topup_correction/sub-07/ses-baseline/run-02/func/topup_results_run_02
Running topup with:
  Input AP/PA file: /Users/nagamatsulab/Desktop/BIDS/derivatives/topup_correction/sub-07/ses-baseline/run-02/func/sub-07_AP_PA_run-02.nii.gz
  Acquisition parameters file: /Users/nagamatsulab/Desktop/BIDS/derivatives/topup_correction/sub-07/ses-baseline/run-02/func/sub-07_acq_param_run-02.txt
  Output Topup file: /Users/nagamatsulab/Desktop/BIDS/derivatives/topup_correction/sub-07/ses-baseline/run-02/func/topup_results_run_02/topup_results
Topup completed. Corrected output: /Users/nagamatsulab/Desktop/BIDS/derivatives/topup_correction/sub-07/ses-baseline/run-02/func/topup_results_run_02/corrected_AP_PA_run02.nii.gz
Running applytopup with:
  Input functional file: /Users/nagamatsulab/Desktop/BIDS/derivatives/topup_correction/sub-07/ses-baseline/run-02/func/sub-07_ses-baseline_acq-AP_run-02.nii.gz
  Topup results file: /Users/nagamatsulab/Desktop/BIDS/derivatives/topup_correction/sub-07/ses-baseline/run-02/func/topup_results_run_02/topup_results
  Output corrected functional file: /Users/nagamatsulab/Desktop/BIDS/derivatives/topup_correction/sub-07/ses-baseline/run-02/func/topup_results_run_02/sub-07_corrected_task-assoc_memory_run-02_bold.nii.gz
Applytopup completed. Corrected file: /Users/nagamatsulab/Desktop/BIDS/derivatives/topup_correction/sub-07/ses-baseline/run-02/func/topup_results_run_02/sub-07_corrected_task-assoc_memory_run-02_bold.nii.gz
Processing subject sub-07, run 03
Output directory created at: /Users/nagamatsulab/Desktop/BIDS/derivatives/topup_correction/sub-07/ses-baseline/run-03/func/topup_results_run_03
Running topup with:
  Input AP/PA file: /Users/nagamatsulab/Desktop/BIDS/derivatives/topup_correction/sub-07/ses-baseline/run-03/func/sub-07_AP_PA_run-03.nii.gz
  Acquisition parameters file: /Users/nagamatsulab/Desktop/BIDS/derivatives/topup_correction/sub-07/ses-baseline/run-03/func/sub-07_acq_param_run-03.txt
  Output Topup file: /Users/nagamatsulab/Desktop/BIDS/derivatives/topup_correction/sub-07/ses-baseline/run-03/func/topup_results_run_03/topup_results
Topup completed. Corrected output: /Users/nagamatsulab/Desktop/BIDS/derivatives/topup_correction/sub-07/ses-baseline/run-03/func/topup_results_run_03/corrected_AP_PA_run03.nii.gz
Running applytopup with:
  Input functional file: /Users/nagamatsulab/Desktop/BIDS/derivatives/topup_correction/sub-07/ses-baseline/run-03/func/sub-07_ses-baseline_acq-AP_run-03.nii.gz
  Topup results file: /Users/nagamatsulab/Desktop/BIDS/derivatives/topup_correction/sub-07/ses-baseline/run-03/func/topup_results_run_03/topup_results
  Output corrected functional file: /Users/nagamatsulab/Desktop/BIDS/derivatives/topup_correction/sub-07/ses-baseline/run-03/func/topup_results_run_03/sub-07_corrected_task-assoc_memory_run-03_bold.nii.gz
Applytopup completed. Corrected file: /Users/nagamatsulab/Desktop/BIDS/derivatives/topup_correction/sub-07/ses-baseline/run-03/func/topup_results_run_03/sub-07_corrected_task-assoc_memory_run-03_bold.nii.gz
