Starting script...
Processing subject: sub-03
Processing run: 01
Successfully copied reg folder from /Users/nagamatsulab/Desktop/BIDS/derivatives/ICA_AROMA/sub-03/feat_preproc/ses-baseline/sub-03_corrected_task-assoc_memory_run-01_preproc.feat/reg to /Users/nagamatsulab/Desktop/BIDS/derivatives/ICA_AROMA/sub-03/feat_stats/ses-baseline/denoised_task-assoc_memory_run-01.feat
Processing run: 02
Successfully copied reg folder from /Users/nagamatsulab/Desktop/BIDS/derivatives/ICA_AROMA/sub-03/feat_preproc/ses-baseline/sub-03_corrected_task-assoc_memory_run-02_preproc.feat/reg to /Users/nagamatsulab/Desktop/BIDS/derivatives/ICA_AROMA/sub-03/feat_stats/ses-baseline/denoised_task-assoc_memory_run-02.feat
Processing run: 03
Successfully copied reg folder from /Users/nagamatsulab/Desktop/BIDS/derivatives/ICA_AROMA/sub-03/feat_preproc/ses-baseline/sub-03_corrected_task-assoc_memory_run-03_preproc.feat/reg to /Users/nagamatsulab/Desktop/BIDS/derivatives/ICA_AROMA/sub-03/feat_stats/ses-baseline/denoised_task-assoc_memory_run-03.feat
Processing subject: sub-04
Processing run: 01
Successfully copied reg folder from /Users/nagamatsulab/Desktop/BIDS/derivatives/ICA_AROMA/sub-04/feat_preproc/ses-baseline/sub-04_corrected_task-assoc_memory_run-01_preproc.feat/reg to /Users/nagamatsulab/Desktop/BIDS/derivatives/ICA_AROMA/sub-04/feat_stats/ses-baseline/denoised_task-assoc_memory_run-01.feat
Processing run: 02
Successfully copied reg folder from /Users/nagamatsulab/Desktop/BIDS/derivatives/ICA_AROMA/sub-04/feat_preproc/ses-baseline/sub-04_corrected_task-assoc_memory_run-02_preproc.feat/reg to /Users/nagamatsulab/Desktop/BIDS/derivatives/ICA_AROMA/sub-04/feat_stats/ses-baseline/denoised_task-assoc_memory_run-02.feat
Processing run: 03
Successfully copied reg folder from /Users/nagamatsulab/Desktop/BIDS/derivatives/ICA_AROMA/sub-04/feat_preproc/ses-baseline/sub-04_corrected_task-assoc_memory_run-03_preproc.feat/reg to /Users/nagamatsulab/Desktop/BIDS/derivatives/ICA_AROMA/sub-04/feat_stats/ses-baseline/denoised_task-assoc_memory_run-03.feat
Processing subject: sub-05
Processing run: 01
Successfully copied reg folder from /Users/nagamatsulab/Desktop/BIDS/derivatives/ICA_AROMA/sub-05/feat_preproc/ses-baseline/sub-05_corrected_task-assoc_memory_run-01_preproc.feat/reg to /Users/nagamatsulab/Desktop/BIDS/derivatives/ICA_AROMA/sub-05/feat_stats/ses-baseline/denoised_task-assoc_memory_run-01.feat
Processing run: 02
Successfully copied reg folder from /Users/nagamatsulab/Desktop/BIDS/derivatives/ICA_AROMA/sub-05/feat_preproc/ses-baseline/sub-05_corrected_task-assoc_memory_run-02_preproc.feat/reg to /Users/nagamatsulab/Desktop/BIDS/derivatives/ICA_AROMA/sub-05/feat_stats/ses-baseline/denoised_task-assoc_memory_run-02.feat
Processing run: 03
Successfully copied reg folder from /Users/nagamatsulab/Desktop/BIDS/derivatives/ICA_AROMA/sub-05/feat_preproc/ses-baseline/sub-05_corrected_task-assoc_memory_run-03_preproc.feat/reg to /Users/nagamatsulab/Desktop/BIDS/derivatives/ICA_AROMA/sub-05/feat_stats/ses-baseline/denoised_task-assoc_memory_run-03.feat
Processing subject: sub-06
Processing run: 01
Successfully copied reg folder from /Users/nagamatsulab/Desktop/BIDS/derivatives/ICA_AROMA/sub-06/feat_preproc/ses-baseline/sub-06_corrected_task-assoc_memory_run-01_preproc.feat/reg to /Users/nagamatsulab/Desktop/BIDS/derivatives/ICA_AROMA/sub-06/feat_stats/ses-baseline/denoised_task-assoc_memory_run-01.feat
Processing run: 02
Successfully copied reg folder from /Users/nagamatsulab/Desktop/BIDS/derivatives/ICA_AROMA/sub-06/feat_preproc/ses-baseline/sub-06_corrected_task-assoc_memory_run-02_preproc.feat/reg to /Users/nagamatsulab/Desktop/BIDS/derivatives/ICA_AROMA/sub-06/feat_stats/ses-baseline/denoised_task-assoc_memory_run-02.feat
Processing run: 03
Successfully copied reg folder from /Users/nagamatsulab/Desktop/BIDS/derivatives/ICA_AROMA/sub-06/feat_preproc/ses-baseline/sub-06_corrected_task-assoc_memory_run-03_preproc.feat/reg to /Users/nagamatsulab/Desktop/BIDS/derivatives/ICA_AROMA/sub-06/feat_stats/ses-baseline/denoised_task-assoc_memory_run-03.feat
Processing subject: sub-07
Processing run: 01
Successfully copied reg folder from /Users/nagamatsulab/Desktop/BIDS/derivatives/ICA_AROMA/sub-07/feat_preproc/ses-baseline/sub-07_corrected_task-assoc_memory_run-01_preproc.feat/reg to /Users/nagamatsulab/Desktop/BIDS/derivatives/ICA_AROMA/sub-07/feat_stats/ses-baseline/denoised_task-assoc_memory_run-01.feat
Processing run: 02
Successfully copied reg folder from /Users/nagamatsulab/Desktop/BIDS/derivatives/ICA_AROMA/sub-07/feat_preproc/ses-baseline/sub-07_corrected_task-assoc_memory_run-02_preproc.feat/reg to /Users/nagamatsulab/Desktop/BIDS/derivatives/ICA_AROMA/sub-07/feat_stats/ses-baseline/denoised_task-assoc_memory_run-02.feat
Processing run: 03
Successfully copied reg folder from /Users/nagamatsulab/Desktop/BIDS/derivatives/ICA_AROMA/sub-07/feat_preproc/ses-baseline/sub-07_corrected_task-assoc_memory_run-03_preproc.feat/reg to /Users/nagamatsulab/Desktop/BIDS/derivatives/ICA_AROMA/sub-07/feat_stats/ses-baseline/denoised_task-assoc_memory_run-03.feat
Script execution completed.
