Processing Subject: sub-01, Run: 01
Input 4D Data: /Volumes/T7_Shield/BIDS/derivatives/feat_fieldmap/Assoc_Memory_1st-Level/sub-01/ses-baseline/func/sub-01_corrected_task-assoc_memory_run-01_bold
High Res File: /Volumes/T7_Shield/BIDS/derivatives/feat_fieldmap/Assoc_Memory_1st-Level/sub-01/ses-baseline/anat/sub-01_T1w_brain
Output Directory: /Volumes/T7_Shield/BIDS/derivatives/feat_fieldmap/Assoc_Memory_1st-Levelsub-01/ses-baseline/run-01
child process exited abnormally
    while executing
"fsl:exec "${FSLDIR}/bin/feat_model design" $fmri(featModelOpts) -N feat0_model -l logs "
    (procedure "firstLevelMaster" line 43)
    invoked from within
"firstLevelMaster $session"
    invoked from within
"if { $done_something == 0 } {

    if { ! $fmri(inmelodic) } {
       if { $fmri(level) == 1 } {
	      for { set session 1 } { $session <= $fmri(mult..."
    (file "/Users/raphaelgabiazon/fsl/bin/feat" line 390)
Processing Subject: sub-01, Run: 02
Input 4D Data: /Volumes/T7_Shield/BIDS/derivatives/feat_fieldmap/Assoc_Memory_1st-Level/sub-01/ses-baseline/func/sub-01_corrected_task-assoc_memory_run-02_bold
High Res File: /Volumes/T7_Shield/BIDS/derivatives/feat_fieldmap/Assoc_Memory_1st-Level/sub-01/ses-baseline/anat/sub-01_T1w_brain
Output Directory: /Volumes/T7_Shield/BIDS/derivatives/feat_fieldmap/Assoc_Memory_1st-Levelsub-01/ses-baseline/run-02
child process exited abnormally
    while executing
"fsl:exec "${FSLDIR}/bin/feat_model design" $fmri(featModelOpts) -N feat0_model -l logs "
    (procedure "firstLevelMaster" line 43)
    invoked from within
"firstLevelMaster $session"
    invoked from within
"if { $done_something == 0 } {

    if { ! $fmri(inmelodic) } {
       if { $fmri(level) == 1 } {
	      for { set session 1 } { $session <= $fmri(mult..."
    (file "/Users/raphaelgabiazon/fsl/bin/feat" line 390)
Processing Subject: sub-01, Run: 03
Input 4D Data: /Volumes/T7_Shield/BIDS/derivatives/feat_fieldmap/Assoc_Memory_1st-Level/sub-01/ses-baseline/func/sub-01_corrected_task-assoc_memory_run-03_bold
High Res File: /Volumes/T7_Shield/BIDS/derivatives/feat_fieldmap/Assoc_Memory_1st-Level/sub-01/ses-baseline/anat/sub-01_T1w_brain
Output Directory: /Volumes/T7_Shield/BIDS/derivatives/feat_fieldmap/Assoc_Memory_1st-Levelsub-01/ses-baseline/run-03
child process exited abnormally
    while executing
"fsl:exec "${FSLDIR}/bin/feat_model design" $fmri(featModelOpts) -N feat0_model -l logs "
    (procedure "firstLevelMaster" line 43)
    invoked from within
"firstLevelMaster $session"
    invoked from within
"if { $done_something == 0 } {

    if { ! $fmri(inmelodic) } {
       if { $fmri(level) == 1 } {
	      for { set session 1 } { $session <= $fmri(mult..."
    (file "/Users/raphaelgabiazon/fsl/bin/feat" line 390)
