Log file created at /Users/nagamatsulab/Desktop/BIDS/code/logs/ses-baseline_create_tsv_files.sh_2024-07-06_12-43-01.log
Processing face for run 1 of sub-26...
Using encoding file: /Users/nagamatsulab/Desktop/BIDS/sourcedata/custom_txt/sub-26/ses-baseline/encoding_response_data_face_run1_P026_baseline.txt
Using recognition file: /Users/nagamatsulab/Desktop/BIDS/sourcedata/custom_txt/sub-26/ses-baseline/recog_response_data_face_run1_P026_baseline.txt
Processing place for run 1 of sub-26...
Using encoding file: /Users/nagamatsulab/Desktop/BIDS/sourcedata/custom_txt/sub-26/ses-baseline/encoding_response_data_place_run1_P026_baseline.txt
Using recognition file: /Users/nagamatsulab/Desktop/BIDS/sourcedata/custom_txt/sub-26/ses-baseline/recog_response_data_place_run1_P026_baseline.txt
Processing pair for run 1 of sub-26...
Using encoding file: /Users/nagamatsulab/Desktop/BIDS/sourcedata/custom_txt/sub-26/ses-baseline/encoding_response_data_pair_run1_P026_baseline.txt
Using recognition file: /Users/nagamatsulab/Desktop/BIDS/sourcedata/custom_txt/sub-26/ses-baseline/recog_response_data_pair_run1_P026_baseline.txt
Created combined TSV for run 1 of sub-26: /Users/nagamatsulab/Desktop/BIDS/BIDS_dataset/sub-26/ses-baseline/func/sub-26_ses-baseline_task-assoc_memory_run-01_events.tsv
Processing face for run 2 of sub-26...
Using encoding file: /Users/nagamatsulab/Desktop/BIDS/sourcedata/custom_txt/sub-26/ses-baseline/encoding_response_data_face_run2_P026_baseline.txt
Using recognition file: /Users/nagamatsulab/Desktop/BIDS/sourcedata/custom_txt/sub-26/ses-baseline/recog_response_data_face_run2_P026_baseline.txt
Processing place for run 2 of sub-26...
Using encoding file: /Users/nagamatsulab/Desktop/BIDS/sourcedata/custom_txt/sub-26/ses-baseline/encoding_response_data_place_run2_P026_baseline.txt
Using recognition file: /Users/nagamatsulab/Desktop/BIDS/sourcedata/custom_txt/sub-26/ses-baseline/recog_response_data_place_run2_P026_baseline.txt
Processing pair for run 2 of sub-26...
Using encoding file: /Users/nagamatsulab/Desktop/BIDS/sourcedata/custom_txt/sub-26/ses-baseline/encoding_response_data_pair_run2_P026_baseline.txt
Using recognition file: /Users/nagamatsulab/Desktop/BIDS/sourcedata/custom_txt/sub-26/ses-baseline/recog_response_data_pair_run2_P026_baseline.txt
Created combined TSV for run 2 of sub-26: /Users/nagamatsulab/Desktop/BIDS/BIDS_dataset/sub-26/ses-baseline/func/sub-26_ses-baseline_task-assoc_memory_run-02_events.tsv
Processing face for run 3 of sub-26...
Using encoding file: /Users/nagamatsulab/Desktop/BIDS/sourcedata/custom_txt/sub-26/ses-baseline/encoding_response_data_face_run3_P026_baseline.txt
Using recognition file: /Users/nagamatsulab/Desktop/BIDS/sourcedata/custom_txt/sub-26/ses-baseline/recog_response_data_face_run3_P026_baseline.txt
Processing place for run 3 of sub-26...
Using encoding file: /Users/nagamatsulab/Desktop/BIDS/sourcedata/custom_txt/sub-26/ses-baseline/encoding_response_data_place_run3_P026_baseline.txt
Using recognition file: /Users/nagamatsulab/Desktop/BIDS/sourcedata/custom_txt/sub-26/ses-baseline/recog_response_data_place_run3_P026_baseline.txt
Processing pair for run 3 of sub-26...
Using encoding file: /Users/nagamatsulab/Desktop/BIDS/sourcedata/custom_txt/sub-26/ses-baseline/encoding_response_data_pair_run3_P026_baseline.txt
Using recognition file: /Users/nagamatsulab/Desktop/BIDS/sourcedata/custom_txt/sub-26/ses-baseline/recog_response_data_pair_run3_P026_baseline.txt
Created combined TSV for run 3 of sub-26: /Users/nagamatsulab/Desktop/BIDS/BIDS_dataset/sub-26/ses-baseline/func/sub-26_ses-baseline_task-assoc_memory_run-03_events.tsv
All specified TSV files created and moved to /Users/nagamatsulab/Desktop/BIDS/BIDS_dataset/sub-26/ses-baseline/func for sub-26
