Starting script...
Processing subject: sub-08
Processing run: 01
Successfully copied reg folder from /Users/nagamatsulab/Desktop/BIDS/derivatives/ICA_AROMA/sub-08/feat_preproc/ses-baseline/sub-08_corrected_task-assoc_memory_run-01_preproc.feat/reg to /Users/nagamatsulab/Desktop/BIDS/derivatives/ICA_AROMA/sub-08/feat_stats/ses-baseline/denoised_task-assoc_memory_run-01.feat
Processing run: 02
Successfully copied reg folder from /Users/nagamatsulab/Desktop/BIDS/derivatives/ICA_AROMA/sub-08/feat_preproc/ses-baseline/sub-08_corrected_task-assoc_memory_run-02_preproc.feat/reg to /Users/nagamatsulab/Desktop/BIDS/derivatives/ICA_AROMA/sub-08/feat_stats/ses-baseline/denoised_task-assoc_memory_run-02.feat
Processing run: 03
Successfully copied reg folder from /Users/nagamatsulab/Desktop/BIDS/derivatives/ICA_AROMA/sub-08/feat_preproc/ses-baseline/sub-08_corrected_task-assoc_memory_run-03_preproc.feat/reg to /Users/nagamatsulab/Desktop/BIDS/derivatives/ICA_AROMA/sub-08/feat_stats/ses-baseline/denoised_task-assoc_memory_run-03.feat
Processing subject: sub-09
Processing run: 01
Successfully copied reg folder from /Users/nagamatsulab/Desktop/BIDS/derivatives/ICA_AROMA/sub-09/feat_preproc/ses-baseline/sub-09_corrected_task-assoc_memory_run-01_preproc.feat/reg to /Users/nagamatsulab/Desktop/BIDS/derivatives/ICA_AROMA/sub-09/feat_stats/ses-baseline/denoised_task-assoc_memory_run-01.feat
Processing run: 02
Successfully copied reg folder from /Users/nagamatsulab/Desktop/BIDS/derivatives/ICA_AROMA/sub-09/feat_preproc/ses-baseline/sub-09_corrected_task-assoc_memory_run-02_preproc.feat/reg to /Users/nagamatsulab/Desktop/BIDS/derivatives/ICA_AROMA/sub-09/feat_stats/ses-baseline/denoised_task-assoc_memory_run-02.feat
Processing run: 03
Successfully copied reg folder from /Users/nagamatsulab/Desktop/BIDS/derivatives/ICA_AROMA/sub-09/feat_preproc/ses-baseline/sub-09_corrected_task-assoc_memory_run-03_preproc.feat/reg to /Users/nagamatsulab/Desktop/BIDS/derivatives/ICA_AROMA/sub-09/feat_stats/ses-baseline/denoised_task-assoc_memory_run-03.feat
Processing subject: sub-10
Processing run: 01
Successfully copied reg folder from /Users/nagamatsulab/Desktop/BIDS/derivatives/ICA_AROMA/sub-10/feat_preproc/ses-baseline/sub-10_corrected_task-assoc_memory_run-01_preproc.feat/reg to /Users/nagamatsulab/Desktop/BIDS/derivatives/ICA_AROMA/sub-10/feat_stats/ses-baseline/denoised_task-assoc_memory_run-01.feat
Processing run: 02
Successfully copied reg folder from /Users/nagamatsulab/Desktop/BIDS/derivatives/ICA_AROMA/sub-10/feat_preproc/ses-baseline/sub-10_corrected_task-assoc_memory_run-02_preproc.feat/reg to /Users/nagamatsulab/Desktop/BIDS/derivatives/ICA_AROMA/sub-10/feat_stats/ses-baseline/denoised_task-assoc_memory_run-02.feat
Processing run: 03
Successfully copied reg folder from /Users/nagamatsulab/Desktop/BIDS/derivatives/ICA_AROMA/sub-10/feat_preproc/ses-baseline/sub-10_corrected_task-assoc_memory_run-03_preproc.feat/reg to /Users/nagamatsulab/Desktop/BIDS/derivatives/ICA_AROMA/sub-10/feat_stats/ses-baseline/denoised_task-assoc_memory_run-03.feat
Processing subject: sub-13
Processing run: 01
Successfully copied reg folder from /Users/nagamatsulab/Desktop/BIDS/derivatives/ICA_AROMA/sub-13/feat_preproc/ses-baseline/sub-13_corrected_task-assoc_memory_run-01_preproc.feat/reg to /Users/nagamatsulab/Desktop/BIDS/derivatives/ICA_AROMA/sub-13/feat_stats/ses-baseline/denoised_task-assoc_memory_run-01.feat
Processing run: 02
Successfully copied reg folder from /Users/nagamatsulab/Desktop/BIDS/derivatives/ICA_AROMA/sub-13/feat_preproc/ses-baseline/sub-13_corrected_task-assoc_memory_run-02_preproc.feat/reg to /Users/nagamatsulab/Desktop/BIDS/derivatives/ICA_AROMA/sub-13/feat_stats/ses-baseline/denoised_task-assoc_memory_run-02.feat
Processing run: 03
Successfully copied reg folder from /Users/nagamatsulab/Desktop/BIDS/derivatives/ICA_AROMA/sub-13/feat_preproc/ses-baseline/sub-13_corrected_task-assoc_memory_run-03_preproc.feat/reg to /Users/nagamatsulab/Desktop/BIDS/derivatives/ICA_AROMA/sub-13/feat_stats/ses-baseline/denoised_task-assoc_memory_run-03.feat
Processing subject: sub-14
Processing run: 01
Successfully copied reg folder from /Users/nagamatsulab/Desktop/BIDS/derivatives/ICA_AROMA/sub-14/feat_preproc/ses-baseline/sub-14_corrected_task-assoc_memory_run-01_preproc.feat/reg to /Users/nagamatsulab/Desktop/BIDS/derivatives/ICA_AROMA/sub-14/feat_stats/ses-baseline/denoised_task-assoc_memory_run-01.feat
Processing run: 02
Successfully copied reg folder from /Users/nagamatsulab/Desktop/BIDS/derivatives/ICA_AROMA/sub-14/feat_preproc/ses-baseline/sub-14_corrected_task-assoc_memory_run-02_preproc.feat/reg to /Users/nagamatsulab/Desktop/BIDS/derivatives/ICA_AROMA/sub-14/feat_stats/ses-baseline/denoised_task-assoc_memory_run-02.feat
Processing run: 03
Successfully copied reg folder from /Users/nagamatsulab/Desktop/BIDS/derivatives/ICA_AROMA/sub-14/feat_preproc/ses-baseline/sub-14_corrected_task-assoc_memory_run-03_preproc.feat/reg to /Users/nagamatsulab/Desktop/BIDS/derivatives/ICA_AROMA/sub-14/feat_stats/ses-baseline/denoised_task-assoc_memory_run-03.feat
Script execution completed.
