Processing sub-02...
Processing sub-02_ses-baseline_task-assoc_memory_run-01_events.tsv for run-01...
Created file: /Users/nagamatsulab/Desktop/BIDS/derivatives/feat/fsl_custom_events/sub-02/ses-baseline/sub-02_ses-baseline_task-assoc_memory_encoding_pair_run-01.txt
Created file: /Users/nagamatsulab/Desktop/BIDS/derivatives/feat/fsl_custom_events/sub-02/ses-baseline/sub-02_ses-baseline_task-assoc_memory_recog_pair_run-01.txt
Created file: /Users/nagamatsulab/Desktop/BIDS/derivatives/feat/fsl_custom_events/sub-02/ses-baseline/sub-02_ses-baseline_task-assoc_memory_encoding_place_run-01.txt
Created file: /Users/nagamatsulab/Desktop/BIDS/derivatives/feat/fsl_custom_events/sub-02/ses-baseline/sub-02_ses-baseline_task-assoc_memory_recog_place_run-01.txt
Created file: /Users/nagamatsulab/Desktop/BIDS/derivatives/feat/fsl_custom_events/sub-02/ses-baseline/sub-02_ses-baseline_task-assoc_memory_encoding_face_run-01.txt
Created file: /Users/nagamatsulab/Desktop/BIDS/derivatives/feat/fsl_custom_events/sub-02/ses-baseline/sub-02_ses-baseline_task-assoc_memory_recog_face_run-01.txt
Processing sub-02_ses-baseline_task-assoc_memory_run-02_events.tsv for run-02...
Created file: /Users/nagamatsulab/Desktop/BIDS/derivatives/feat/fsl_custom_events/sub-02/ses-baseline/sub-02_ses-baseline_task-assoc_memory_encoding_pair_run-02.txt
Created file: /Users/nagamatsulab/Desktop/BIDS/derivatives/feat/fsl_custom_events/sub-02/ses-baseline/sub-02_ses-baseline_task-assoc_memory_recog_pair_run-02.txt
Created file: /Users/nagamatsulab/Desktop/BIDS/derivatives/feat/fsl_custom_events/sub-02/ses-baseline/sub-02_ses-baseline_task-assoc_memory_encoding_place_run-02.txt
Created file: /Users/nagamatsulab/Desktop/BIDS/derivatives/feat/fsl_custom_events/sub-02/ses-baseline/sub-02_ses-baseline_task-assoc_memory_recog_place_run-02.txt
Created file: /Users/nagamatsulab/Desktop/BIDS/derivatives/feat/fsl_custom_events/sub-02/ses-baseline/sub-02_ses-baseline_task-assoc_memory_encoding_face_run-02.txt
Created file: /Users/nagamatsulab/Desktop/BIDS/derivatives/feat/fsl_custom_events/sub-02/ses-baseline/sub-02_ses-baseline_task-assoc_memory_recog_face_run-02.txt
Processing sub-02_ses-baseline_task-assoc_memory_run-03_events.tsv for run-03...
Created file: /Users/nagamatsulab/Desktop/BIDS/derivatives/feat/fsl_custom_events/sub-02/ses-baseline/sub-02_ses-baseline_task-assoc_memory_encoding_pair_run-03.txt
Created file: /Users/nagamatsulab/Desktop/BIDS/derivatives/feat/fsl_custom_events/sub-02/ses-baseline/sub-02_ses-baseline_task-assoc_memory_recog_pair_run-03.txt
Created file: /Users/nagamatsulab/Desktop/BIDS/derivatives/feat/fsl_custom_events/sub-02/ses-baseline/sub-02_ses-baseline_task-assoc_memory_encoding_place_run-03.txt
Created file: /Users/nagamatsulab/Desktop/BIDS/derivatives/feat/fsl_custom_events/sub-02/ses-baseline/sub-02_ses-baseline_task-assoc_memory_recog_place_run-03.txt
Created file: /Users/nagamatsulab/Desktop/BIDS/derivatives/feat/fsl_custom_events/sub-02/ses-baseline/sub-02_ses-baseline_task-assoc_memory_encoding_face_run-03.txt
Created file: /Users/nagamatsulab/Desktop/BIDS/derivatives/feat/fsl_custom_events/sub-02/ses-baseline/sub-02_ses-baseline_task-assoc_memory_recog_face_run-03.txt
T1-weighted file 'sub-02_T1w.nii.gz' copied to /Users/nagamatsulab/Desktop/BIDS/derivatives/feat/Assoc_Memory_1st-Level/sub-02/ses-baseline/anat
BOLD file 'sub-02_task-assoc_memory_run-01_bold.nii.gz' copied to /Users/nagamatsulab/Desktop/BIDS/derivatives/feat/Assoc_Memory_1st-Level/sub-02/ses-baseline/func
BOLD file 'sub-02_task-assoc_memory_run-02_bold.nii.gz' copied to /Users/nagamatsulab/Desktop/BIDS/derivatives/feat/Assoc_Memory_1st-Level/sub-02/ses-baseline/func
BOLD file 'sub-02_task-assoc_memory_run-03_bold.nii.gz' copied to /Users/nagamatsulab/Desktop/BIDS/derivatives/feat/Assoc_Memory_1st-Level/sub-02/ses-baseline/func
Processing sub-03...
Processing sub-03_ses-baseline_task-assoc_memory_run-01_events.tsv for run-01...
Created file: /Users/nagamatsulab/Desktop/BIDS/derivatives/feat/fsl_custom_events/sub-03/ses-baseline/sub-03_ses-baseline_task-assoc_memory_encoding_pair_run-01.txt
Created file: /Users/nagamatsulab/Desktop/BIDS/derivatives/feat/fsl_custom_events/sub-03/ses-baseline/sub-03_ses-baseline_task-assoc_memory_recog_pair_run-01.txt
Created file: /Users/nagamatsulab/Desktop/BIDS/derivatives/feat/fsl_custom_events/sub-03/ses-baseline/sub-03_ses-baseline_task-assoc_memory_encoding_place_run-01.txt
Created file: /Users/nagamatsulab/Desktop/BIDS/derivatives/feat/fsl_custom_events/sub-03/ses-baseline/sub-03_ses-baseline_task-assoc_memory_recog_place_run-01.txt
Created file: /Users/nagamatsulab/Desktop/BIDS/derivatives/feat/fsl_custom_events/sub-03/ses-baseline/sub-03_ses-baseline_task-assoc_memory_encoding_face_run-01.txt
Created file: /Users/nagamatsulab/Desktop/BIDS/derivatives/feat/fsl_custom_events/sub-03/ses-baseline/sub-03_ses-baseline_task-assoc_memory_recog_face_run-01.txt
Processing sub-03_ses-baseline_task-assoc_memory_run-02_events.tsv for run-02...
Created file: /Users/nagamatsulab/Desktop/BIDS/derivatives/feat/fsl_custom_events/sub-03/ses-baseline/sub-03_ses-baseline_task-assoc_memory_encoding_pair_run-02.txt
Created file: /Users/nagamatsulab/Desktop/BIDS/derivatives/feat/fsl_custom_events/sub-03/ses-baseline/sub-03_ses-baseline_task-assoc_memory_recog_pair_run-02.txt
Created file: /Users/nagamatsulab/Desktop/BIDS/derivatives/feat/fsl_custom_events/sub-03/ses-baseline/sub-03_ses-baseline_task-assoc_memory_encoding_place_run-02.txt
Created file: /Users/nagamatsulab/Desktop/BIDS/derivatives/feat/fsl_custom_events/sub-03/ses-baseline/sub-03_ses-baseline_task-assoc_memory_recog_place_run-02.txt
Created file: /Users/nagamatsulab/Desktop/BIDS/derivatives/feat/fsl_custom_events/sub-03/ses-baseline/sub-03_ses-baseline_task-assoc_memory_encoding_face_run-02.txt
Created file: /Users/nagamatsulab/Desktop/BIDS/derivatives/feat/fsl_custom_events/sub-03/ses-baseline/sub-03_ses-baseline_task-assoc_memory_recog_face_run-02.txt
Processing sub-03_ses-baseline_task-assoc_memory_run-03_events.tsv for run-03...
Created file: /Users/nagamatsulab/Desktop/BIDS/derivatives/feat/fsl_custom_events/sub-03/ses-baseline/sub-03_ses-baseline_task-assoc_memory_encoding_pair_run-03.txt
Created file: /Users/nagamatsulab/Desktop/BIDS/derivatives/feat/fsl_custom_events/sub-03/ses-baseline/sub-03_ses-baseline_task-assoc_memory_recog_pair_run-03.txt
Created file: /Users/nagamatsulab/Desktop/BIDS/derivatives/feat/fsl_custom_events/sub-03/ses-baseline/sub-03_ses-baseline_task-assoc_memory_encoding_place_run-03.txt
Created file: /Users/nagamatsulab/Desktop/BIDS/derivatives/feat/fsl_custom_events/sub-03/ses-baseline/sub-03_ses-baseline_task-assoc_memory_recog_place_run-03.txt
Created file: /Users/nagamatsulab/Desktop/BIDS/derivatives/feat/fsl_custom_events/sub-03/ses-baseline/sub-03_ses-baseline_task-assoc_memory_encoding_face_run-03.txt
Created file: /Users/nagamatsulab/Desktop/BIDS/derivatives/feat/fsl_custom_events/sub-03/ses-baseline/sub-03_ses-baseline_task-assoc_memory_recog_face_run-03.txt
T1-weighted file 'sub-03_T1w.nii.gz' copied to /Users/nagamatsulab/Desktop/BIDS/derivatives/feat/Assoc_Memory_1st-Level/sub-03/ses-baseline/anat
BOLD file 'sub-03_task-assoc_memory_run-01_bold.nii.gz' copied to /Users/nagamatsulab/Desktop/BIDS/derivatives/feat/Assoc_Memory_1st-Level/sub-03/ses-baseline/func
BOLD file 'sub-03_task-assoc_memory_run-02_bold.nii.gz' copied to /Users/nagamatsulab/Desktop/BIDS/derivatives/feat/Assoc_Memory_1st-Level/sub-03/ses-baseline/func
BOLD file 'sub-03_task-assoc_memory_run-03_bold.nii.gz' copied to /Users/nagamatsulab/Desktop/BIDS/derivatives/feat/Assoc_Memory_1st-Level/sub-03/ses-baseline/func
Processing sub-04...
Processing sub-04_ses-baseline_task-assoc_memory_run-01_events.tsv for run-01...
Created file: /Users/nagamatsulab/Desktop/BIDS/derivatives/feat/fsl_custom_events/sub-04/ses-baseline/sub-04_ses-baseline_task-assoc_memory_encoding_pair_run-01.txt
Created file: /Users/nagamatsulab/Desktop/BIDS/derivatives/feat/fsl_custom_events/sub-04/ses-baseline/sub-04_ses-baseline_task-assoc_memory_recog_pair_run-01.txt
Created file: /Users/nagamatsulab/Desktop/BIDS/derivatives/feat/fsl_custom_events/sub-04/ses-baseline/sub-04_ses-baseline_task-assoc_memory_encoding_place_run-01.txt
Created file: /Users/nagamatsulab/Desktop/BIDS/derivatives/feat/fsl_custom_events/sub-04/ses-baseline/sub-04_ses-baseline_task-assoc_memory_recog_place_run-01.txt
Created file: /Users/nagamatsulab/Desktop/BIDS/derivatives/feat/fsl_custom_events/sub-04/ses-baseline/sub-04_ses-baseline_task-assoc_memory_encoding_face_run-01.txt
Created file: /Users/nagamatsulab/Desktop/BIDS/derivatives/feat/fsl_custom_events/sub-04/ses-baseline/sub-04_ses-baseline_task-assoc_memory_recog_face_run-01.txt
Processing sub-04_ses-baseline_task-assoc_memory_run-02_events.tsv for run-02...
Created file: /Users/nagamatsulab/Desktop/BIDS/derivatives/feat/fsl_custom_events/sub-04/ses-baseline/sub-04_ses-baseline_task-assoc_memory_encoding_pair_run-02.txt
Created file: /Users/nagamatsulab/Desktop/BIDS/derivatives/feat/fsl_custom_events/sub-04/ses-baseline/sub-04_ses-baseline_task-assoc_memory_recog_pair_run-02.txt
Created file: /Users/nagamatsulab/Desktop/BIDS/derivatives/feat/fsl_custom_events/sub-04/ses-baseline/sub-04_ses-baseline_task-assoc_memory_encoding_place_run-02.txt
Created file: /Users/nagamatsulab/Desktop/BIDS/derivatives/feat/fsl_custom_events/sub-04/ses-baseline/sub-04_ses-baseline_task-assoc_memory_recog_place_run-02.txt
Created file: /Users/nagamatsulab/Desktop/BIDS/derivatives/feat/fsl_custom_events/sub-04/ses-baseline/sub-04_ses-baseline_task-assoc_memory_encoding_face_run-02.txt
Created file: /Users/nagamatsulab/Desktop/BIDS/derivatives/feat/fsl_custom_events/sub-04/ses-baseline/sub-04_ses-baseline_task-assoc_memory_recog_face_run-02.txt
Processing sub-04_ses-baseline_task-assoc_memory_run-03_events.tsv for run-03...
Created file: /Users/nagamatsulab/Desktop/BIDS/derivatives/feat/fsl_custom_events/sub-04/ses-baseline/sub-04_ses-baseline_task-assoc_memory_encoding_pair_run-03.txt
Created file: /Users/nagamatsulab/Desktop/BIDS/derivatives/feat/fsl_custom_events/sub-04/ses-baseline/sub-04_ses-baseline_task-assoc_memory_recog_pair_run-03.txt
Created file: /Users/nagamatsulab/Desktop/BIDS/derivatives/feat/fsl_custom_events/sub-04/ses-baseline/sub-04_ses-baseline_task-assoc_memory_encoding_place_run-03.txt
Created file: /Users/nagamatsulab/Desktop/BIDS/derivatives/feat/fsl_custom_events/sub-04/ses-baseline/sub-04_ses-baseline_task-assoc_memory_recog_place_run-03.txt
Created file: /Users/nagamatsulab/Desktop/BIDS/derivatives/feat/fsl_custom_events/sub-04/ses-baseline/sub-04_ses-baseline_task-assoc_memory_encoding_face_run-03.txt
Created file: /Users/nagamatsulab/Desktop/BIDS/derivatives/feat/fsl_custom_events/sub-04/ses-baseline/sub-04_ses-baseline_task-assoc_memory_recog_face_run-03.txt
T1-weighted file 'sub-04_T1w.nii.gz' copied to /Users/nagamatsulab/Desktop/BIDS/derivatives/feat/Assoc_Memory_1st-Level/sub-04/ses-baseline/anat
BOLD file 'sub-04_task-assoc_memory_run-01_bold.nii.gz' copied to /Users/nagamatsulab/Desktop/BIDS/derivatives/feat/Assoc_Memory_1st-Level/sub-04/ses-baseline/func
BOLD file 'sub-04_task-assoc_memory_run-02_bold.nii.gz' copied to /Users/nagamatsulab/Desktop/BIDS/derivatives/feat/Assoc_Memory_1st-Level/sub-04/ses-baseline/func
BOLD file 'sub-04_task-assoc_memory_run-03_bold.nii.gz' copied to /Users/nagamatsulab/Desktop/BIDS/derivatives/feat/Assoc_Memory_1st-Level/sub-04/ses-baseline/func
Processing sub-05...
Processing sub-05_ses-baseline_task-assoc_memory_run-01_events.tsv for run-01...
Created file: /Users/nagamatsulab/Desktop/BIDS/derivatives/feat/fsl_custom_events/sub-05/ses-baseline/sub-05_ses-baseline_task-assoc_memory_encoding_pair_run-01.txt
Created file: /Users/nagamatsulab/Desktop/BIDS/derivatives/feat/fsl_custom_events/sub-05/ses-baseline/sub-05_ses-baseline_task-assoc_memory_recog_pair_run-01.txt
Created file: /Users/nagamatsulab/Desktop/BIDS/derivatives/feat/fsl_custom_events/sub-05/ses-baseline/sub-05_ses-baseline_task-assoc_memory_encoding_place_run-01.txt
Created file: /Users/nagamatsulab/Desktop/BIDS/derivatives/feat/fsl_custom_events/sub-05/ses-baseline/sub-05_ses-baseline_task-assoc_memory_recog_place_run-01.txt
Created file: /Users/nagamatsulab/Desktop/BIDS/derivatives/feat/fsl_custom_events/sub-05/ses-baseline/sub-05_ses-baseline_task-assoc_memory_encoding_face_run-01.txt
Created file: /Users/nagamatsulab/Desktop/BIDS/derivatives/feat/fsl_custom_events/sub-05/ses-baseline/sub-05_ses-baseline_task-assoc_memory_recog_face_run-01.txt
Processing sub-05_ses-baseline_task-assoc_memory_run-02_events.tsv for run-02...
Created file: /Users/nagamatsulab/Desktop/BIDS/derivatives/feat/fsl_custom_events/sub-05/ses-baseline/sub-05_ses-baseline_task-assoc_memory_encoding_pair_run-02.txt
Created file: /Users/nagamatsulab/Desktop/BIDS/derivatives/feat/fsl_custom_events/sub-05/ses-baseline/sub-05_ses-baseline_task-assoc_memory_recog_pair_run-02.txt
Created file: /Users/nagamatsulab/Desktop/BIDS/derivatives/feat/fsl_custom_events/sub-05/ses-baseline/sub-05_ses-baseline_task-assoc_memory_encoding_place_run-02.txt
Created file: /Users/nagamatsulab/Desktop/BIDS/derivatives/feat/fsl_custom_events/sub-05/ses-baseline/sub-05_ses-baseline_task-assoc_memory_recog_place_run-02.txt
Created file: /Users/nagamatsulab/Desktop/BIDS/derivatives/feat/fsl_custom_events/sub-05/ses-baseline/sub-05_ses-baseline_task-assoc_memory_encoding_face_run-02.txt
Created file: /Users/nagamatsulab/Desktop/BIDS/derivatives/feat/fsl_custom_events/sub-05/ses-baseline/sub-05_ses-baseline_task-assoc_memory_recog_face_run-02.txt
Processing sub-05_ses-baseline_task-assoc_memory_run-03_events.tsv for run-03...
Created file: /Users/nagamatsulab/Desktop/BIDS/derivatives/feat/fsl_custom_events/sub-05/ses-baseline/sub-05_ses-baseline_task-assoc_memory_encoding_pair_run-03.txt
Created file: /Users/nagamatsulab/Desktop/BIDS/derivatives/feat/fsl_custom_events/sub-05/ses-baseline/sub-05_ses-baseline_task-assoc_memory_recog_pair_run-03.txt
Created file: /Users/nagamatsulab/Desktop/BIDS/derivatives/feat/fsl_custom_events/sub-05/ses-baseline/sub-05_ses-baseline_task-assoc_memory_encoding_place_run-03.txt
Created file: /Users/nagamatsulab/Desktop/BIDS/derivatives/feat/fsl_custom_events/sub-05/ses-baseline/sub-05_ses-baseline_task-assoc_memory_recog_place_run-03.txt
Created file: /Users/nagamatsulab/Desktop/BIDS/derivatives/feat/fsl_custom_events/sub-05/ses-baseline/sub-05_ses-baseline_task-assoc_memory_encoding_face_run-03.txt
Created file: /Users/nagamatsulab/Desktop/BIDS/derivatives/feat/fsl_custom_events/sub-05/ses-baseline/sub-05_ses-baseline_task-assoc_memory_recog_face_run-03.txt
T1-weighted file 'sub-05_T1w.nii.gz' copied to /Users/nagamatsulab/Desktop/BIDS/derivatives/feat/Assoc_Memory_1st-Level/sub-05/ses-baseline/anat
BOLD file 'sub-05_task-assoc_memory_run-01_bold.nii.gz' copied to /Users/nagamatsulab/Desktop/BIDS/derivatives/feat/Assoc_Memory_1st-Level/sub-05/ses-baseline/func
BOLD file 'sub-05_task-assoc_memory_run-02_bold.nii.gz' copied to /Users/nagamatsulab/Desktop/BIDS/derivatives/feat/Assoc_Memory_1st-Level/sub-05/ses-baseline/func
BOLD file 'sub-05_task-assoc_memory_run-03_bold.nii.gz' copied to /Users/nagamatsulab/Desktop/BIDS/derivatives/feat/Assoc_Memory_1st-Level/sub-05/ses-baseline/func
Processing sub-06...
Processing sub-06_ses-baseline_task-assoc_memory_run-01_events.tsv for run-01...
Created file: /Users/nagamatsulab/Desktop/BIDS/derivatives/feat/fsl_custom_events/sub-06/ses-baseline/sub-06_ses-baseline_task-assoc_memory_encoding_pair_run-01.txt
Created file: /Users/nagamatsulab/Desktop/BIDS/derivatives/feat/fsl_custom_events/sub-06/ses-baseline/sub-06_ses-baseline_task-assoc_memory_recog_pair_run-01.txt
Created file: /Users/nagamatsulab/Desktop/BIDS/derivatives/feat/fsl_custom_events/sub-06/ses-baseline/sub-06_ses-baseline_task-assoc_memory_encoding_place_run-01.txt
Created file: /Users/nagamatsulab/Desktop/BIDS/derivatives/feat/fsl_custom_events/sub-06/ses-baseline/sub-06_ses-baseline_task-assoc_memory_recog_place_run-01.txt
Created file: /Users/nagamatsulab/Desktop/BIDS/derivatives/feat/fsl_custom_events/sub-06/ses-baseline/sub-06_ses-baseline_task-assoc_memory_encoding_face_run-01.txt
Created file: /Users/nagamatsulab/Desktop/BIDS/derivatives/feat/fsl_custom_events/sub-06/ses-baseline/sub-06_ses-baseline_task-assoc_memory_recog_face_run-01.txt
Processing sub-06_ses-baseline_task-assoc_memory_run-02_events.tsv for run-02...
Created file: /Users/nagamatsulab/Desktop/BIDS/derivatives/feat/fsl_custom_events/sub-06/ses-baseline/sub-06_ses-baseline_task-assoc_memory_encoding_pair_run-02.txt
Created file: /Users/nagamatsulab/Desktop/BIDS/derivatives/feat/fsl_custom_events/sub-06/ses-baseline/sub-06_ses-baseline_task-assoc_memory_recog_pair_run-02.txt
Created file: /Users/nagamatsulab/Desktop/BIDS/derivatives/feat/fsl_custom_events/sub-06/ses-baseline/sub-06_ses-baseline_task-assoc_memory_encoding_place_run-02.txt
Created file: /Users/nagamatsulab/Desktop/BIDS/derivatives/feat/fsl_custom_events/sub-06/ses-baseline/sub-06_ses-baseline_task-assoc_memory_recog_place_run-02.txt
Created file: /Users/nagamatsulab/Desktop/BIDS/derivatives/feat/fsl_custom_events/sub-06/ses-baseline/sub-06_ses-baseline_task-assoc_memory_encoding_face_run-02.txt
Created file: /Users/nagamatsulab/Desktop/BIDS/derivatives/feat/fsl_custom_events/sub-06/ses-baseline/sub-06_ses-baseline_task-assoc_memory_recog_face_run-02.txt
Processing sub-06_ses-baseline_task-assoc_memory_run-03_events.tsv for run-03...
Created file: /Users/nagamatsulab/Desktop/BIDS/derivatives/feat/fsl_custom_events/sub-06/ses-baseline/sub-06_ses-baseline_task-assoc_memory_encoding_pair_run-03.txt
Created file: /Users/nagamatsulab/Desktop/BIDS/derivatives/feat/fsl_custom_events/sub-06/ses-baseline/sub-06_ses-baseline_task-assoc_memory_recog_pair_run-03.txt
Created file: /Users/nagamatsulab/Desktop/BIDS/derivatives/feat/fsl_custom_events/sub-06/ses-baseline/sub-06_ses-baseline_task-assoc_memory_encoding_place_run-03.txt
Created file: /Users/nagamatsulab/Desktop/BIDS/derivatives/feat/fsl_custom_events/sub-06/ses-baseline/sub-06_ses-baseline_task-assoc_memory_recog_place_run-03.txt
Created file: /Users/nagamatsulab/Desktop/BIDS/derivatives/feat/fsl_custom_events/sub-06/ses-baseline/sub-06_ses-baseline_task-assoc_memory_encoding_face_run-03.txt
Created file: /Users/nagamatsulab/Desktop/BIDS/derivatives/feat/fsl_custom_events/sub-06/ses-baseline/sub-06_ses-baseline_task-assoc_memory_recog_face_run-03.txt
T1-weighted file 'sub-06_T1w.nii.gz' copied to /Users/nagamatsulab/Desktop/BIDS/derivatives/feat/Assoc_Memory_1st-Level/sub-06/ses-baseline/anat
BOLD file 'sub-06_task-assoc_memory_run-01_bold.nii.gz' copied to /Users/nagamatsulab/Desktop/BIDS/derivatives/feat/Assoc_Memory_1st-Level/sub-06/ses-baseline/func
BOLD file 'sub-06_task-assoc_memory_run-02_bold.nii.gz' copied to /Users/nagamatsulab/Desktop/BIDS/derivatives/feat/Assoc_Memory_1st-Level/sub-06/ses-baseline/func
BOLD file 'sub-06_task-assoc_memory_run-03_bold.nii.gz' copied to /Users/nagamatsulab/Desktop/BIDS/derivatives/feat/Assoc_Memory_1st-Level/sub-06/ses-baseline/func
Processing sub-07...
Processing sub-07_ses-baseline_task-assoc_memory_run-01_events.tsv for run-01...
Created file: /Users/nagamatsulab/Desktop/BIDS/derivatives/feat/fsl_custom_events/sub-07/ses-baseline/sub-07_ses-baseline_task-assoc_memory_encoding_pair_run-01.txt
Created file: /Users/nagamatsulab/Desktop/BIDS/derivatives/feat/fsl_custom_events/sub-07/ses-baseline/sub-07_ses-baseline_task-assoc_memory_recog_pair_run-01.txt
Created file: /Users/nagamatsulab/Desktop/BIDS/derivatives/feat/fsl_custom_events/sub-07/ses-baseline/sub-07_ses-baseline_task-assoc_memory_encoding_place_run-01.txt
Created file: /Users/nagamatsulab/Desktop/BIDS/derivatives/feat/fsl_custom_events/sub-07/ses-baseline/sub-07_ses-baseline_task-assoc_memory_recog_place_run-01.txt
Created file: /Users/nagamatsulab/Desktop/BIDS/derivatives/feat/fsl_custom_events/sub-07/ses-baseline/sub-07_ses-baseline_task-assoc_memory_encoding_face_run-01.txt
Created file: /Users/nagamatsulab/Desktop/BIDS/derivatives/feat/fsl_custom_events/sub-07/ses-baseline/sub-07_ses-baseline_task-assoc_memory_recog_face_run-01.txt
Processing sub-07_ses-baseline_task-assoc_memory_run-02_events.tsv for run-02...
Created file: /Users/nagamatsulab/Desktop/BIDS/derivatives/feat/fsl_custom_events/sub-07/ses-baseline/sub-07_ses-baseline_task-assoc_memory_encoding_pair_run-02.txt
Created file: /Users/nagamatsulab/Desktop/BIDS/derivatives/feat/fsl_custom_events/sub-07/ses-baseline/sub-07_ses-baseline_task-assoc_memory_recog_pair_run-02.txt
Created file: /Users/nagamatsulab/Desktop/BIDS/derivatives/feat/fsl_custom_events/sub-07/ses-baseline/sub-07_ses-baseline_task-assoc_memory_encoding_place_run-02.txt
Created file: /Users/nagamatsulab/Desktop/BIDS/derivatives/feat/fsl_custom_events/sub-07/ses-baseline/sub-07_ses-baseline_task-assoc_memory_recog_place_run-02.txt
Created file: /Users/nagamatsulab/Desktop/BIDS/derivatives/feat/fsl_custom_events/sub-07/ses-baseline/sub-07_ses-baseline_task-assoc_memory_encoding_face_run-02.txt
Created file: /Users/nagamatsulab/Desktop/BIDS/derivatives/feat/fsl_custom_events/sub-07/ses-baseline/sub-07_ses-baseline_task-assoc_memory_recog_face_run-02.txt
Processing sub-07_ses-baseline_task-assoc_memory_run-03_events.tsv for run-03...
Created file: /Users/nagamatsulab/Desktop/BIDS/derivatives/feat/fsl_custom_events/sub-07/ses-baseline/sub-07_ses-baseline_task-assoc_memory_encoding_pair_run-03.txt
Created file: /Users/nagamatsulab/Desktop/BIDS/derivatives/feat/fsl_custom_events/sub-07/ses-baseline/sub-07_ses-baseline_task-assoc_memory_recog_pair_run-03.txt
Created file: /Users/nagamatsulab/Desktop/BIDS/derivatives/feat/fsl_custom_events/sub-07/ses-baseline/sub-07_ses-baseline_task-assoc_memory_encoding_place_run-03.txt
Created file: /Users/nagamatsulab/Desktop/BIDS/derivatives/feat/fsl_custom_events/sub-07/ses-baseline/sub-07_ses-baseline_task-assoc_memory_recog_place_run-03.txt
Created file: /Users/nagamatsulab/Desktop/BIDS/derivatives/feat/fsl_custom_events/sub-07/ses-baseline/sub-07_ses-baseline_task-assoc_memory_encoding_face_run-03.txt
Created file: /Users/nagamatsulab/Desktop/BIDS/derivatives/feat/fsl_custom_events/sub-07/ses-baseline/sub-07_ses-baseline_task-assoc_memory_recog_face_run-03.txt
T1-weighted file 'sub-07_T1w.nii.gz' copied to /Users/nagamatsulab/Desktop/BIDS/derivatives/feat/Assoc_Memory_1st-Level/sub-07/ses-baseline/anat
BOLD file 'sub-07_task-assoc_memory_run-01_bold.nii.gz' copied to /Users/nagamatsulab/Desktop/BIDS/derivatives/feat/Assoc_Memory_1st-Level/sub-07/ses-baseline/func
BOLD file 'sub-07_task-assoc_memory_run-02_bold.nii.gz' copied to /Users/nagamatsulab/Desktop/BIDS/derivatives/feat/Assoc_Memory_1st-Level/sub-07/ses-baseline/func
BOLD file 'sub-07_task-assoc_memory_run-03_bold.nii.gz' copied to /Users/nagamatsulab/Desktop/BIDS/derivatives/feat/Assoc_Memory_1st-Level/sub-07/ses-baseline/func
All processing complete.
