Processing subject sub-15, run 01
Output directory created at: /Users/nagamatsulab/Desktop/BIDS/derivatives/topup_correction/sub-15/ses-baseline/run-01/func/topup_results_run_01
Running topup with:
  Input AP/PA file: /Users/nagamatsulab/Desktop/BIDS/derivatives/topup_correction/sub-15/ses-baseline/run-01/func/sub-15_AP_PA_run-01.nii.gz
  Acquisition parameters file: /Users/nagamatsulab/Desktop/BIDS/derivatives/topup_correction/sub-15/ses-baseline/run-01/func/sub-15_acq_param_run-01.txt
  Output Topup file: /Users/nagamatsulab/Desktop/BIDS/derivatives/topup_correction/sub-15/ses-baseline/run-01/func/topup_results_run_01/topup_results
Topup completed. Corrected output: /Users/nagamatsulab/Desktop/BIDS/derivatives/topup_correction/sub-15/ses-baseline/run-01/func/topup_results_run_01/corrected_AP_PA_run01.nii.gz
Running applytopup with:
  Input functional file: /Users/nagamatsulab/Desktop/BIDS/derivatives/topup_correction/sub-15/ses-baseline/run-01/func/sub-15_ses-baseline_acq-AP_run-01.nii.gz
  Topup results file: /Users/nagamatsulab/Desktop/BIDS/derivatives/topup_correction/sub-15/ses-baseline/run-01/func/topup_results_run_01/topup_results
  Output corrected functional file: /Users/nagamatsulab/Desktop/BIDS/derivatives/topup_correction/sub-15/ses-baseline/run-01/func/topup_results_run_01/sub-15_corrected_task-assoc_memory_run-01_bold.nii.gz
Applytopup completed. Corrected file: /Users/nagamatsulab/Desktop/BIDS/derivatives/topup_correction/sub-15/ses-baseline/run-01/func/topup_results_run_01/sub-15_corrected_task-assoc_memory_run-01_bold.nii.gz
Processing subject sub-15, run 02
Output directory created at: /Users/nagamatsulab/Desktop/BIDS/derivatives/topup_correction/sub-15/ses-baseline/run-02/func/topup_results_run_02
Running topup with:
  Input AP/PA file: /Users/nagamatsulab/Desktop/BIDS/derivatives/topup_correction/sub-15/ses-baseline/run-02/func/sub-15_AP_PA_run-02.nii.gz
  Acquisition parameters file: /Users/nagamatsulab/Desktop/BIDS/derivatives/topup_correction/sub-15/ses-baseline/run-02/func/sub-15_acq_param_run-02.txt
  Output Topup file: /Users/nagamatsulab/Desktop/BIDS/derivatives/topup_correction/sub-15/ses-baseline/run-02/func/topup_results_run_02/topup_results
Topup completed. Corrected output: /Users/nagamatsulab/Desktop/BIDS/derivatives/topup_correction/sub-15/ses-baseline/run-02/func/topup_results_run_02/corrected_AP_PA_run02.nii.gz
Running applytopup with:
  Input functional file: /Users/nagamatsulab/Desktop/BIDS/derivatives/topup_correction/sub-15/ses-baseline/run-02/func/sub-15_ses-baseline_acq-AP_run-02.nii.gz
  Topup results file: /Users/nagamatsulab/Desktop/BIDS/derivatives/topup_correction/sub-15/ses-baseline/run-02/func/topup_results_run_02/topup_results
  Output corrected functional file: /Users/nagamatsulab/Desktop/BIDS/derivatives/topup_correction/sub-15/ses-baseline/run-02/func/topup_results_run_02/sub-15_corrected_task-assoc_memory_run-02_bold.nii.gz
Applytopup completed. Corrected file: /Users/nagamatsulab/Desktop/BIDS/derivatives/topup_correction/sub-15/ses-baseline/run-02/func/topup_results_run_02/sub-15_corrected_task-assoc_memory_run-02_bold.nii.gz
Processing subject sub-15, run 03
Output directory created at: /Users/nagamatsulab/Desktop/BIDS/derivatives/topup_correction/sub-15/ses-baseline/run-03/func/topup_results_run_03
Running topup with:
  Input AP/PA file: /Users/nagamatsulab/Desktop/BIDS/derivatives/topup_correction/sub-15/ses-baseline/run-03/func/sub-15_AP_PA_run-03.nii.gz
  Acquisition parameters file: /Users/nagamatsulab/Desktop/BIDS/derivatives/topup_correction/sub-15/ses-baseline/run-03/func/sub-15_acq_param_run-03.txt
  Output Topup file: /Users/nagamatsulab/Desktop/BIDS/derivatives/topup_correction/sub-15/ses-baseline/run-03/func/topup_results_run_03/topup_results
Topup completed. Corrected output: /Users/nagamatsulab/Desktop/BIDS/derivatives/topup_correction/sub-15/ses-baseline/run-03/func/topup_results_run_03/corrected_AP_PA_run03.nii.gz
Running applytopup with:
  Input functional file: /Users/nagamatsulab/Desktop/BIDS/derivatives/topup_correction/sub-15/ses-baseline/run-03/func/sub-15_ses-baseline_acq-AP_run-03.nii.gz
  Topup results file: /Users/nagamatsulab/Desktop/BIDS/derivatives/topup_correction/sub-15/ses-baseline/run-03/func/topup_results_run_03/topup_results
  Output corrected functional file: /Users/nagamatsulab/Desktop/BIDS/derivatives/topup_correction/sub-15/ses-baseline/run-03/func/topup_results_run_03/sub-15_corrected_task-assoc_memory_run-03_bold.nii.gz
Applytopup completed. Corrected file: /Users/nagamatsulab/Desktop/BIDS/derivatives/topup_correction/sub-15/ses-baseline/run-03/func/topup_results_run_03/sub-15_corrected_task-assoc_memory_run-03_bold.nii.gz
Processing subject sub-16, run 01
Output directory created at: /Users/nagamatsulab/Desktop/BIDS/derivatives/topup_correction/sub-16/ses-baseline/run-01/func/topup_results_run_01
Running topup with:
  Input AP/PA file: /Users/nagamatsulab/Desktop/BIDS/derivatives/topup_correction/sub-16/ses-baseline/run-01/func/sub-16_AP_PA_run-01.nii.gz
  Acquisition parameters file: /Users/nagamatsulab/Desktop/BIDS/derivatives/topup_correction/sub-16/ses-baseline/run-01/func/sub-16_acq_param_run-01.txt
  Output Topup file: /Users/nagamatsulab/Desktop/BIDS/derivatives/topup_correction/sub-16/ses-baseline/run-01/func/topup_results_run_01/topup_results
Topup completed. Corrected output: /Users/nagamatsulab/Desktop/BIDS/derivatives/topup_correction/sub-16/ses-baseline/run-01/func/topup_results_run_01/corrected_AP_PA_run01.nii.gz
Running applytopup with:
  Input functional file: /Users/nagamatsulab/Desktop/BIDS/derivatives/topup_correction/sub-16/ses-baseline/run-01/func/sub-16_ses-baseline_acq-AP_run-01.nii.gz
  Topup results file: /Users/nagamatsulab/Desktop/BIDS/derivatives/topup_correction/sub-16/ses-baseline/run-01/func/topup_results_run_01/topup_results
  Output corrected functional file: /Users/nagamatsulab/Desktop/BIDS/derivatives/topup_correction/sub-16/ses-baseline/run-01/func/topup_results_run_01/sub-16_corrected_task-assoc_memory_run-01_bold.nii.gz
Applytopup completed. Corrected file: /Users/nagamatsulab/Desktop/BIDS/derivatives/topup_correction/sub-16/ses-baseline/run-01/func/topup_results_run_01/sub-16_corrected_task-assoc_memory_run-01_bold.nii.gz
Processing subject sub-16, run 02
Output directory created at: /Users/nagamatsulab/Desktop/BIDS/derivatives/topup_correction/sub-16/ses-baseline/run-02/func/topup_results_run_02
Running topup with:
  Input AP/PA file: /Users/nagamatsulab/Desktop/BIDS/derivatives/topup_correction/sub-16/ses-baseline/run-02/func/sub-16_AP_PA_run-02.nii.gz
  Acquisition parameters file: /Users/nagamatsulab/Desktop/BIDS/derivatives/topup_correction/sub-16/ses-baseline/run-02/func/sub-16_acq_param_run-02.txt
  Output Topup file: /Users/nagamatsulab/Desktop/BIDS/derivatives/topup_correction/sub-16/ses-baseline/run-02/func/topup_results_run_02/topup_results
Topup completed. Corrected output: /Users/nagamatsulab/Desktop/BIDS/derivatives/topup_correction/sub-16/ses-baseline/run-02/func/topup_results_run_02/corrected_AP_PA_run02.nii.gz
Running applytopup with:
  Input functional file: /Users/nagamatsulab/Desktop/BIDS/derivatives/topup_correction/sub-16/ses-baseline/run-02/func/sub-16_ses-baseline_acq-AP_run-02.nii.gz
  Topup results file: /Users/nagamatsulab/Desktop/BIDS/derivatives/topup_correction/sub-16/ses-baseline/run-02/func/topup_results_run_02/topup_results
  Output corrected functional file: /Users/nagamatsulab/Desktop/BIDS/derivatives/topup_correction/sub-16/ses-baseline/run-02/func/topup_results_run_02/sub-16_corrected_task-assoc_memory_run-02_bold.nii.gz
Applytopup completed. Corrected file: /Users/nagamatsulab/Desktop/BIDS/derivatives/topup_correction/sub-16/ses-baseline/run-02/func/topup_results_run_02/sub-16_corrected_task-assoc_memory_run-02_bold.nii.gz
Processing subject sub-16, run 03
Output directory created at: /Users/nagamatsulab/Desktop/BIDS/derivatives/topup_correction/sub-16/ses-baseline/run-03/func/topup_results_run_03
Running topup with:
  Input AP/PA file: /Users/nagamatsulab/Desktop/BIDS/derivatives/topup_correction/sub-16/ses-baseline/run-03/func/sub-16_AP_PA_run-03.nii.gz
  Acquisition parameters file: /Users/nagamatsulab/Desktop/BIDS/derivatives/topup_correction/sub-16/ses-baseline/run-03/func/sub-16_acq_param_run-03.txt
  Output Topup file: /Users/nagamatsulab/Desktop/BIDS/derivatives/topup_correction/sub-16/ses-baseline/run-03/func/topup_results_run_03/topup_results
Topup completed. Corrected output: /Users/nagamatsulab/Desktop/BIDS/derivatives/topup_correction/sub-16/ses-baseline/run-03/func/topup_results_run_03/corrected_AP_PA_run03.nii.gz
Running applytopup with:
  Input functional file: /Users/nagamatsulab/Desktop/BIDS/derivatives/topup_correction/sub-16/ses-baseline/run-03/func/sub-16_ses-baseline_acq-AP_run-03.nii.gz
  Topup results file: /Users/nagamatsulab/Desktop/BIDS/derivatives/topup_correction/sub-16/ses-baseline/run-03/func/topup_results_run_03/topup_results
  Output corrected functional file: /Users/nagamatsulab/Desktop/BIDS/derivatives/topup_correction/sub-16/ses-baseline/run-03/func/topup_results_run_03/sub-16_corrected_task-assoc_memory_run-03_bold.nii.gz
Applytopup completed. Corrected file: /Users/nagamatsulab/Desktop/BIDS/derivatives/topup_correction/sub-16/ses-baseline/run-03/func/topup_results_run_03/sub-16_corrected_task-assoc_memory_run-03_bold.nii.gz
Processing subject sub-17, run 01
Output directory created at: /Users/nagamatsulab/Desktop/BIDS/derivatives/topup_correction/sub-17/ses-baseline/run-01/func/topup_results_run_01
Running topup with:
  Input AP/PA file: /Users/nagamatsulab/Desktop/BIDS/derivatives/topup_correction/sub-17/ses-baseline/run-01/func/sub-17_AP_PA_run-01.nii.gz
  Acquisition parameters file: /Users/nagamatsulab/Desktop/BIDS/derivatives/topup_correction/sub-17/ses-baseline/run-01/func/sub-17_acq_param_run-01.txt
  Output Topup file: /Users/nagamatsulab/Desktop/BIDS/derivatives/topup_correction/sub-17/ses-baseline/run-01/func/topup_results_run_01/topup_results
Topup completed. Corrected output: /Users/nagamatsulab/Desktop/BIDS/derivatives/topup_correction/sub-17/ses-baseline/run-01/func/topup_results_run_01/corrected_AP_PA_run01.nii.gz
Running applytopup with:
  Input functional file: /Users/nagamatsulab/Desktop/BIDS/derivatives/topup_correction/sub-17/ses-baseline/run-01/func/sub-17_ses-baseline_acq-AP_run-01.nii.gz
  Topup results file: /Users/nagamatsulab/Desktop/BIDS/derivatives/topup_correction/sub-17/ses-baseline/run-01/func/topup_results_run_01/topup_results
  Output corrected functional file: /Users/nagamatsulab/Desktop/BIDS/derivatives/topup_correction/sub-17/ses-baseline/run-01/func/topup_results_run_01/sub-17_corrected_task-assoc_memory_run-01_bold.nii.gz
Applytopup completed. Corrected file: /Users/nagamatsulab/Desktop/BIDS/derivatives/topup_correction/sub-17/ses-baseline/run-01/func/topup_results_run_01/sub-17_corrected_task-assoc_memory_run-01_bold.nii.gz
Processing subject sub-17, run 02
Output directory created at: /Users/nagamatsulab/Desktop/BIDS/derivatives/topup_correction/sub-17/ses-baseline/run-02/func/topup_results_run_02
Running topup with:
  Input AP/PA file: /Users/nagamatsulab/Desktop/BIDS/derivatives/topup_correction/sub-17/ses-baseline/run-02/func/sub-17_AP_PA_run-02.nii.gz
  Acquisition parameters file: /Users/nagamatsulab/Desktop/BIDS/derivatives/topup_correction/sub-17/ses-baseline/run-02/func/sub-17_acq_param_run-02.txt
  Output Topup file: /Users/nagamatsulab/Desktop/BIDS/derivatives/topup_correction/sub-17/ses-baseline/run-02/func/topup_results_run_02/topup_results
Topup completed. Corrected output: /Users/nagamatsulab/Desktop/BIDS/derivatives/topup_correction/sub-17/ses-baseline/run-02/func/topup_results_run_02/corrected_AP_PA_run02.nii.gz
Running applytopup with:
  Input functional file: /Users/nagamatsulab/Desktop/BIDS/derivatives/topup_correction/sub-17/ses-baseline/run-02/func/sub-17_ses-baseline_acq-AP_run-02.nii.gz
  Topup results file: /Users/nagamatsulab/Desktop/BIDS/derivatives/topup_correction/sub-17/ses-baseline/run-02/func/topup_results_run_02/topup_results
  Output corrected functional file: /Users/nagamatsulab/Desktop/BIDS/derivatives/topup_correction/sub-17/ses-baseline/run-02/func/topup_results_run_02/sub-17_corrected_task-assoc_memory_run-02_bold.nii.gz
Applytopup completed. Corrected file: /Users/nagamatsulab/Desktop/BIDS/derivatives/topup_correction/sub-17/ses-baseline/run-02/func/topup_results_run_02/sub-17_corrected_task-assoc_memory_run-02_bold.nii.gz
Processing subject sub-17, run 03
Output directory created at: /Users/nagamatsulab/Desktop/BIDS/derivatives/topup_correction/sub-17/ses-baseline/run-03/func/topup_results_run_03
Running topup with:
  Input AP/PA file: /Users/nagamatsulab/Desktop/BIDS/derivatives/topup_correction/sub-17/ses-baseline/run-03/func/sub-17_AP_PA_run-03.nii.gz
  Acquisition parameters file: /Users/nagamatsulab/Desktop/BIDS/derivatives/topup_correction/sub-17/ses-baseline/run-03/func/sub-17_acq_param_run-03.txt
  Output Topup file: /Users/nagamatsulab/Desktop/BIDS/derivatives/topup_correction/sub-17/ses-baseline/run-03/func/topup_results_run_03/topup_results
Topup completed. Corrected output: /Users/nagamatsulab/Desktop/BIDS/derivatives/topup_correction/sub-17/ses-baseline/run-03/func/topup_results_run_03/corrected_AP_PA_run03.nii.gz
Running applytopup with:
  Input functional file: /Users/nagamatsulab/Desktop/BIDS/derivatives/topup_correction/sub-17/ses-baseline/run-03/func/sub-17_ses-baseline_acq-AP_run-03.nii.gz
  Topup results file: /Users/nagamatsulab/Desktop/BIDS/derivatives/topup_correction/sub-17/ses-baseline/run-03/func/topup_results_run_03/topup_results
  Output corrected functional file: /Users/nagamatsulab/Desktop/BIDS/derivatives/topup_correction/sub-17/ses-baseline/run-03/func/topup_results_run_03/sub-17_corrected_task-assoc_memory_run-03_bold.nii.gz
Applytopup completed. Corrected file: /Users/nagamatsulab/Desktop/BIDS/derivatives/topup_correction/sub-17/ses-baseline/run-03/func/topup_results_run_03/sub-17_corrected_task-assoc_memory_run-03_bold.nii.gz
Processing subject sub-18, run 01
Output directory created at: /Users/nagamatsulab/Desktop/BIDS/derivatives/topup_correction/sub-18/ses-baseline/run-01/func/topup_results_run_01
Running topup with:
  Input AP/PA file: /Users/nagamatsulab/Desktop/BIDS/derivatives/topup_correction/sub-18/ses-baseline/run-01/func/sub-18_AP_PA_run-01.nii.gz
  Acquisition parameters file: /Users/nagamatsulab/Desktop/BIDS/derivatives/topup_correction/sub-18/ses-baseline/run-01/func/sub-18_acq_param_run-01.txt
  Output Topup file: /Users/nagamatsulab/Desktop/BIDS/derivatives/topup_correction/sub-18/ses-baseline/run-01/func/topup_results_run_01/topup_results
Topup completed. Corrected output: /Users/nagamatsulab/Desktop/BIDS/derivatives/topup_correction/sub-18/ses-baseline/run-01/func/topup_results_run_01/corrected_AP_PA_run01.nii.gz
Running applytopup with:
  Input functional file: /Users/nagamatsulab/Desktop/BIDS/derivatives/topup_correction/sub-18/ses-baseline/run-01/func/sub-18_ses-baseline_acq-AP_run-01.nii.gz
  Topup results file: /Users/nagamatsulab/Desktop/BIDS/derivatives/topup_correction/sub-18/ses-baseline/run-01/func/topup_results_run_01/topup_results
  Output corrected functional file: /Users/nagamatsulab/Desktop/BIDS/derivatives/topup_correction/sub-18/ses-baseline/run-01/func/topup_results_run_01/sub-18_corrected_task-assoc_memory_run-01_bold.nii.gz
Applytopup completed. Corrected file: /Users/nagamatsulab/Desktop/BIDS/derivatives/topup_correction/sub-18/ses-baseline/run-01/func/topup_results_run_01/sub-18_corrected_task-assoc_memory_run-01_bold.nii.gz
Processing subject sub-18, run 02
Output directory created at: /Users/nagamatsulab/Desktop/BIDS/derivatives/topup_correction/sub-18/ses-baseline/run-02/func/topup_results_run_02
Running topup with:
  Input AP/PA file: /Users/nagamatsulab/Desktop/BIDS/derivatives/topup_correction/sub-18/ses-baseline/run-02/func/sub-18_AP_PA_run-02.nii.gz
  Acquisition parameters file: /Users/nagamatsulab/Desktop/BIDS/derivatives/topup_correction/sub-18/ses-baseline/run-02/func/sub-18_acq_param_run-02.txt
  Output Topup file: /Users/nagamatsulab/Desktop/BIDS/derivatives/topup_correction/sub-18/ses-baseline/run-02/func/topup_results_run_02/topup_results
Topup completed. Corrected output: /Users/nagamatsulab/Desktop/BIDS/derivatives/topup_correction/sub-18/ses-baseline/run-02/func/topup_results_run_02/corrected_AP_PA_run02.nii.gz
Running applytopup with:
  Input functional file: /Users/nagamatsulab/Desktop/BIDS/derivatives/topup_correction/sub-18/ses-baseline/run-02/func/sub-18_ses-baseline_acq-AP_run-02.nii.gz
  Topup results file: /Users/nagamatsulab/Desktop/BIDS/derivatives/topup_correction/sub-18/ses-baseline/run-02/func/topup_results_run_02/topup_results
  Output corrected functional file: /Users/nagamatsulab/Desktop/BIDS/derivatives/topup_correction/sub-18/ses-baseline/run-02/func/topup_results_run_02/sub-18_corrected_task-assoc_memory_run-02_bold.nii.gz
Applytopup completed. Corrected file: /Users/nagamatsulab/Desktop/BIDS/derivatives/topup_correction/sub-18/ses-baseline/run-02/func/topup_results_run_02/sub-18_corrected_task-assoc_memory_run-02_bold.nii.gz
Processing subject sub-18, run 03
Output directory created at: /Users/nagamatsulab/Desktop/BIDS/derivatives/topup_correction/sub-18/ses-baseline/run-03/func/topup_results_run_03
Running topup with:
  Input AP/PA file: /Users/nagamatsulab/Desktop/BIDS/derivatives/topup_correction/sub-18/ses-baseline/run-03/func/sub-18_AP_PA_run-03.nii.gz
  Acquisition parameters file: /Users/nagamatsulab/Desktop/BIDS/derivatives/topup_correction/sub-18/ses-baseline/run-03/func/sub-18_acq_param_run-03.txt
  Output Topup file: /Users/nagamatsulab/Desktop/BIDS/derivatives/topup_correction/sub-18/ses-baseline/run-03/func/topup_results_run_03/topup_results
Topup completed. Corrected output: /Users/nagamatsulab/Desktop/BIDS/derivatives/topup_correction/sub-18/ses-baseline/run-03/func/topup_results_run_03/corrected_AP_PA_run03.nii.gz
Running applytopup with:
  Input functional file: /Users/nagamatsulab/Desktop/BIDS/derivatives/topup_correction/sub-18/ses-baseline/run-03/func/sub-18_ses-baseline_acq-AP_run-03.nii.gz
  Topup results file: /Users/nagamatsulab/Desktop/BIDS/derivatives/topup_correction/sub-18/ses-baseline/run-03/func/topup_results_run_03/topup_results
  Output corrected functional file: /Users/nagamatsulab/Desktop/BIDS/derivatives/topup_correction/sub-18/ses-baseline/run-03/func/topup_results_run_03/sub-18_corrected_task-assoc_memory_run-03_bold.nii.gz
Applytopup completed. Corrected file: /Users/nagamatsulab/Desktop/BIDS/derivatives/topup_correction/sub-18/ses-baseline/run-03/func/topup_results_run_03/sub-18_corrected_task-assoc_memory_run-03_bold.nii.gz
Processing subject sub-19, run 01
Output directory created at: /Users/nagamatsulab/Desktop/BIDS/derivatives/topup_correction/sub-19/ses-baseline/run-01/func/topup_results_run_01
Running topup with:
  Input AP/PA file: /Users/nagamatsulab/Desktop/BIDS/derivatives/topup_correction/sub-19/ses-baseline/run-01/func/sub-19_AP_PA_run-01.nii.gz
  Acquisition parameters file: /Users/nagamatsulab/Desktop/BIDS/derivatives/topup_correction/sub-19/ses-baseline/run-01/func/sub-19_acq_param_run-01.txt
  Output Topup file: /Users/nagamatsulab/Desktop/BIDS/derivatives/topup_correction/sub-19/ses-baseline/run-01/func/topup_results_run_01/topup_results
Topup completed. Corrected output: /Users/nagamatsulab/Desktop/BIDS/derivatives/topup_correction/sub-19/ses-baseline/run-01/func/topup_results_run_01/corrected_AP_PA_run01.nii.gz
Running applytopup with:
  Input functional file: /Users/nagamatsulab/Desktop/BIDS/derivatives/topup_correction/sub-19/ses-baseline/run-01/func/sub-19_ses-baseline_acq-AP_run-01.nii.gz
  Topup results file: /Users/nagamatsulab/Desktop/BIDS/derivatives/topup_correction/sub-19/ses-baseline/run-01/func/topup_results_run_01/topup_results
  Output corrected functional file: /Users/nagamatsulab/Desktop/BIDS/derivatives/topup_correction/sub-19/ses-baseline/run-01/func/topup_results_run_01/sub-19_corrected_task-assoc_memory_run-01_bold.nii.gz
Applytopup completed. Corrected file: /Users/nagamatsulab/Desktop/BIDS/derivatives/topup_correction/sub-19/ses-baseline/run-01/func/topup_results_run_01/sub-19_corrected_task-assoc_memory_run-01_bold.nii.gz
Processing subject sub-19, run 02
Output directory created at: /Users/nagamatsulab/Desktop/BIDS/derivatives/topup_correction/sub-19/ses-baseline/run-02/func/topup_results_run_02
Running topup with:
  Input AP/PA file: /Users/nagamatsulab/Desktop/BIDS/derivatives/topup_correction/sub-19/ses-baseline/run-02/func/sub-19_AP_PA_run-02.nii.gz
  Acquisition parameters file: /Users/nagamatsulab/Desktop/BIDS/derivatives/topup_correction/sub-19/ses-baseline/run-02/func/sub-19_acq_param_run-02.txt
  Output Topup file: /Users/nagamatsulab/Desktop/BIDS/derivatives/topup_correction/sub-19/ses-baseline/run-02/func/topup_results_run_02/topup_results
Topup completed. Corrected output: /Users/nagamatsulab/Desktop/BIDS/derivatives/topup_correction/sub-19/ses-baseline/run-02/func/topup_results_run_02/corrected_AP_PA_run02.nii.gz
Running applytopup with:
  Input functional file: /Users/nagamatsulab/Desktop/BIDS/derivatives/topup_correction/sub-19/ses-baseline/run-02/func/sub-19_ses-baseline_acq-AP_run-02.nii.gz
  Topup results file: /Users/nagamatsulab/Desktop/BIDS/derivatives/topup_correction/sub-19/ses-baseline/run-02/func/topup_results_run_02/topup_results
  Output corrected functional file: /Users/nagamatsulab/Desktop/BIDS/derivatives/topup_correction/sub-19/ses-baseline/run-02/func/topup_results_run_02/sub-19_corrected_task-assoc_memory_run-02_bold.nii.gz
Applytopup completed. Corrected file: /Users/nagamatsulab/Desktop/BIDS/derivatives/topup_correction/sub-19/ses-baseline/run-02/func/topup_results_run_02/sub-19_corrected_task-assoc_memory_run-02_bold.nii.gz
Processing subject sub-19, run 03
Output directory created at: /Users/nagamatsulab/Desktop/BIDS/derivatives/topup_correction/sub-19/ses-baseline/run-03/func/topup_results_run_03
Running topup with:
  Input AP/PA file: /Users/nagamatsulab/Desktop/BIDS/derivatives/topup_correction/sub-19/ses-baseline/run-03/func/sub-19_AP_PA_run-03.nii.gz
  Acquisition parameters file: /Users/nagamatsulab/Desktop/BIDS/derivatives/topup_correction/sub-19/ses-baseline/run-03/func/sub-19_acq_param_run-03.txt
  Output Topup file: /Users/nagamatsulab/Desktop/BIDS/derivatives/topup_correction/sub-19/ses-baseline/run-03/func/topup_results_run_03/topup_results
Topup completed. Corrected output: /Users/nagamatsulab/Desktop/BIDS/derivatives/topup_correction/sub-19/ses-baseline/run-03/func/topup_results_run_03/corrected_AP_PA_run03.nii.gz
Running applytopup with:
  Input functional file: /Users/nagamatsulab/Desktop/BIDS/derivatives/topup_correction/sub-19/ses-baseline/run-03/func/sub-19_ses-baseline_acq-AP_run-03.nii.gz
  Topup results file: /Users/nagamatsulab/Desktop/BIDS/derivatives/topup_correction/sub-19/ses-baseline/run-03/func/topup_results_run_03/topup_results
  Output corrected functional file: /Users/nagamatsulab/Desktop/BIDS/derivatives/topup_correction/sub-19/ses-baseline/run-03/func/topup_results_run_03/sub-19_corrected_task-assoc_memory_run-03_bold.nii.gz
Applytopup completed. Corrected file: /Users/nagamatsulab/Desktop/BIDS/derivatives/topup_correction/sub-19/ses-baseline/run-03/func/topup_results_run_03/sub-19_corrected_task-assoc_memory_run-03_bold.nii.gz
Processing subject sub-20, run 01
Output directory created at: /Users/nagamatsulab/Desktop/BIDS/derivatives/topup_correction/sub-20/ses-baseline/run-01/func/topup_results_run_01
Running topup with:
  Input AP/PA file: /Users/nagamatsulab/Desktop/BIDS/derivatives/topup_correction/sub-20/ses-baseline/run-01/func/sub-20_AP_PA_run-01.nii.gz
  Acquisition parameters file: /Users/nagamatsulab/Desktop/BIDS/derivatives/topup_correction/sub-20/ses-baseline/run-01/func/sub-20_acq_param_run-01.txt
  Output Topup file: /Users/nagamatsulab/Desktop/BIDS/derivatives/topup_correction/sub-20/ses-baseline/run-01/func/topup_results_run_01/topup_results
Topup completed. Corrected output: /Users/nagamatsulab/Desktop/BIDS/derivatives/topup_correction/sub-20/ses-baseline/run-01/func/topup_results_run_01/corrected_AP_PA_run01.nii.gz
Running applytopup with:
  Input functional file: /Users/nagamatsulab/Desktop/BIDS/derivatives/topup_correction/sub-20/ses-baseline/run-01/func/sub-20_ses-baseline_acq-AP_run-01.nii.gz
  Topup results file: /Users/nagamatsulab/Desktop/BIDS/derivatives/topup_correction/sub-20/ses-baseline/run-01/func/topup_results_run_01/topup_results
  Output corrected functional file: /Users/nagamatsulab/Desktop/BIDS/derivatives/topup_correction/sub-20/ses-baseline/run-01/func/topup_results_run_01/sub-20_corrected_task-assoc_memory_run-01_bold.nii.gz
Applytopup completed. Corrected file: /Users/nagamatsulab/Desktop/BIDS/derivatives/topup_correction/sub-20/ses-baseline/run-01/func/topup_results_run_01/sub-20_corrected_task-assoc_memory_run-01_bold.nii.gz
Processing subject sub-20, run 02
Output directory created at: /Users/nagamatsulab/Desktop/BIDS/derivatives/topup_correction/sub-20/ses-baseline/run-02/func/topup_results_run_02
Running topup with:
  Input AP/PA file: /Users/nagamatsulab/Desktop/BIDS/derivatives/topup_correction/sub-20/ses-baseline/run-02/func/sub-20_AP_PA_run-02.nii.gz
  Acquisition parameters file: /Users/nagamatsulab/Desktop/BIDS/derivatives/topup_correction/sub-20/ses-baseline/run-02/func/sub-20_acq_param_run-02.txt
  Output Topup file: /Users/nagamatsulab/Desktop/BIDS/derivatives/topup_correction/sub-20/ses-baseline/run-02/func/topup_results_run_02/topup_results
Topup completed. Corrected output: /Users/nagamatsulab/Desktop/BIDS/derivatives/topup_correction/sub-20/ses-baseline/run-02/func/topup_results_run_02/corrected_AP_PA_run02.nii.gz
Running applytopup with:
  Input functional file: /Users/nagamatsulab/Desktop/BIDS/derivatives/topup_correction/sub-20/ses-baseline/run-02/func/sub-20_ses-baseline_acq-AP_run-02.nii.gz
  Topup results file: /Users/nagamatsulab/Desktop/BIDS/derivatives/topup_correction/sub-20/ses-baseline/run-02/func/topup_results_run_02/topup_results
  Output corrected functional file: /Users/nagamatsulab/Desktop/BIDS/derivatives/topup_correction/sub-20/ses-baseline/run-02/func/topup_results_run_02/sub-20_corrected_task-assoc_memory_run-02_bold.nii.gz
Applytopup completed. Corrected file: /Users/nagamatsulab/Desktop/BIDS/derivatives/topup_correction/sub-20/ses-baseline/run-02/func/topup_results_run_02/sub-20_corrected_task-assoc_memory_run-02_bold.nii.gz
Processing subject sub-20, run 03
Output directory created at: /Users/nagamatsulab/Desktop/BIDS/derivatives/topup_correction/sub-20/ses-baseline/run-03/func/topup_results_run_03
Running topup with:
  Input AP/PA file: /Users/nagamatsulab/Desktop/BIDS/derivatives/topup_correction/sub-20/ses-baseline/run-03/func/sub-20_AP_PA_run-03.nii.gz
  Acquisition parameters file: /Users/nagamatsulab/Desktop/BIDS/derivatives/topup_correction/sub-20/ses-baseline/run-03/func/sub-20_acq_param_run-03.txt
  Output Topup file: /Users/nagamatsulab/Desktop/BIDS/derivatives/topup_correction/sub-20/ses-baseline/run-03/func/topup_results_run_03/topup_results
Topup completed. Corrected output: /Users/nagamatsulab/Desktop/BIDS/derivatives/topup_correction/sub-20/ses-baseline/run-03/func/topup_results_run_03/corrected_AP_PA_run03.nii.gz
Running applytopup with:
  Input functional file: /Users/nagamatsulab/Desktop/BIDS/derivatives/topup_correction/sub-20/ses-baseline/run-03/func/sub-20_ses-baseline_acq-AP_run-03.nii.gz
  Topup results file: /Users/nagamatsulab/Desktop/BIDS/derivatives/topup_correction/sub-20/ses-baseline/run-03/func/topup_results_run_03/topup_results
  Output corrected functional file: /Users/nagamatsulab/Desktop/BIDS/derivatives/topup_correction/sub-20/ses-baseline/run-03/func/topup_results_run_03/sub-20_corrected_task-assoc_memory_run-03_bold.nii.gz
Applytopup completed. Corrected file: /Users/nagamatsulab/Desktop/BIDS/derivatives/topup_correction/sub-20/ses-baseline/run-03/func/topup_results_run_03/sub-20_corrected_task-assoc_memory_run-03_bold.nii.gz
