Processing subject sub-21, run 01
Output directory created at: /Users/nagamatsulab/Desktop/BIDS/derivatives/topup_correction/sub-21/ses-baseline/run-01/func/topup_results_run_01
Running topup with:
  Input AP/PA file: /Users/nagamatsulab/Desktop/BIDS/derivatives/topup_correction/sub-21/ses-baseline/run-01/func/sub-21_AP_PA_run-01.nii.gz
  Acquisition parameters file: /Users/nagamatsulab/Desktop/BIDS/derivatives/topup_correction/sub-21/ses-baseline/run-01/func/sub-21_acq_param_run-01.txt
  Output Topup file: /Users/nagamatsulab/Desktop/BIDS/derivatives/topup_correction/sub-21/ses-baseline/run-01/func/topup_results_run_01/topup_results
Topup completed. Corrected output: /Users/nagamatsulab/Desktop/BIDS/derivatives/topup_correction/sub-21/ses-baseline/run-01/func/topup_results_run_01/corrected_AP_PA_run01.nii.gz
Running applytopup with:
  Input functional file: /Users/nagamatsulab/Desktop/BIDS/derivatives/topup_correction/sub-21/ses-baseline/run-01/func/sub-21_ses-baseline_acq-AP_run-01.nii.gz
  Topup results file: /Users/nagamatsulab/Desktop/BIDS/derivatives/topup_correction/sub-21/ses-baseline/run-01/func/topup_results_run_01/topup_results
  Output corrected functional file: /Users/nagamatsulab/Desktop/BIDS/derivatives/topup_correction/sub-21/ses-baseline/run-01/func/topup_results_run_01/sub-21_corrected_task-assoc_memory_run-01_bold.nii.gz
Applytopup completed. Corrected file: /Users/nagamatsulab/Desktop/BIDS/derivatives/topup_correction/sub-21/ses-baseline/run-01/func/topup_results_run_01/sub-21_corrected_task-assoc_memory_run-01_bold.nii.gz
Processing subject sub-21, run 02
Output directory created at: /Users/nagamatsulab/Desktop/BIDS/derivatives/topup_correction/sub-21/ses-baseline/run-02/func/topup_results_run_02
Running topup with:
  Input AP/PA file: /Users/nagamatsulab/Desktop/BIDS/derivatives/topup_correction/sub-21/ses-baseline/run-02/func/sub-21_AP_PA_run-02.nii.gz
  Acquisition parameters file: /Users/nagamatsulab/Desktop/BIDS/derivatives/topup_correction/sub-21/ses-baseline/run-02/func/sub-21_acq_param_run-02.txt
  Output Topup file: /Users/nagamatsulab/Desktop/BIDS/derivatives/topup_correction/sub-21/ses-baseline/run-02/func/topup_results_run_02/topup_results
Topup completed. Corrected output: /Users/nagamatsulab/Desktop/BIDS/derivatives/topup_correction/sub-21/ses-baseline/run-02/func/topup_results_run_02/corrected_AP_PA_run02.nii.gz
Running applytopup with:
  Input functional file: /Users/nagamatsulab/Desktop/BIDS/derivatives/topup_correction/sub-21/ses-baseline/run-02/func/sub-21_ses-baseline_acq-AP_run-02.nii.gz
  Topup results file: /Users/nagamatsulab/Desktop/BIDS/derivatives/topup_correction/sub-21/ses-baseline/run-02/func/topup_results_run_02/topup_results
  Output corrected functional file: /Users/nagamatsulab/Desktop/BIDS/derivatives/topup_correction/sub-21/ses-baseline/run-02/func/topup_results_run_02/sub-21_corrected_task-assoc_memory_run-02_bold.nii.gz
Applytopup completed. Corrected file: /Users/nagamatsulab/Desktop/BIDS/derivatives/topup_correction/sub-21/ses-baseline/run-02/func/topup_results_run_02/sub-21_corrected_task-assoc_memory_run-02_bold.nii.gz
Processing subject sub-21, run 03
Output directory created at: /Users/nagamatsulab/Desktop/BIDS/derivatives/topup_correction/sub-21/ses-baseline/run-03/func/topup_results_run_03
Running topup with:
  Input AP/PA file: /Users/nagamatsulab/Desktop/BIDS/derivatives/topup_correction/sub-21/ses-baseline/run-03/func/sub-21_AP_PA_run-03.nii.gz
  Acquisition parameters file: /Users/nagamatsulab/Desktop/BIDS/derivatives/topup_correction/sub-21/ses-baseline/run-03/func/sub-21_acq_param_run-03.txt
  Output Topup file: /Users/nagamatsulab/Desktop/BIDS/derivatives/topup_correction/sub-21/ses-baseline/run-03/func/topup_results_run_03/topup_results
Topup completed. Corrected output: /Users/nagamatsulab/Desktop/BIDS/derivatives/topup_correction/sub-21/ses-baseline/run-03/func/topup_results_run_03/corrected_AP_PA_run03.nii.gz
Running applytopup with:
  Input functional file: /Users/nagamatsulab/Desktop/BIDS/derivatives/topup_correction/sub-21/ses-baseline/run-03/func/sub-21_ses-baseline_acq-AP_run-03.nii.gz
  Topup results file: /Users/nagamatsulab/Desktop/BIDS/derivatives/topup_correction/sub-21/ses-baseline/run-03/func/topup_results_run_03/topup_results
  Output corrected functional file: /Users/nagamatsulab/Desktop/BIDS/derivatives/topup_correction/sub-21/ses-baseline/run-03/func/topup_results_run_03/sub-21_corrected_task-assoc_memory_run-03_bold.nii.gz
Applytopup completed. Corrected file: /Users/nagamatsulab/Desktop/BIDS/derivatives/topup_correction/sub-21/ses-baseline/run-03/func/topup_results_run_03/sub-21_corrected_task-assoc_memory_run-03_bold.nii.gz
Processing subject sub-22, run 01
Output directory created at: /Users/nagamatsulab/Desktop/BIDS/derivatives/topup_correction/sub-22/ses-baseline/run-01/func/topup_results_run_01
Running topup with:
  Input AP/PA file: /Users/nagamatsulab/Desktop/BIDS/derivatives/topup_correction/sub-22/ses-baseline/run-01/func/sub-22_AP_PA_run-01.nii.gz
  Acquisition parameters file: /Users/nagamatsulab/Desktop/BIDS/derivatives/topup_correction/sub-22/ses-baseline/run-01/func/sub-22_acq_param_run-01.txt
  Output Topup file: /Users/nagamatsulab/Desktop/BIDS/derivatives/topup_correction/sub-22/ses-baseline/run-01/func/topup_results_run_01/topup_results
Topup completed. Corrected output: /Users/nagamatsulab/Desktop/BIDS/derivatives/topup_correction/sub-22/ses-baseline/run-01/func/topup_results_run_01/corrected_AP_PA_run01.nii.gz
Running applytopup with:
  Input functional file: /Users/nagamatsulab/Desktop/BIDS/derivatives/topup_correction/sub-22/ses-baseline/run-01/func/sub-22_ses-baseline_acq-AP_run-01.nii.gz
  Topup results file: /Users/nagamatsulab/Desktop/BIDS/derivatives/topup_correction/sub-22/ses-baseline/run-01/func/topup_results_run_01/topup_results
  Output corrected functional file: /Users/nagamatsulab/Desktop/BIDS/derivatives/topup_correction/sub-22/ses-baseline/run-01/func/topup_results_run_01/sub-22_corrected_task-assoc_memory_run-01_bold.nii.gz
Applytopup completed. Corrected file: /Users/nagamatsulab/Desktop/BIDS/derivatives/topup_correction/sub-22/ses-baseline/run-01/func/topup_results_run_01/sub-22_corrected_task-assoc_memory_run-01_bold.nii.gz
Processing subject sub-22, run 02
Output directory created at: /Users/nagamatsulab/Desktop/BIDS/derivatives/topup_correction/sub-22/ses-baseline/run-02/func/topup_results_run_02
Running topup with:
  Input AP/PA file: /Users/nagamatsulab/Desktop/BIDS/derivatives/topup_correction/sub-22/ses-baseline/run-02/func/sub-22_AP_PA_run-02.nii.gz
  Acquisition parameters file: /Users/nagamatsulab/Desktop/BIDS/derivatives/topup_correction/sub-22/ses-baseline/run-02/func/sub-22_acq_param_run-02.txt
  Output Topup file: /Users/nagamatsulab/Desktop/BIDS/derivatives/topup_correction/sub-22/ses-baseline/run-02/func/topup_results_run_02/topup_results
Topup completed. Corrected output: /Users/nagamatsulab/Desktop/BIDS/derivatives/topup_correction/sub-22/ses-baseline/run-02/func/topup_results_run_02/corrected_AP_PA_run02.nii.gz
Running applytopup with:
  Input functional file: /Users/nagamatsulab/Desktop/BIDS/derivatives/topup_correction/sub-22/ses-baseline/run-02/func/sub-22_ses-baseline_acq-AP_run-02.nii.gz
  Topup results file: /Users/nagamatsulab/Desktop/BIDS/derivatives/topup_correction/sub-22/ses-baseline/run-02/func/topup_results_run_02/topup_results
  Output corrected functional file: /Users/nagamatsulab/Desktop/BIDS/derivatives/topup_correction/sub-22/ses-baseline/run-02/func/topup_results_run_02/sub-22_corrected_task-assoc_memory_run-02_bold.nii.gz
Applytopup completed. Corrected file: /Users/nagamatsulab/Desktop/BIDS/derivatives/topup_correction/sub-22/ses-baseline/run-02/func/topup_results_run_02/sub-22_corrected_task-assoc_memory_run-02_bold.nii.gz
Processing subject sub-22, run 03
Output directory created at: /Users/nagamatsulab/Desktop/BIDS/derivatives/topup_correction/sub-22/ses-baseline/run-03/func/topup_results_run_03
Running topup with:
  Input AP/PA file: /Users/nagamatsulab/Desktop/BIDS/derivatives/topup_correction/sub-22/ses-baseline/run-03/func/sub-22_AP_PA_run-03.nii.gz
  Acquisition parameters file: /Users/nagamatsulab/Desktop/BIDS/derivatives/topup_correction/sub-22/ses-baseline/run-03/func/sub-22_acq_param_run-03.txt
  Output Topup file: /Users/nagamatsulab/Desktop/BIDS/derivatives/topup_correction/sub-22/ses-baseline/run-03/func/topup_results_run_03/topup_results
Topup completed. Corrected output: /Users/nagamatsulab/Desktop/BIDS/derivatives/topup_correction/sub-22/ses-baseline/run-03/func/topup_results_run_03/corrected_AP_PA_run03.nii.gz
Running applytopup with:
  Input functional file: /Users/nagamatsulab/Desktop/BIDS/derivatives/topup_correction/sub-22/ses-baseline/run-03/func/sub-22_ses-baseline_acq-AP_run-03.nii.gz
  Topup results file: /Users/nagamatsulab/Desktop/BIDS/derivatives/topup_correction/sub-22/ses-baseline/run-03/func/topup_results_run_03/topup_results
  Output corrected functional file: /Users/nagamatsulab/Desktop/BIDS/derivatives/topup_correction/sub-22/ses-baseline/run-03/func/topup_results_run_03/sub-22_corrected_task-assoc_memory_run-03_bold.nii.gz
Applytopup completed. Corrected file: /Users/nagamatsulab/Desktop/BIDS/derivatives/topup_correction/sub-22/ses-baseline/run-03/func/topup_results_run_03/sub-22_corrected_task-assoc_memory_run-03_bold.nii.gz
Processing subject sub-23, run 01
Output directory created at: /Users/nagamatsulab/Desktop/BIDS/derivatives/topup_correction/sub-23/ses-baseline/run-01/func/topup_results_run_01
Running topup with:
  Input AP/PA file: /Users/nagamatsulab/Desktop/BIDS/derivatives/topup_correction/sub-23/ses-baseline/run-01/func/sub-23_AP_PA_run-01.nii.gz
  Acquisition parameters file: /Users/nagamatsulab/Desktop/BIDS/derivatives/topup_correction/sub-23/ses-baseline/run-01/func/sub-23_acq_param_run-01.txt
  Output Topup file: /Users/nagamatsulab/Desktop/BIDS/derivatives/topup_correction/sub-23/ses-baseline/run-01/func/topup_results_run_01/topup_results
Topup completed. Corrected output: /Users/nagamatsulab/Desktop/BIDS/derivatives/topup_correction/sub-23/ses-baseline/run-01/func/topup_results_run_01/corrected_AP_PA_run01.nii.gz
Running applytopup with:
  Input functional file: /Users/nagamatsulab/Desktop/BIDS/derivatives/topup_correction/sub-23/ses-baseline/run-01/func/sub-23_ses-baseline_acq-AP_run-01.nii.gz
  Topup results file: /Users/nagamatsulab/Desktop/BIDS/derivatives/topup_correction/sub-23/ses-baseline/run-01/func/topup_results_run_01/topup_results
  Output corrected functional file: /Users/nagamatsulab/Desktop/BIDS/derivatives/topup_correction/sub-23/ses-baseline/run-01/func/topup_results_run_01/sub-23_corrected_task-assoc_memory_run-01_bold.nii.gz
Applytopup completed. Corrected file: /Users/nagamatsulab/Desktop/BIDS/derivatives/topup_correction/sub-23/ses-baseline/run-01/func/topup_results_run_01/sub-23_corrected_task-assoc_memory_run-01_bold.nii.gz
Processing subject sub-23, run 02
Output directory created at: /Users/nagamatsulab/Desktop/BIDS/derivatives/topup_correction/sub-23/ses-baseline/run-02/func/topup_results_run_02
Running topup with:
  Input AP/PA file: /Users/nagamatsulab/Desktop/BIDS/derivatives/topup_correction/sub-23/ses-baseline/run-02/func/sub-23_AP_PA_run-02.nii.gz
  Acquisition parameters file: /Users/nagamatsulab/Desktop/BIDS/derivatives/topup_correction/sub-23/ses-baseline/run-02/func/sub-23_acq_param_run-02.txt
  Output Topup file: /Users/nagamatsulab/Desktop/BIDS/derivatives/topup_correction/sub-23/ses-baseline/run-02/func/topup_results_run_02/topup_results
Topup completed. Corrected output: /Users/nagamatsulab/Desktop/BIDS/derivatives/topup_correction/sub-23/ses-baseline/run-02/func/topup_results_run_02/corrected_AP_PA_run02.nii.gz
Running applytopup with:
  Input functional file: /Users/nagamatsulab/Desktop/BIDS/derivatives/topup_correction/sub-23/ses-baseline/run-02/func/sub-23_ses-baseline_acq-AP_run-02.nii.gz
  Topup results file: /Users/nagamatsulab/Desktop/BIDS/derivatives/topup_correction/sub-23/ses-baseline/run-02/func/topup_results_run_02/topup_results
  Output corrected functional file: /Users/nagamatsulab/Desktop/BIDS/derivatives/topup_correction/sub-23/ses-baseline/run-02/func/topup_results_run_02/sub-23_corrected_task-assoc_memory_run-02_bold.nii.gz
Applytopup completed. Corrected file: /Users/nagamatsulab/Desktop/BIDS/derivatives/topup_correction/sub-23/ses-baseline/run-02/func/topup_results_run_02/sub-23_corrected_task-assoc_memory_run-02_bold.nii.gz
Processing subject sub-23, run 03
Output directory created at: /Users/nagamatsulab/Desktop/BIDS/derivatives/topup_correction/sub-23/ses-baseline/run-03/func/topup_results_run_03
Running topup with:
  Input AP/PA file: /Users/nagamatsulab/Desktop/BIDS/derivatives/topup_correction/sub-23/ses-baseline/run-03/func/sub-23_AP_PA_run-03.nii.gz
  Acquisition parameters file: /Users/nagamatsulab/Desktop/BIDS/derivatives/topup_correction/sub-23/ses-baseline/run-03/func/sub-23_acq_param_run-03.txt
  Output Topup file: /Users/nagamatsulab/Desktop/BIDS/derivatives/topup_correction/sub-23/ses-baseline/run-03/func/topup_results_run_03/topup_results
Topup completed. Corrected output: /Users/nagamatsulab/Desktop/BIDS/derivatives/topup_correction/sub-23/ses-baseline/run-03/func/topup_results_run_03/corrected_AP_PA_run03.nii.gz
Running applytopup with:
  Input functional file: /Users/nagamatsulab/Desktop/BIDS/derivatives/topup_correction/sub-23/ses-baseline/run-03/func/sub-23_ses-baseline_acq-AP_run-03.nii.gz
  Topup results file: /Users/nagamatsulab/Desktop/BIDS/derivatives/topup_correction/sub-23/ses-baseline/run-03/func/topup_results_run_03/topup_results
  Output corrected functional file: /Users/nagamatsulab/Desktop/BIDS/derivatives/topup_correction/sub-23/ses-baseline/run-03/func/topup_results_run_03/sub-23_corrected_task-assoc_memory_run-03_bold.nii.gz
Applytopup completed. Corrected file: /Users/nagamatsulab/Desktop/BIDS/derivatives/topup_correction/sub-23/ses-baseline/run-03/func/topup_results_run_03/sub-23_corrected_task-assoc_memory_run-03_bold.nii.gz
Processing subject sub-24, run 01
Output directory created at: /Users/nagamatsulab/Desktop/BIDS/derivatives/topup_correction/sub-24/ses-baseline/run-01/func/topup_results_run_01
Running topup with:
  Input AP/PA file: /Users/nagamatsulab/Desktop/BIDS/derivatives/topup_correction/sub-24/ses-baseline/run-01/func/sub-24_AP_PA_run-01.nii.gz
  Acquisition parameters file: /Users/nagamatsulab/Desktop/BIDS/derivatives/topup_correction/sub-24/ses-baseline/run-01/func/sub-24_acq_param_run-01.txt
  Output Topup file: /Users/nagamatsulab/Desktop/BIDS/derivatives/topup_correction/sub-24/ses-baseline/run-01/func/topup_results_run_01/topup_results
Topup completed. Corrected output: /Users/nagamatsulab/Desktop/BIDS/derivatives/topup_correction/sub-24/ses-baseline/run-01/func/topup_results_run_01/corrected_AP_PA_run01.nii.gz
Running applytopup with:
  Input functional file: /Users/nagamatsulab/Desktop/BIDS/derivatives/topup_correction/sub-24/ses-baseline/run-01/func/sub-24_ses-baseline_acq-AP_run-01.nii.gz
  Topup results file: /Users/nagamatsulab/Desktop/BIDS/derivatives/topup_correction/sub-24/ses-baseline/run-01/func/topup_results_run_01/topup_results
  Output corrected functional file: /Users/nagamatsulab/Desktop/BIDS/derivatives/topup_correction/sub-24/ses-baseline/run-01/func/topup_results_run_01/sub-24_corrected_task-assoc_memory_run-01_bold.nii.gz
Applytopup completed. Corrected file: /Users/nagamatsulab/Desktop/BIDS/derivatives/topup_correction/sub-24/ses-baseline/run-01/func/topup_results_run_01/sub-24_corrected_task-assoc_memory_run-01_bold.nii.gz
Processing subject sub-24, run 02
Output directory created at: /Users/nagamatsulab/Desktop/BIDS/derivatives/topup_correction/sub-24/ses-baseline/run-02/func/topup_results_run_02
Running topup with:
  Input AP/PA file: /Users/nagamatsulab/Desktop/BIDS/derivatives/topup_correction/sub-24/ses-baseline/run-02/func/sub-24_AP_PA_run-02.nii.gz
  Acquisition parameters file: /Users/nagamatsulab/Desktop/BIDS/derivatives/topup_correction/sub-24/ses-baseline/run-02/func/sub-24_acq_param_run-02.txt
  Output Topup file: /Users/nagamatsulab/Desktop/BIDS/derivatives/topup_correction/sub-24/ses-baseline/run-02/func/topup_results_run_02/topup_results
Topup completed. Corrected output: /Users/nagamatsulab/Desktop/BIDS/derivatives/topup_correction/sub-24/ses-baseline/run-02/func/topup_results_run_02/corrected_AP_PA_run02.nii.gz
Running applytopup with:
  Input functional file: /Users/nagamatsulab/Desktop/BIDS/derivatives/topup_correction/sub-24/ses-baseline/run-02/func/sub-24_ses-baseline_acq-AP_run-02.nii.gz
  Topup results file: /Users/nagamatsulab/Desktop/BIDS/derivatives/topup_correction/sub-24/ses-baseline/run-02/func/topup_results_run_02/topup_results
  Output corrected functional file: /Users/nagamatsulab/Desktop/BIDS/derivatives/topup_correction/sub-24/ses-baseline/run-02/func/topup_results_run_02/sub-24_corrected_task-assoc_memory_run-02_bold.nii.gz
Applytopup completed. Corrected file: /Users/nagamatsulab/Desktop/BIDS/derivatives/topup_correction/sub-24/ses-baseline/run-02/func/topup_results_run_02/sub-24_corrected_task-assoc_memory_run-02_bold.nii.gz
Processing subject sub-24, run 03
Output directory created at: /Users/nagamatsulab/Desktop/BIDS/derivatives/topup_correction/sub-24/ses-baseline/run-03/func/topup_results_run_03
Running topup with:
  Input AP/PA file: /Users/nagamatsulab/Desktop/BIDS/derivatives/topup_correction/sub-24/ses-baseline/run-03/func/sub-24_AP_PA_run-03.nii.gz
  Acquisition parameters file: /Users/nagamatsulab/Desktop/BIDS/derivatives/topup_correction/sub-24/ses-baseline/run-03/func/sub-24_acq_param_run-03.txt
  Output Topup file: /Users/nagamatsulab/Desktop/BIDS/derivatives/topup_correction/sub-24/ses-baseline/run-03/func/topup_results_run_03/topup_results
Topup completed. Corrected output: /Users/nagamatsulab/Desktop/BIDS/derivatives/topup_correction/sub-24/ses-baseline/run-03/func/topup_results_run_03/corrected_AP_PA_run03.nii.gz
Running applytopup with:
  Input functional file: /Users/nagamatsulab/Desktop/BIDS/derivatives/topup_correction/sub-24/ses-baseline/run-03/func/sub-24_ses-baseline_acq-AP_run-03.nii.gz
  Topup results file: /Users/nagamatsulab/Desktop/BIDS/derivatives/topup_correction/sub-24/ses-baseline/run-03/func/topup_results_run_03/topup_results
  Output corrected functional file: /Users/nagamatsulab/Desktop/BIDS/derivatives/topup_correction/sub-24/ses-baseline/run-03/func/topup_results_run_03/sub-24_corrected_task-assoc_memory_run-03_bold.nii.gz
Applytopup completed. Corrected file: /Users/nagamatsulab/Desktop/BIDS/derivatives/topup_correction/sub-24/ses-baseline/run-03/func/topup_results_run_03/sub-24_corrected_task-assoc_memory_run-03_bold.nii.gz
Processing subject sub-25, run 01
Output directory created at: /Users/nagamatsulab/Desktop/BIDS/derivatives/topup_correction/sub-25/ses-baseline/run-01/func/topup_results_run_01
Running topup with:
  Input AP/PA file: /Users/nagamatsulab/Desktop/BIDS/derivatives/topup_correction/sub-25/ses-baseline/run-01/func/sub-25_AP_PA_run-01.nii.gz
  Acquisition parameters file: /Users/nagamatsulab/Desktop/BIDS/derivatives/topup_correction/sub-25/ses-baseline/run-01/func/sub-25_acq_param_run-01.txt
  Output Topup file: /Users/nagamatsulab/Desktop/BIDS/derivatives/topup_correction/sub-25/ses-baseline/run-01/func/topup_results_run_01/topup_results
Topup completed. Corrected output: /Users/nagamatsulab/Desktop/BIDS/derivatives/topup_correction/sub-25/ses-baseline/run-01/func/topup_results_run_01/corrected_AP_PA_run01.nii.gz
Running applytopup with:
  Input functional file: /Users/nagamatsulab/Desktop/BIDS/derivatives/topup_correction/sub-25/ses-baseline/run-01/func/sub-25_ses-baseline_acq-AP_run-01.nii.gz
  Topup results file: /Users/nagamatsulab/Desktop/BIDS/derivatives/topup_correction/sub-25/ses-baseline/run-01/func/topup_results_run_01/topup_results
  Output corrected functional file: /Users/nagamatsulab/Desktop/BIDS/derivatives/topup_correction/sub-25/ses-baseline/run-01/func/topup_results_run_01/sub-25_corrected_task-assoc_memory_run-01_bold.nii.gz
Applytopup completed. Corrected file: /Users/nagamatsulab/Desktop/BIDS/derivatives/topup_correction/sub-25/ses-baseline/run-01/func/topup_results_run_01/sub-25_corrected_task-assoc_memory_run-01_bold.nii.gz
Processing subject sub-25, run 02
Output directory created at: /Users/nagamatsulab/Desktop/BIDS/derivatives/topup_correction/sub-25/ses-baseline/run-02/func/topup_results_run_02
Running topup with:
  Input AP/PA file: /Users/nagamatsulab/Desktop/BIDS/derivatives/topup_correction/sub-25/ses-baseline/run-02/func/sub-25_AP_PA_run-02.nii.gz
  Acquisition parameters file: /Users/nagamatsulab/Desktop/BIDS/derivatives/topup_correction/sub-25/ses-baseline/run-02/func/sub-25_acq_param_run-02.txt
  Output Topup file: /Users/nagamatsulab/Desktop/BIDS/derivatives/topup_correction/sub-25/ses-baseline/run-02/func/topup_results_run_02/topup_results
Topup completed. Corrected output: /Users/nagamatsulab/Desktop/BIDS/derivatives/topup_correction/sub-25/ses-baseline/run-02/func/topup_results_run_02/corrected_AP_PA_run02.nii.gz
Running applytopup with:
  Input functional file: /Users/nagamatsulab/Desktop/BIDS/derivatives/topup_correction/sub-25/ses-baseline/run-02/func/sub-25_ses-baseline_acq-AP_run-02.nii.gz
  Topup results file: /Users/nagamatsulab/Desktop/BIDS/derivatives/topup_correction/sub-25/ses-baseline/run-02/func/topup_results_run_02/topup_results
  Output corrected functional file: /Users/nagamatsulab/Desktop/BIDS/derivatives/topup_correction/sub-25/ses-baseline/run-02/func/topup_results_run_02/sub-25_corrected_task-assoc_memory_run-02_bold.nii.gz
Applytopup completed. Corrected file: /Users/nagamatsulab/Desktop/BIDS/derivatives/topup_correction/sub-25/ses-baseline/run-02/func/topup_results_run_02/sub-25_corrected_task-assoc_memory_run-02_bold.nii.gz
Processing subject sub-25, run 03
Output directory created at: /Users/nagamatsulab/Desktop/BIDS/derivatives/topup_correction/sub-25/ses-baseline/run-03/func/topup_results_run_03
Running topup with:
  Input AP/PA file: /Users/nagamatsulab/Desktop/BIDS/derivatives/topup_correction/sub-25/ses-baseline/run-03/func/sub-25_AP_PA_run-03.nii.gz
  Acquisition parameters file: /Users/nagamatsulab/Desktop/BIDS/derivatives/topup_correction/sub-25/ses-baseline/run-03/func/sub-25_acq_param_run-03.txt
  Output Topup file: /Users/nagamatsulab/Desktop/BIDS/derivatives/topup_correction/sub-25/ses-baseline/run-03/func/topup_results_run_03/topup_results
Topup completed. Corrected output: /Users/nagamatsulab/Desktop/BIDS/derivatives/topup_correction/sub-25/ses-baseline/run-03/func/topup_results_run_03/corrected_AP_PA_run03.nii.gz
Running applytopup with:
  Input functional file: /Users/nagamatsulab/Desktop/BIDS/derivatives/topup_correction/sub-25/ses-baseline/run-03/func/sub-25_ses-baseline_acq-AP_run-03.nii.gz
  Topup results file: /Users/nagamatsulab/Desktop/BIDS/derivatives/topup_correction/sub-25/ses-baseline/run-03/func/topup_results_run_03/topup_results
  Output corrected functional file: /Users/nagamatsulab/Desktop/BIDS/derivatives/topup_correction/sub-25/ses-baseline/run-03/func/topup_results_run_03/sub-25_corrected_task-assoc_memory_run-03_bold.nii.gz
Applytopup completed. Corrected file: /Users/nagamatsulab/Desktop/BIDS/derivatives/topup_correction/sub-25/ses-baseline/run-03/func/topup_results_run_03/sub-25_corrected_task-assoc_memory_run-03_bold.nii.gz
