Starting script...
Processing subject: sub-16
Processing run: 01
Successfully copied reg folder from /Users/nagamatsulab/Desktop/BIDS/derivatives/ICA_AROMA/sub-16/feat_preproc/ses-baseline/sub-16_corrected_task-assoc_memory_run-01_preproc.feat/reg to /Users/nagamatsulab/Desktop/BIDS/derivatives/ICA_AROMA/sub-16/feat_stats/ses-baseline/denoised_task-assoc_memory_run-01.feat
Processing run: 02
Successfully copied reg folder from /Users/nagamatsulab/Desktop/BIDS/derivatives/ICA_AROMA/sub-16/feat_preproc/ses-baseline/sub-16_corrected_task-assoc_memory_run-02_preproc.feat/reg to /Users/nagamatsulab/Desktop/BIDS/derivatives/ICA_AROMA/sub-16/feat_stats/ses-baseline/denoised_task-assoc_memory_run-02.feat
Processing run: 03
Successfully copied reg folder from /Users/nagamatsulab/Desktop/BIDS/derivatives/ICA_AROMA/sub-16/feat_preproc/ses-baseline/sub-16_corrected_task-assoc_memory_run-03_preproc.feat/reg to /Users/nagamatsulab/Desktop/BIDS/derivatives/ICA_AROMA/sub-16/feat_stats/ses-baseline/denoised_task-assoc_memory_run-03.feat
Processing subject: sub-17
Processing run: 01
Successfully copied reg folder from /Users/nagamatsulab/Desktop/BIDS/derivatives/ICA_AROMA/sub-17/feat_preproc/ses-baseline/sub-17_corrected_task-assoc_memory_run-01_preproc.feat/reg to /Users/nagamatsulab/Desktop/BIDS/derivatives/ICA_AROMA/sub-17/feat_stats/ses-baseline/denoised_task-assoc_memory_run-01.feat
Processing run: 02
Successfully copied reg folder from /Users/nagamatsulab/Desktop/BIDS/derivatives/ICA_AROMA/sub-17/feat_preproc/ses-baseline/sub-17_corrected_task-assoc_memory_run-02_preproc.feat/reg to /Users/nagamatsulab/Desktop/BIDS/derivatives/ICA_AROMA/sub-17/feat_stats/ses-baseline/denoised_task-assoc_memory_run-02.feat
Processing run: 03
Successfully copied reg folder from /Users/nagamatsulab/Desktop/BIDS/derivatives/ICA_AROMA/sub-17/feat_preproc/ses-baseline/sub-17_corrected_task-assoc_memory_run-03_preproc.feat/reg to /Users/nagamatsulab/Desktop/BIDS/derivatives/ICA_AROMA/sub-17/feat_stats/ses-baseline/denoised_task-assoc_memory_run-03.feat
Processing subject: sub-18
Processing run: 01
Successfully copied reg folder from /Users/nagamatsulab/Desktop/BIDS/derivatives/ICA_AROMA/sub-18/feat_preproc/ses-baseline/sub-18_corrected_task-assoc_memory_run-01_preproc.feat/reg to /Users/nagamatsulab/Desktop/BIDS/derivatives/ICA_AROMA/sub-18/feat_stats/ses-baseline/denoised_task-assoc_memory_run-01.feat
Processing run: 02
Successfully copied reg folder from /Users/nagamatsulab/Desktop/BIDS/derivatives/ICA_AROMA/sub-18/feat_preproc/ses-baseline/sub-18_corrected_task-assoc_memory_run-02_preproc.feat/reg to /Users/nagamatsulab/Desktop/BIDS/derivatives/ICA_AROMA/sub-18/feat_stats/ses-baseline/denoised_task-assoc_memory_run-02.feat
Processing run: 03
Successfully copied reg folder from /Users/nagamatsulab/Desktop/BIDS/derivatives/ICA_AROMA/sub-18/feat_preproc/ses-baseline/sub-18_corrected_task-assoc_memory_run-03_preproc.feat/reg to /Users/nagamatsulab/Desktop/BIDS/derivatives/ICA_AROMA/sub-18/feat_stats/ses-baseline/denoised_task-assoc_memory_run-03.feat
Processing subject: sub-19
Processing run: 02
Successfully copied reg folder from /Users/nagamatsulab/Desktop/BIDS/derivatives/ICA_AROMA/sub-19/feat_preproc/ses-baseline/sub-19_corrected_task-assoc_memory_run-02_preproc.feat/reg to /Users/nagamatsulab/Desktop/BIDS/derivatives/ICA_AROMA/sub-19/feat_stats/ses-baseline/denoised_task-assoc_memory_run-02.feat
Processing run: 03
Successfully copied reg folder from /Users/nagamatsulab/Desktop/BIDS/derivatives/ICA_AROMA/sub-19/feat_preproc/ses-baseline/sub-19_corrected_task-assoc_memory_run-03_preproc.feat/reg to /Users/nagamatsulab/Desktop/BIDS/derivatives/ICA_AROMA/sub-19/feat_stats/ses-baseline/denoised_task-assoc_memory_run-03.feat
Processing subject: sub-20
Processing run: 01
Successfully copied reg folder from /Users/nagamatsulab/Desktop/BIDS/derivatives/ICA_AROMA/sub-20/feat_preproc/ses-baseline/sub-20_corrected_task-assoc_memory_run-01_preproc.feat/reg to /Users/nagamatsulab/Desktop/BIDS/derivatives/ICA_AROMA/sub-20/feat_stats/ses-baseline/denoised_task-assoc_memory_run-01.feat
Processing run: 02
Successfully copied reg folder from /Users/nagamatsulab/Desktop/BIDS/derivatives/ICA_AROMA/sub-20/feat_preproc/ses-baseline/sub-20_corrected_task-assoc_memory_run-02_preproc.feat/reg to /Users/nagamatsulab/Desktop/BIDS/derivatives/ICA_AROMA/sub-20/feat_stats/ses-baseline/denoised_task-assoc_memory_run-02.feat
Processing run: 03
Successfully copied reg folder from /Users/nagamatsulab/Desktop/BIDS/derivatives/ICA_AROMA/sub-20/feat_preproc/ses-baseline/sub-20_corrected_task-assoc_memory_run-03_preproc.feat/reg to /Users/nagamatsulab/Desktop/BIDS/derivatives/ICA_AROMA/sub-20/feat_stats/ses-baseline/denoised_task-assoc_memory_run-03.feat
Script execution completed.
