child process exited abnormally
    while executing
"fsl:exec "${FSLDIR}/bin/feat ${fsfroot}.fsf -D $FD -gfeatprep" -b 60 -N feat2_pre -l logs "
    invoked from within
"if { $done_something == 0 } {

    if { ! $fmri(inmelodic) } {
       if { $fmri(level) == 1 } {
	      for { set session 1 } { $session <= $fmri(mult..."
    (file "/Users/nagamatsulab/fsl/bin/feat" line 390)
rmdir: /Users/nagamatsulab/Desktop/BIDS/derivatives/ICA_AROMA/sub-02: Directory not empty
child process exited abnormally
    while executing
"fsl:exec "${FSLDIR}/bin/feat ${fsfroot}.fsf -D $FD -gfeatprep" -b 60 -N feat2_pre -l logs "
    invoked from within
"if { $done_something == 0 } {

    if { ! $fmri(inmelodic) } {
       if { $fmri(level) == 1 } {
	      for { set session 1 } { $session <= $fmri(mult..."
    (file "/Users/nagamatsulab/fsl/bin/feat" line 390)
rmdir: /Users/nagamatsulab/Desktop/BIDS/derivatives/ICA_AROMA/sub-03: Directory not empty
