Processing sub-21 run 01...
Navigating to directory: /Users/nagamatsulab/Desktop/BIDS/derivatives/ICA_AROMA/sub-21/feat_stats/ses-baseline/denoised_task-assoc_memory_run-01.feat
Creating prefiltered denoised functional data...
Prefiltered denoised functional data saved as: prefiltered_denoised_func_data
Extracting middle volume as the reference...
Middle volume saved as: middle_func
Starting MCFLIRT for motion estimation...
MCFLIRT complete..
Moving output files to motion_estimates directory...
Calculating Absolute and Relative RMS Displacement...
RMS absolute calculation completed, output written to /Users/nagamatsulab/Desktop/BIDS/derivatives/ICA_AROMA/sub-21/feat_stats/ses-baseline/denoised_task-assoc_memory_run-01.feat/motion_estimates/abs_RMS.txt
RMS relative calculation completed, output written to /Users/nagamatsulab/Desktop/BIDS/derivatives/ICA_AROMA/sub-21/feat_stats/ses-baseline/denoised_task-assoc_memory_run-01.feat/motion_estimates/rel_RMS.txt
Generating plots for motion estimates...
Motion estimation process completed for sub-21 run 01.
Processing sub-21 run 02...
Navigating to directory: /Users/nagamatsulab/Desktop/BIDS/derivatives/ICA_AROMA/sub-21/feat_stats/ses-baseline/denoised_task-assoc_memory_run-02.feat
Creating prefiltered denoised functional data...
Prefiltered denoised functional data saved as: prefiltered_denoised_func_data
Extracting middle volume as the reference...
Middle volume saved as: middle_func
Starting MCFLIRT for motion estimation...
MCFLIRT complete..
Moving output files to motion_estimates directory...
Calculating Absolute and Relative RMS Displacement...
RMS absolute calculation completed, output written to /Users/nagamatsulab/Desktop/BIDS/derivatives/ICA_AROMA/sub-21/feat_stats/ses-baseline/denoised_task-assoc_memory_run-02.feat/motion_estimates/abs_RMS.txt
RMS relative calculation completed, output written to /Users/nagamatsulab/Desktop/BIDS/derivatives/ICA_AROMA/sub-21/feat_stats/ses-baseline/denoised_task-assoc_memory_run-02.feat/motion_estimates/rel_RMS.txt
Generating plots for motion estimates...
Motion estimation process completed for sub-21 run 02.
Processing sub-21 run 03...
Navigating to directory: /Users/nagamatsulab/Desktop/BIDS/derivatives/ICA_AROMA/sub-21/feat_stats/ses-baseline/denoised_task-assoc_memory_run-03.feat
Creating prefiltered denoised functional data...
Prefiltered denoised functional data saved as: prefiltered_denoised_func_data
Extracting middle volume as the reference...
Middle volume saved as: middle_func
Starting MCFLIRT for motion estimation...
MCFLIRT complete..
Moving output files to motion_estimates directory...
Calculating Absolute and Relative RMS Displacement...
RMS absolute calculation completed, output written to /Users/nagamatsulab/Desktop/BIDS/derivatives/ICA_AROMA/sub-21/feat_stats/ses-baseline/denoised_task-assoc_memory_run-03.feat/motion_estimates/abs_RMS.txt
RMS relative calculation completed, output written to /Users/nagamatsulab/Desktop/BIDS/derivatives/ICA_AROMA/sub-21/feat_stats/ses-baseline/denoised_task-assoc_memory_run-03.feat/motion_estimates/rel_RMS.txt
Generating plots for motion estimates...
Motion estimation process completed for sub-21 run 03.
Processing sub-22 run 01...
Navigating to directory: /Users/nagamatsulab/Desktop/BIDS/derivatives/ICA_AROMA/sub-22/feat_stats/ses-baseline/denoised_task-assoc_memory_run-01.feat
Creating prefiltered denoised functional data...
Prefiltered denoised functional data saved as: prefiltered_denoised_func_data
Extracting middle volume as the reference...
Middle volume saved as: middle_func
Starting MCFLIRT for motion estimation...
MCFLIRT complete..
Moving output files to motion_estimates directory...
Calculating Absolute and Relative RMS Displacement...
RMS absolute calculation completed, output written to /Users/nagamatsulab/Desktop/BIDS/derivatives/ICA_AROMA/sub-22/feat_stats/ses-baseline/denoised_task-assoc_memory_run-01.feat/motion_estimates/abs_RMS.txt
Generating plots for motion estimates...
Motion estimation process completed for sub-22 run 01.
Processing sub-22 run 02...
