Starting 2nd Level FEAT Analysis Script...
Processing subject: sub-21 with 3 input runs.
Completed FEAT Analysis for sub-21 using 3 inputs.
Removed temporary design file: /tmp/sub-21_design.fsf
Processing subject: sub-22 with 3 input runs.
Completed FEAT Analysis for sub-22 using 3 inputs.
Removed temporary design file: /tmp/sub-22_design.fsf
Processing subject: sub-23 with 3 input runs.
Completed FEAT Analysis for sub-23 using 3 inputs.
Removed temporary design file: /tmp/sub-23_design.fsf
Processing subject: sub-24 with 3 input runs.
Completed FEAT Analysis for sub-24 using 3 inputs.
Removed temporary design file: /tmp/sub-24_design.fsf
Processing subject: sub-25 with 3 input runs.
Completed FEAT Analysis for sub-25 using 3 inputs.
Removed temporary design file: /tmp/sub-25_design.fsf
Processing subject: sub-26 with 3 input runs.
Completed FEAT Analysis for sub-26 using 3 inputs.
Removed temporary design file: /tmp/sub-26_design.fsf
Processing subject: sub-29 with 3 input runs.
Completed FEAT Analysis for sub-29 using 3 inputs.
Removed temporary design file: /tmp/sub-29_design.fsf
Script execution completed.
