Processing sub-02
sub-02_task-assoc_memory_run-01_bold.nii.gz has been renamed to sub-02_ses-baseline_acq-AP_run-01.nii.gz
sub-02_task-assoc_memory_run-01_bold.json has been renamed to sub-02_ses-baseline_acq-AP_run-01.json
Extracting first volume from sub-02_ses-baseline_acq-AP_run-01.nii.gz
sub-02_ses-baseline_acq-AP_run-01.json: [0 -1 0.0244851]
sub-02_task-assoc_memory_run-02_bold.nii.gz has been renamed to sub-02_ses-baseline_acq-AP_run-02.nii.gz
sub-02_task-assoc_memory_run-02_bold.json has been renamed to sub-02_ses-baseline_acq-AP_run-02.json
Extracting first volume from sub-02_ses-baseline_acq-AP_run-02.nii.gz
sub-02_ses-baseline_acq-AP_run-02.json: [0 -1 0.0244851]
sub-02_task-assoc_memory_run-03_bold.nii.gz has been renamed to sub-02_ses-baseline_acq-AP_run-03.nii.gz
sub-02_task-assoc_memory_run-03_bold.json has been renamed to sub-02_ses-baseline_acq-AP_run-03.json
Extracting first volume from sub-02_ses-baseline_acq-AP_run-03.nii.gz
sub-02_ses-baseline_acq-AP_run-03.json: [0 -1 0.0244851]
sub-02_rfMRI_PA.json has been renamed to sub-02_ses-baseline_acq-PA_run-01.json
sub-02_rfMRI_PA.nii.gz has been renamed to sub-02_ses-baseline_acq-PA_run-01.nii.gz
Extracting first volume from sub-02_ses-baseline_acq-PA_run-01.nii.gz
Merging AP and PA volumes for run-01: sub-02_AP_run-01.nii.gz and sub-02_PA_run-01.nii.gz
Merged files into sub-02_AP_PA_run-01.nii.gz
sub-02_ses-baseline_acq-PA_run-01.json: [0 1 0.0244851]
sub-02_rfMRI_PA.json has been renamed to sub-02_ses-baseline_acq-PA_run-02.json
sub-02_rfMRI_PA.nii.gz has been renamed to sub-02_ses-baseline_acq-PA_run-02.nii.gz
Extracting first volume from sub-02_ses-baseline_acq-PA_run-02.nii.gz
Merging AP and PA volumes for run-02: sub-02_AP_run-02.nii.gz and sub-02_PA_run-02.nii.gz
Merged files into sub-02_AP_PA_run-02.nii.gz
sub-02_ses-baseline_acq-PA_run-02.json: [0 1 0.0244851]
sub-02_rfMRI_PA.json has been renamed to sub-02_ses-baseline_acq-PA_run-03.json
sub-02_rfMRI_PA.nii.gz has been renamed to sub-02_ses-baseline_acq-PA_run-03.nii.gz
Extracting first volume from sub-02_ses-baseline_acq-PA_run-03.nii.gz
Merging AP and PA volumes for run-03: sub-02_AP_run-03.nii.gz and sub-02_PA_run-03.nii.gz
Merged files into sub-02_AP_PA_run-03.nii.gz
sub-02_ses-baseline_acq-PA_run-03.json: [0 1 0.0244851]
Setup for topup completed for all subjects.
