Log file created at /Volumes/T7_Shield/BIDS/code/logs/ses-baseline_organize_dcm_nifti_bids.sh_2024-07-28_12-05-38.log
Processing /Volumes/T7_Shield/BIDS/sourcedata/Dicom/sub-02/ses-baseline/
Unzipping files for sub-02...
Finished unzipping for sub-02.
Converting DICOM to NIfTI for sub-02 in /Volumes/T7_Shield/BIDS/sourcedata/Dicom/sub-02/ses-baseline/DICOM/20230828/2023_08_28_P002_Baseline/1.52D6F416/8...
Conversion completed for /Volumes/T7_Shield/BIDS/sourcedata/Dicom/sub-02/ses-baseline/DICOM/20230828/2023_08_28_P002_Baseline/1.52D6F416/8.
Converting DICOM to NIfTI for sub-02 in /Volumes/T7_Shield/BIDS/sourcedata/Dicom/sub-02/ses-baseline/DICOM/20230828/2023_08_28_P002_Baseline/1.52D6F416/16...
Conversion completed for /Volumes/T7_Shield/BIDS/sourcedata/Dicom/sub-02/ses-baseline/DICOM/20230828/2023_08_28_P002_Baseline/1.52D6F416/16.
Converting DICOM to NIfTI for sub-02 in /Volumes/T7_Shield/BIDS/sourcedata/Dicom/sub-02/ses-baseline/DICOM/20230828/2023_08_28_P002_Baseline/1.52D6F416/17...
Converting DICOM to NIfTI for sub-02 in /Volumes/T7_Shield/BIDS/sourcedata/Dicom/sub-02/ses-baseline/DICOM/20230828/2023_08_28_P002_Baseline/1.52D6F416/5...
Conversion completed for /Volumes/T7_Shield/BIDS/sourcedata/Dicom/sub-02/ses-baseline/DICOM/20230828/2023_08_28_P002_Baseline/1.52D6F416/5.
Converting DICOM to NIfTI for sub-02 in /Volumes/T7_Shield/BIDS/sourcedata/Dicom/sub-02/ses-baseline/DICOM/20230828/2023_08_28_P002_Baseline/1.52D6F416/3...
Conversion completed for /Volumes/T7_Shield/BIDS/sourcedata/Dicom/sub-02/ses-baseline/DICOM/20230828/2023_08_28_P002_Baseline/1.52D6F416/3.
Converting DICOM to NIfTI for sub-02 in /Volumes/T7_Shield/BIDS/sourcedata/Dicom/sub-02/ses-baseline/DICOM/20230828/2023_08_28_P002_Baseline/1.52D6F416/4...
Conversion completed for /Volumes/T7_Shield/BIDS/sourcedata/Dicom/sub-02/ses-baseline/DICOM/20230828/2023_08_28_P002_Baseline/1.52D6F416/4.
Converting DICOM to NIfTI for sub-02 in /Volumes/T7_Shield/BIDS/sourcedata/Dicom/sub-02/ses-baseline/DICOM/20230828/2023_08_28_P002_Baseline/1.52D6F416/2...
Conversion completed for /Volumes/T7_Shield/BIDS/sourcedata/Dicom/sub-02/ses-baseline/DICOM/20230828/2023_08_28_P002_Baseline/1.52D6F416/2.
Converting DICOM to NIfTI for sub-02 in /Volumes/T7_Shield/BIDS/sourcedata/Dicom/sub-02/ses-baseline/DICOM/20230828/2023_08_28_P002_Baseline/1.52D6F416/6...
Conversion completed for /Volumes/T7_Shield/BIDS/sourcedata/Dicom/sub-02/ses-baseline/DICOM/20230828/2023_08_28_P002_Baseline/1.52D6F416/6.
Converting DICOM to NIfTI for sub-02 in /Volumes/T7_Shield/BIDS/sourcedata/Dicom/sub-02/ses-baseline/DICOM/20230828/2023_08_28_P002_Baseline/1.52D6F416/7...
Conversion completed for /Volumes/T7_Shield/BIDS/sourcedata/Dicom/sub-02/ses-baseline/DICOM/20230828/2023_08_28_P002_Baseline/1.52D6F416/7.
Converting DICOM to NIfTI for sub-02 in /Volumes/T7_Shield/BIDS/sourcedata/Dicom/sub-02/ses-baseline/DICOM/20230828/2023_08_28_P002_Baseline/1.52D6F416/9...
Conversion completed for /Volumes/T7_Shield/BIDS/sourcedata/Dicom/sub-02/ses-baseline/DICOM/20230828/2023_08_28_P002_Baseline/1.52D6F416/9.
Converting DICOM to NIfTI for sub-02 in /Volumes/T7_Shield/BIDS/sourcedata/Dicom/sub-02/ses-baseline/DICOM/20230828/2023_08_28_P002_Baseline/1.52D6F416/12...
Conversion completed for /Volumes/T7_Shield/BIDS/sourcedata/Dicom/sub-02/ses-baseline/DICOM/20230828/2023_08_28_P002_Baseline/1.52D6F416/12.
Converting DICOM to NIfTI for sub-02 in /Volumes/T7_Shield/BIDS/sourcedata/Dicom/sub-02/ses-baseline/DICOM/20230828/2023_08_28_P002_Baseline/1.52D6F416/15...
Conversion completed for /Volumes/T7_Shield/BIDS/sourcedata/Dicom/sub-02/ses-baseline/DICOM/20230828/2023_08_28_P002_Baseline/1.52D6F416/15.
Converting DICOM to NIfTI for sub-02 in /Volumes/T7_Shield/BIDS/sourcedata/Dicom/sub-02/ses-baseline/DICOM/20230828/2023_08_28_P002_Baseline/1.52D6F416/1...
Conversion completed for /Volumes/T7_Shield/BIDS/sourcedata/Dicom/sub-02/ses-baseline/DICOM/20230828/2023_08_28_P002_Baseline/1.52D6F416/1.
Converting DICOM to NIfTI for sub-02 in /Volumes/T7_Shield/BIDS/sourcedata/Dicom/sub-02/ses-baseline/DICOM/20230828/2023_08_28_P002_Baseline/1.52D6F416/19...
Conversion completed for /Volumes/T7_Shield/BIDS/sourcedata/Dicom/sub-02/ses-baseline/DICOM/20230828/2023_08_28_P002_Baseline/1.52D6F416/19.
Converting DICOM to NIfTI for sub-02 in /Volumes/T7_Shield/BIDS/sourcedata/Dicom/sub-02/ses-baseline/DICOM/20230828/2023_08_28_P002_Baseline/1.52D6F416/18...
Conversion completed for /Volumes/T7_Shield/BIDS/sourcedata/Dicom/sub-02/ses-baseline/DICOM/20230828/2023_08_28_P002_Baseline/1.52D6F416/18.
Converting DICOM to NIfTI for sub-02 in /Volumes/T7_Shield/BIDS/sourcedata/Dicom/sub-02/ses-baseline/DICOM/20230828/2023_08_28_P002_Baseline/1.52D6F416/20...
Converting DICOM to NIfTI for sub-02 in /Volumes/T7_Shield/BIDS/sourcedata/Dicom/sub-02/ses-baseline/DICOM/20230828/2023_08_28_P002_Baseline/1.52D6F416/11...
Conversion completed for /Volumes/T7_Shield/BIDS/sourcedata/Dicom/sub-02/ses-baseline/DICOM/20230828/2023_08_28_P002_Baseline/1.52D6F416/11.
Converting DICOM to NIfTI for sub-02 in /Volumes/T7_Shield/BIDS/sourcedata/Dicom/sub-02/ses-baseline/DICOM/20230828/2023_08_28_P002_Baseline/1.52D6F416/10...
Conversion completed for /Volumes/T7_Shield/BIDS/sourcedata/Dicom/sub-02/ses-baseline/DICOM/20230828/2023_08_28_P002_Baseline/1.52D6F416/10.
Converting DICOM to NIfTI for sub-02 in /Volumes/T7_Shield/BIDS/sourcedata/Dicom/sub-02/ses-baseline/DICOM/20230828/2023_08_28_P002_Baseline/1.52D6F416/13...
Conversion completed for /Volumes/T7_Shield/BIDS/sourcedata/Dicom/sub-02/ses-baseline/DICOM/20230828/2023_08_28_P002_Baseline/1.52D6F416/13.
Converting DICOM to NIfTI for sub-02 in /Volumes/T7_Shield/BIDS/sourcedata/Dicom/sub-02/ses-baseline/DICOM/20230828/2023_08_28_P002_Baseline/1.52D6F416/14...
Converting DICOM to NIfTI for sub-02 in /Volumes/T7_Shield/BIDS/sourcedata/Dicom/sub-02/ses-baseline/DICOM/20230828/2023_08_28_P002_Baseline/1.52D6F416/29...
Conversion completed for /Volumes/T7_Shield/BIDS/sourcedata/Dicom/sub-02/ses-baseline/DICOM/20230828/2023_08_28_P002_Baseline/1.52D6F416/29.
Converting DICOM to NIfTI for sub-02 in /Volumes/T7_Shield/BIDS/sourcedata/Dicom/sub-02/ses-baseline/DICOM/20230828/2023_08_28_P002_Baseline/1.52D6F416/30...
Conversion completed for /Volumes/T7_Shield/BIDS/sourcedata/Dicom/sub-02/ses-baseline/DICOM/20230828/2023_08_28_P002_Baseline/1.52D6F416/30.
Converting DICOM to NIfTI for sub-02 in /Volumes/T7_Shield/BIDS/sourcedata/Dicom/sub-02/ses-baseline/DICOM/20230828/2023_08_28_P002_Baseline/1.52D6F416/28...
Conversion completed for /Volumes/T7_Shield/BIDS/sourcedata/Dicom/sub-02/ses-baseline/DICOM/20230828/2023_08_28_P002_Baseline/1.52D6F416/28.
Converting DICOM to NIfTI for sub-02 in /Volumes/T7_Shield/BIDS/sourcedata/Dicom/sub-02/ses-baseline/DICOM/20230828/2023_08_28_P002_Baseline/1.52D6F416/21...
Conversion completed for /Volumes/T7_Shield/BIDS/sourcedata/Dicom/sub-02/ses-baseline/DICOM/20230828/2023_08_28_P002_Baseline/1.52D6F416/21.
Converting DICOM to NIfTI for sub-02 in /Volumes/T7_Shield/BIDS/sourcedata/Dicom/sub-02/ses-baseline/DICOM/20230828/2023_08_28_P002_Baseline/1.52D6F416/23...
Converting DICOM to NIfTI for sub-02 in /Volumes/T7_Shield/BIDS/sourcedata/Dicom/sub-02/ses-baseline/DICOM/20230828/2023_08_28_P002_Baseline/1.52D6F416/25...
Conversion completed for /Volumes/T7_Shield/BIDS/sourcedata/Dicom/sub-02/ses-baseline/DICOM/20230828/2023_08_28_P002_Baseline/1.52D6F416/25.
Converting DICOM to NIfTI for sub-02 in /Volumes/T7_Shield/BIDS/sourcedata/Dicom/sub-02/ses-baseline/DICOM/20230828/2023_08_28_P002_Baseline/1.52D6F416/22...
Conversion completed for /Volumes/T7_Shield/BIDS/sourcedata/Dicom/sub-02/ses-baseline/DICOM/20230828/2023_08_28_P002_Baseline/1.52D6F416/22.
Converting DICOM to NIfTI for sub-02 in /Volumes/T7_Shield/BIDS/sourcedata/Dicom/sub-02/ses-baseline/DICOM/20230828/2023_08_28_P002_Baseline/1.52D6F416/24...
Converting DICOM to NIfTI for sub-02 in /Volumes/T7_Shield/BIDS/sourcedata/Dicom/sub-02/ses-baseline/DICOM/20230828/2023_08_28_P002_Baseline/1.52D6F416/26...
Conversion completed for /Volumes/T7_Shield/BIDS/sourcedata/Dicom/sub-02/ses-baseline/DICOM/20230828/2023_08_28_P002_Baseline/1.52D6F416/26.
Converting DICOM to NIfTI for sub-02 in /Volumes/T7_Shield/BIDS/sourcedata/Dicom/sub-02/ses-baseline/DICOM/20230828/2023_08_28_P002_Baseline/1.52D6F416/27...
Conversion completed for /Volumes/T7_Shield/BIDS/sourcedata/Dicom/sub-02/ses-baseline/DICOM/20230828/2023_08_28_P002_Baseline/1.52D6F416/27.
Moved sub-02_AAHScout_2.nii.gz and associated JSON to /Volumes/T7_Shield/BIDS/sourcedata/Dicom/sub-02/ses-baseline/nifti_output//AAHScout/
Moved sub-02_AAHScout_3_i00001.nii.gz and associated JSON to /Volumes/T7_Shield/BIDS/sourcedata/Dicom/sub-02/ses-baseline/nifti_output//AAHScout/
Moved sub-02_AAHScout_3_i00002.nii.gz and associated JSON to /Volumes/T7_Shield/BIDS/sourcedata/Dicom/sub-02/ses-baseline/nifti_output//AAHScout/
Moved sub-02_AAHScout_3_i00003.nii.gz and associated JSON to /Volumes/T7_Shield/BIDS/sourcedata/Dicom/sub-02/ses-baseline/nifti_output//AAHScout/
Moved sub-02_AAHScout_3_i00004.nii.gz and associated JSON to /Volumes/T7_Shield/BIDS/sourcedata/Dicom/sub-02/ses-baseline/nifti_output//AAHScout/
Moved sub-02_AAHScout_4_i00001.nii.gz and associated JSON to /Volumes/T7_Shield/BIDS/sourcedata/Dicom/sub-02/ses-baseline/nifti_output//AAHScout/
Moved sub-02_AAHScout_4_i00002.nii.gz and associated JSON to /Volumes/T7_Shield/BIDS/sourcedata/Dicom/sub-02/ses-baseline/nifti_output//AAHScout/
Moved sub-02_AAHScout_4_i00003.nii.gz and associated JSON to /Volumes/T7_Shield/BIDS/sourcedata/Dicom/sub-02/ses-baseline/nifti_output//AAHScout/
Moved sub-02_AAHScout_5_i00001.nii.gz and associated JSON to /Volumes/T7_Shield/BIDS/sourcedata/Dicom/sub-02/ses-baseline/nifti_output//AAHScout/
Moved sub-02_AAHScout_5_i00002.nii.gz and associated JSON to /Volumes/T7_Shield/BIDS/sourcedata/Dicom/sub-02/ses-baseline/nifti_output//AAHScout/
Moved sub-02_AAHScout_5_i00003.nii.gz and associated JSON to /Volumes/T7_Shield/BIDS/sourcedata/Dicom/sub-02/ses-baseline/nifti_output//AAHScout/
Moved sub-02_T1w_mprage_800iso_vNav_10.nii.gz and associated JSON to /Volumes/T7_Shield/BIDS/sourcedata/Dicom/sub-02/ses-baseline/nifti_output//T1w_mprage_800iso_vNav/
Moved sub-02_T1w_mprage_800iso_vNav_11.nii.gz and associated JSON to /Volumes/T7_Shield/BIDS/sourcedata/Dicom/sub-02/ses-baseline/nifti_output//T1w_mprage_800iso_vNav/
Moved sub-02_T1w_mprage_800iso_vNav_7_i00001.nii.gz and associated JSON to /Volumes/T7_Shield/BIDS/sourcedata/Dicom/sub-02/ses-baseline/nifti_output//T1w_mprage_800iso_vNav/
Moved sub-02_T1w_mprage_800iso_vNav_7_i00097.nii.gz and associated JSON to /Volumes/T7_Shield/BIDS/sourcedata/Dicom/sub-02/ses-baseline/nifti_output//T1w_mprage_800iso_vNav/
Moved sub-02_T1w_mprage_800iso_vNav_7_i00161.nii.gz and associated JSON to /Volumes/T7_Shield/BIDS/sourcedata/Dicom/sub-02/ses-baseline/nifti_output//T1w_mprage_800iso_vNav/
Moved sub-02_T1w_mprage_800iso_vNav_7_i00225.nii.gz and associated JSON to /Volumes/T7_Shield/BIDS/sourcedata/Dicom/sub-02/ses-baseline/nifti_output//T1w_mprage_800iso_vNav/
Moved sub-02_T1w_mprage_800iso_vNav_7_i00289.nii.gz and associated JSON to /Volumes/T7_Shield/BIDS/sourcedata/Dicom/sub-02/ses-baseline/nifti_output//T1w_mprage_800iso_vNav/
Moved sub-02_T1w_mprage_800iso_vNav_7_i00353.nii.gz and associated JSON to /Volumes/T7_Shield/BIDS/sourcedata/Dicom/sub-02/ses-baseline/nifti_output//T1w_mprage_800iso_vNav/
Moved sub-02_T1w_mprage_800iso_vNav_7_i00417.nii.gz and associated JSON to /Volumes/T7_Shield/BIDS/sourcedata/Dicom/sub-02/ses-baseline/nifti_output//T1w_mprage_800iso_vNav/
Moved sub-02_T1w_mprage_800iso_vNav_7_i00481.nii.gz and associated JSON to /Volumes/T7_Shield/BIDS/sourcedata/Dicom/sub-02/ses-baseline/nifti_output//T1w_mprage_800iso_vNav/
Moved sub-02_T1w_mprage_800iso_vNav_7_i00545.nii.gz and associated JSON to /Volumes/T7_Shield/BIDS/sourcedata/Dicom/sub-02/ses-baseline/nifti_output//T1w_mprage_800iso_vNav/
Moved sub-02_T1w_mprage_800iso_vNav_7_i00609.nii.gz and associated JSON to /Volumes/T7_Shield/BIDS/sourcedata/Dicom/sub-02/ses-baseline/nifti_output//T1w_mprage_800iso_vNav/
Moved sub-02_T1w_mprage_800iso_vNav_7_i00673.nii.gz and associated JSON to /Volumes/T7_Shield/BIDS/sourcedata/Dicom/sub-02/ses-baseline/nifti_output//T1w_mprage_800iso_vNav/
Moved sub-02_T1w_mprage_800iso_vNav_7_i00737.nii.gz and associated JSON to /Volumes/T7_Shield/BIDS/sourcedata/Dicom/sub-02/ses-baseline/nifti_output//T1w_mprage_800iso_vNav/
Moved sub-02_T1w_mprage_800iso_vNav_7_i00801.nii.gz and associated JSON to /Volumes/T7_Shield/BIDS/sourcedata/Dicom/sub-02/ses-baseline/nifti_output//T1w_mprage_800iso_vNav/
Moved sub-02_T1w_mprage_800iso_vNav_7_i00865.nii.gz and associated JSON to /Volumes/T7_Shield/BIDS/sourcedata/Dicom/sub-02/ses-baseline/nifti_output//T1w_mprage_800iso_vNav/
Moved sub-02_T1w_mprage_800iso_vNav_7_i00929.nii.gz and associated JSON to /Volumes/T7_Shield/BIDS/sourcedata/Dicom/sub-02/ses-baseline/nifti_output//T1w_mprage_800iso_vNav/
Moved sub-02_T1w_mprage_800iso_vNav_7_i00993.nii.gz and associated JSON to /Volumes/T7_Shield/BIDS/sourcedata/Dicom/sub-02/ses-baseline/nifti_output//T1w_mprage_800iso_vNav/
Moved sub-02_T1w_mprage_800iso_vNav_7_i01057.nii.gz and associated JSON to /Volumes/T7_Shield/BIDS/sourcedata/Dicom/sub-02/ses-baseline/nifti_output//T1w_mprage_800iso_vNav/
Moved sub-02_T1w_mprage_800iso_vNav_7_i01121.nii.gz and associated JSON to /Volumes/T7_Shield/BIDS/sourcedata/Dicom/sub-02/ses-baseline/nifti_output//T1w_mprage_800iso_vNav/
Moved sub-02_T1w_mprage_800iso_vNav_7_i01185.nii.gz and associated JSON to /Volumes/T7_Shield/BIDS/sourcedata/Dicom/sub-02/ses-baseline/nifti_output//T1w_mprage_800iso_vNav/
Moved sub-02_T1w_mprage_800iso_vNav_7_i01249.nii.gz and associated JSON to /Volumes/T7_Shield/BIDS/sourcedata/Dicom/sub-02/ses-baseline/nifti_output//T1w_mprage_800iso_vNav/
Moved sub-02_T1w_mprage_800iso_vNav_7_i01313.nii.gz and associated JSON to /Volumes/T7_Shield/BIDS/sourcedata/Dicom/sub-02/ses-baseline/nifti_output//T1w_mprage_800iso_vNav/
Moved sub-02_T1w_mprage_800iso_vNav_7_i01377.nii.gz and associated JSON to /Volumes/T7_Shield/BIDS/sourcedata/Dicom/sub-02/ses-baseline/nifti_output//T1w_mprage_800iso_vNav/
Moved sub-02_T1w_mprage_800iso_vNav_7_i01441.nii.gz and associated JSON to /Volumes/T7_Shield/BIDS/sourcedata/Dicom/sub-02/ses-baseline/nifti_output//T1w_mprage_800iso_vNav/
Moved sub-02_T1w_mprage_800iso_vNav_7_i01505.nii.gz and associated JSON to /Volumes/T7_Shield/BIDS/sourcedata/Dicom/sub-02/ses-baseline/nifti_output//T1w_mprage_800iso_vNav/
Moved sub-02_T1w_mprage_800iso_vNav_7_i01569.nii.gz and associated JSON to /Volumes/T7_Shield/BIDS/sourcedata/Dicom/sub-02/ses-baseline/nifti_output//T1w_mprage_800iso_vNav/
Moved sub-02_T1w_mprage_800iso_vNav_7_i01633.nii.gz and associated JSON to /Volumes/T7_Shield/BIDS/sourcedata/Dicom/sub-02/ses-baseline/nifti_output//T1w_mprage_800iso_vNav/
Moved sub-02_T1w_mprage_800iso_vNav_7_i01697.nii.gz and associated JSON to /Volumes/T7_Shield/BIDS/sourcedata/Dicom/sub-02/ses-baseline/nifti_output//T1w_mprage_800iso_vNav/
Moved sub-02_T1w_mprage_800iso_vNav_7_i01761.nii.gz and associated JSON to /Volumes/T7_Shield/BIDS/sourcedata/Dicom/sub-02/ses-baseline/nifti_output//T1w_mprage_800iso_vNav/
Moved sub-02_T1w_mprage_800iso_vNav_7_i01825.nii.gz and associated JSON to /Volumes/T7_Shield/BIDS/sourcedata/Dicom/sub-02/ses-baseline/nifti_output//T1w_mprage_800iso_vNav/
Moved sub-02_T1w_mprage_800iso_vNav_7_i01889.nii.gz and associated JSON to /Volumes/T7_Shield/BIDS/sourcedata/Dicom/sub-02/ses-baseline/nifti_output//T1w_mprage_800iso_vNav/
Moved sub-02_T1w_mprage_800iso_vNav_7_i01953.nii.gz and associated JSON to /Volumes/T7_Shield/BIDS/sourcedata/Dicom/sub-02/ses-baseline/nifti_output//T1w_mprage_800iso_vNav/
Moved sub-02_T1w_mprage_800iso_vNav_7_i02017.nii.gz and associated JSON to /Volumes/T7_Shield/BIDS/sourcedata/Dicom/sub-02/ses-baseline/nifti_output//T1w_mprage_800iso_vNav/
Moved sub-02_T1w_mprage_800iso_vNav_7_i02081.nii.gz and associated JSON to /Volumes/T7_Shield/BIDS/sourcedata/Dicom/sub-02/ses-baseline/nifti_output//T1w_mprage_800iso_vNav/
Moved sub-02_T1w_mprage_800iso_vNav_7_i02145.nii.gz and associated JSON to /Volumes/T7_Shield/BIDS/sourcedata/Dicom/sub-02/ses-baseline/nifti_output//T1w_mprage_800iso_vNav/
Moved sub-02_T1w_mprage_800iso_vNav_7_i02209.nii.gz and associated JSON to /Volumes/T7_Shield/BIDS/sourcedata/Dicom/sub-02/ses-baseline/nifti_output//T1w_mprage_800iso_vNav/
Moved sub-02_T1w_mprage_800iso_vNav_7_i02273.nii.gz and associated JSON to /Volumes/T7_Shield/BIDS/sourcedata/Dicom/sub-02/ses-baseline/nifti_output//T1w_mprage_800iso_vNav/
Moved sub-02_T1w_mprage_800iso_vNav_7_i02337.nii.gz and associated JSON to /Volumes/T7_Shield/BIDS/sourcedata/Dicom/sub-02/ses-baseline/nifti_output//T1w_mprage_800iso_vNav/
Moved sub-02_T1w_mprage_800iso_vNav_7_i02401.nii.gz and associated JSON to /Volumes/T7_Shield/BIDS/sourcedata/Dicom/sub-02/ses-baseline/nifti_output//T1w_mprage_800iso_vNav/
Moved sub-02_T1w_mprage_800iso_vNav_7_i02465.nii.gz and associated JSON to /Volumes/T7_Shield/BIDS/sourcedata/Dicom/sub-02/ses-baseline/nifti_output//T1w_mprage_800iso_vNav/
Moved sub-02_T1w_mprage_800iso_vNav_7_i02529.nii.gz and associated JSON to /Volumes/T7_Shield/BIDS/sourcedata/Dicom/sub-02/ses-baseline/nifti_output//T1w_mprage_800iso_vNav/
Moved sub-02_T1w_mprage_800iso_vNav_7_i02593.nii.gz and associated JSON to /Volumes/T7_Shield/BIDS/sourcedata/Dicom/sub-02/ses-baseline/nifti_output//T1w_mprage_800iso_vNav/
Moved sub-02_T1w_mprage_800iso_vNav_7_i02657.nii.gz and associated JSON to /Volumes/T7_Shield/BIDS/sourcedata/Dicom/sub-02/ses-baseline/nifti_output//T1w_mprage_800iso_vNav/
Moved sub-02_T1w_mprage_800iso_vNav_7_i02721.nii.gz and associated JSON to /Volumes/T7_Shield/BIDS/sourcedata/Dicom/sub-02/ses-baseline/nifti_output//T1w_mprage_800iso_vNav/
Moved sub-02_T1w_mprage_800iso_vNav_7_i02785.nii.gz and associated JSON to /Volumes/T7_Shield/BIDS/sourcedata/Dicom/sub-02/ses-baseline/nifti_output//T1w_mprage_800iso_vNav/
Moved sub-02_T1w_mprage_800iso_vNav_7_i02849.nii.gz and associated JSON to /Volumes/T7_Shield/BIDS/sourcedata/Dicom/sub-02/ses-baseline/nifti_output//T1w_mprage_800iso_vNav/
Moved sub-02_T1w_mprage_800iso_vNav_7_i02913.nii.gz and associated JSON to /Volumes/T7_Shield/BIDS/sourcedata/Dicom/sub-02/ses-baseline/nifti_output//T1w_mprage_800iso_vNav/
Moved sub-02_T1w_mprage_800iso_vNav_7_i02977.nii.gz and associated JSON to /Volumes/T7_Shield/BIDS/sourcedata/Dicom/sub-02/ses-baseline/nifti_output//T1w_mprage_800iso_vNav/
Moved sub-02_T1w_mprage_800iso_vNav_7_i03041.nii.gz and associated JSON to /Volumes/T7_Shield/BIDS/sourcedata/Dicom/sub-02/ses-baseline/nifti_output//T1w_mprage_800iso_vNav/
Moved sub-02_T1w_mprage_800iso_vNav_7_i03105.nii.gz and associated JSON to /Volumes/T7_Shield/BIDS/sourcedata/Dicom/sub-02/ses-baseline/nifti_output//T1w_mprage_800iso_vNav/
Moved sub-02_T1w_mprage_800iso_vNav_7_i03169.nii.gz and associated JSON to /Volumes/T7_Shield/BIDS/sourcedata/Dicom/sub-02/ses-baseline/nifti_output//T1w_mprage_800iso_vNav/
Moved sub-02_T1w_mprage_800iso_vNav_7_i03233.nii.gz and associated JSON to /Volumes/T7_Shield/BIDS/sourcedata/Dicom/sub-02/ses-baseline/nifti_output//T1w_mprage_800iso_vNav/
Moved sub-02_T1w_mprage_800iso_vNav_7_i03297.nii.gz and associated JSON to /Volumes/T7_Shield/BIDS/sourcedata/Dicom/sub-02/ses-baseline/nifti_output//T1w_mprage_800iso_vNav/
Moved sub-02_T1w_mprage_800iso_vNav_7_i03361.nii.gz and associated JSON to /Volumes/T7_Shield/BIDS/sourcedata/Dicom/sub-02/ses-baseline/nifti_output//T1w_mprage_800iso_vNav/
Moved sub-02_T1w_mprage_800iso_vNav_7_i03425.nii.gz and associated JSON to /Volumes/T7_Shield/BIDS/sourcedata/Dicom/sub-02/ses-baseline/nifti_output//T1w_mprage_800iso_vNav/
Moved sub-02_T1w_mprage_800iso_vNav_7_i03489.nii.gz and associated JSON to /Volumes/T7_Shield/BIDS/sourcedata/Dicom/sub-02/ses-baseline/nifti_output//T1w_mprage_800iso_vNav/
Moved sub-02_T1w_mprage_800iso_vNav_7_i03553.nii.gz and associated JSON to /Volumes/T7_Shield/BIDS/sourcedata/Dicom/sub-02/ses-baseline/nifti_output//T1w_mprage_800iso_vNav/
Moved sub-02_T1w_mprage_800iso_vNav_7_i03681.nii.gz and associated JSON to /Volumes/T7_Shield/BIDS/sourcedata/Dicom/sub-02/ses-baseline/nifti_output//T1w_mprage_800iso_vNav/
Moved sub-02_T1w_mprage_800iso_vNav_7_i03745.nii.gz and associated JSON to /Volumes/T7_Shield/BIDS/sourcedata/Dicom/sub-02/ses-baseline/nifti_output//T1w_mprage_800iso_vNav/
Moved sub-02_T1w_mprage_800iso_vNav_7_i03809.nii.gz and associated JSON to /Volumes/T7_Shield/BIDS/sourcedata/Dicom/sub-02/ses-baseline/nifti_output//T1w_mprage_800iso_vNav/
Moved sub-02_T1w_mprage_800iso_vNav_7_i03873.nii.gz and associated JSON to /Volumes/T7_Shield/BIDS/sourcedata/Dicom/sub-02/ses-baseline/nifti_output//T1w_mprage_800iso_vNav/
Moved sub-02_T1w_mprage_800iso_vNav_7_i04001.nii.gz and associated JSON to /Volumes/T7_Shield/BIDS/sourcedata/Dicom/sub-02/ses-baseline/nifti_output//T1w_mprage_800iso_vNav/
Moved sub-02_T1w_mprage_800iso_vNav_7_i04065.nii.gz and associated JSON to /Volumes/T7_Shield/BIDS/sourcedata/Dicom/sub-02/ses-baseline/nifti_output//T1w_mprage_800iso_vNav/
Moved sub-02_T1w_mprage_800iso_vNav_7_i04129.nii.gz and associated JSON to /Volumes/T7_Shield/BIDS/sourcedata/Dicom/sub-02/ses-baseline/nifti_output//T1w_mprage_800iso_vNav/
Moved sub-02_T1w_mprage_800iso_vNav_7_i04193.nii.gz and associated JSON to /Volumes/T7_Shield/BIDS/sourcedata/Dicom/sub-02/ses-baseline/nifti_output//T1w_mprage_800iso_vNav/
Moved sub-02_T1w_mprage_800iso_vNav_7_i04257.nii.gz and associated JSON to /Volumes/T7_Shield/BIDS/sourcedata/Dicom/sub-02/ses-baseline/nifti_output//T1w_mprage_800iso_vNav/
Moved sub-02_T1w_mprage_800iso_vNav_7_i04321.nii.gz and associated JSON to /Volumes/T7_Shield/BIDS/sourcedata/Dicom/sub-02/ses-baseline/nifti_output//T1w_mprage_800iso_vNav/
Moved sub-02_T1w_mprage_800iso_vNav_7_i04385.nii.gz and associated JSON to /Volumes/T7_Shield/BIDS/sourcedata/Dicom/sub-02/ses-baseline/nifti_output//T1w_mprage_800iso_vNav/
Moved sub-02_T1w_mprage_800iso_vNav_7_i04449.nii.gz and associated JSON to /Volumes/T7_Shield/BIDS/sourcedata/Dicom/sub-02/ses-baseline/nifti_output//T1w_mprage_800iso_vNav/
Moved sub-02_T1w_mprage_800iso_vNav_7_i04513.nii.gz and associated JSON to /Volumes/T7_Shield/BIDS/sourcedata/Dicom/sub-02/ses-baseline/nifti_output//T1w_mprage_800iso_vNav/
Moved sub-02_T1w_mprage_800iso_vNav_7_i04577.nii.gz and associated JSON to /Volumes/T7_Shield/BIDS/sourcedata/Dicom/sub-02/ses-baseline/nifti_output//T1w_mprage_800iso_vNav/
Moved sub-02_T1w_mprage_800iso_vNav_7_i04641.nii.gz and associated JSON to /Volumes/T7_Shield/BIDS/sourcedata/Dicom/sub-02/ses-baseline/nifti_output//T1w_mprage_800iso_vNav/
Moved sub-02_T1w_mprage_800iso_vNav_7_i04705.nii.gz and associated JSON to /Volumes/T7_Shield/BIDS/sourcedata/Dicom/sub-02/ses-baseline/nifti_output//T1w_mprage_800iso_vNav/
Moved sub-02_T1w_mprage_800iso_vNav_7_i04769.nii.gz and associated JSON to /Volumes/T7_Shield/BIDS/sourcedata/Dicom/sub-02/ses-baseline/nifti_output//T1w_mprage_800iso_vNav/
Moved sub-02_T1w_mprage_800iso_vNav_7_i04833.nii.gz and associated JSON to /Volumes/T7_Shield/BIDS/sourcedata/Dicom/sub-02/ses-baseline/nifti_output//T1w_mprage_800iso_vNav/
Moved sub-02_T1w_mprage_800iso_vNav_7_i04897.nii.gz and associated JSON to /Volumes/T7_Shield/BIDS/sourcedata/Dicom/sub-02/ses-baseline/nifti_output//T1w_mprage_800iso_vNav/
Moved sub-02_T1w_mprage_800iso_vNav_7_i04961.nii.gz and associated JSON to /Volumes/T7_Shield/BIDS/sourcedata/Dicom/sub-02/ses-baseline/nifti_output//T1w_mprage_800iso_vNav/
Moved sub-02_T1w_mprage_800iso_vNav_7_i05025.nii.gz and associated JSON to /Volumes/T7_Shield/BIDS/sourcedata/Dicom/sub-02/ses-baseline/nifti_output//T1w_mprage_800iso_vNav/
Moved sub-02_T1w_mprage_800iso_vNav_7_i05089.nii.gz and associated JSON to /Volumes/T7_Shield/BIDS/sourcedata/Dicom/sub-02/ses-baseline/nifti_output//T1w_mprage_800iso_vNav/
Moved sub-02_T1w_mprage_800iso_vNav_7_i05153.nii.gz and associated JSON to /Volumes/T7_Shield/BIDS/sourcedata/Dicom/sub-02/ses-baseline/nifti_output//T1w_mprage_800iso_vNav/
Moved sub-02_T1w_mprage_800iso_vNav_7_i05217.nii.gz and associated JSON to /Volumes/T7_Shield/BIDS/sourcedata/Dicom/sub-02/ses-baseline/nifti_output//T1w_mprage_800iso_vNav/
Moved sub-02_T1w_mprage_800iso_vNav_7_i05281.nii.gz and associated JSON to /Volumes/T7_Shield/BIDS/sourcedata/Dicom/sub-02/ses-baseline/nifti_output//T1w_mprage_800iso_vNav/
Moved sub-02_T1w_mprage_800iso_vNav_7_i05345.nii.gz and associated JSON to /Volumes/T7_Shield/BIDS/sourcedata/Dicom/sub-02/ses-baseline/nifti_output//T1w_mprage_800iso_vNav/
Moved sub-02_T1w_mprage_800iso_vNav_7_i05409.nii.gz and associated JSON to /Volumes/T7_Shield/BIDS/sourcedata/Dicom/sub-02/ses-baseline/nifti_output//T1w_mprage_800iso_vNav/
Moved sub-02_T1w_mprage_800iso_vNav_7_i05473.nii.gz and associated JSON to /Volumes/T7_Shield/BIDS/sourcedata/Dicom/sub-02/ses-baseline/nifti_output//T1w_mprage_800iso_vNav/
Moved sub-02_T1w_mprage_800iso_vNav_7_i05537.nii.gz and associated JSON to /Volumes/T7_Shield/BIDS/sourcedata/Dicom/sub-02/ses-baseline/nifti_output//T1w_mprage_800iso_vNav/
Moved sub-02_T1w_mprage_800iso_vNav_7_i05601.nii.gz and associated JSON to /Volumes/T7_Shield/BIDS/sourcedata/Dicom/sub-02/ses-baseline/nifti_output//T1w_mprage_800iso_vNav/
Moved sub-02_T1w_mprage_800iso_vNav_7_i05665.nii.gz and associated JSON to /Volumes/T7_Shield/BIDS/sourcedata/Dicom/sub-02/ses-baseline/nifti_output//T1w_mprage_800iso_vNav/
Moved sub-02_T1w_mprage_800iso_vNav_7_i05729.nii.gz and associated JSON to /Volumes/T7_Shield/BIDS/sourcedata/Dicom/sub-02/ses-baseline/nifti_output//T1w_mprage_800iso_vNav/
Moved sub-02_T1w_mprage_800iso_vNav_7_i05793.nii.gz and associated JSON to /Volumes/T7_Shield/BIDS/sourcedata/Dicom/sub-02/ses-baseline/nifti_output//T1w_mprage_800iso_vNav/
Moved sub-02_T1w_mprage_800iso_vNav_7_i05857.nii.gz and associated JSON to /Volumes/T7_Shield/BIDS/sourcedata/Dicom/sub-02/ses-baseline/nifti_output//T1w_mprage_800iso_vNav/
Moved sub-02_T1w_mprage_800iso_vNav_7_i05921.nii.gz and associated JSON to /Volumes/T7_Shield/BIDS/sourcedata/Dicom/sub-02/ses-baseline/nifti_output//T1w_mprage_800iso_vNav/
Moved sub-02_T1w_mprage_800iso_vNav_7_i05985.nii.gz and associated JSON to /Volumes/T7_Shield/BIDS/sourcedata/Dicom/sub-02/ses-baseline/nifti_output//T1w_mprage_800iso_vNav/
Moved sub-02_T1w_mprage_800iso_vNav_7_i06049.nii.gz and associated JSON to /Volumes/T7_Shield/BIDS/sourcedata/Dicom/sub-02/ses-baseline/nifti_output//T1w_mprage_800iso_vNav/
Moved sub-02_T1w_mprage_800iso_vNav_8_e1.nii.gz and associated JSON to /Volumes/T7_Shield/BIDS/sourcedata/Dicom/sub-02/ses-baseline/nifti_output//T1w_mprage_800iso_vNav/
Moved sub-02_T1w_mprage_800iso_vNav_8_e2.nii.gz and associated JSON to /Volumes/T7_Shield/BIDS/sourcedata/Dicom/sub-02/ses-baseline/nifti_output//T1w_mprage_800iso_vNav/
Moved sub-02_T1w_mprage_800iso_vNav_8_e3.nii.gz and associated JSON to /Volumes/T7_Shield/BIDS/sourcedata/Dicom/sub-02/ses-baseline/nifti_output//T1w_mprage_800iso_vNav/
Moved sub-02_T1w_mprage_800iso_vNav_8_e4.nii.gz and associated JSON to /Volumes/T7_Shield/BIDS/sourcedata/Dicom/sub-02/ses-baseline/nifti_output//T1w_mprage_800iso_vNav/
Moved sub-02_T1w_mprage_800iso_vNav_9_e1.nii.gz and associated JSON to /Volumes/T7_Shield/BIDS/sourcedata/Dicom/sub-02/ses-baseline/nifti_output//T1w_mprage_800iso_vNav/
Moved sub-02_T1w_mprage_800iso_vNav_9_e2.nii.gz and associated JSON to /Volumes/T7_Shield/BIDS/sourcedata/Dicom/sub-02/ses-baseline/nifti_output//T1w_mprage_800iso_vNav/
Moved sub-02_T1w_mprage_800iso_vNav_9_e3.nii.gz and associated JSON to /Volumes/T7_Shield/BIDS/sourcedata/Dicom/sub-02/ses-baseline/nifti_output//T1w_mprage_800iso_vNav/
Moved sub-02_T1w_mprage_800iso_vNav_9_e4.nii.gz and associated JSON to /Volumes/T7_Shield/BIDS/sourcedata/Dicom/sub-02/ses-baseline/nifti_output//T1w_mprage_800iso_vNav/
Moved sub-02_T1w_vNav_setter_6.nii.gz and associated JSON to /Volumes/T7_Shield/BIDS/sourcedata/Dicom/sub-02/ses-baseline/nifti_output//T1w_vNav_setter/
Moved sub-02_T2w_space_800iso_vNav_28_i00001.nii.gz and associated JSON to /Volumes/T7_Shield/BIDS/sourcedata/Dicom/sub-02/ses-baseline/nifti_output//T2w_space_800iso_vNav/
Moved sub-02_T2w_space_800iso_vNav_28_i00065.nii.gz and associated JSON to /Volumes/T7_Shield/BIDS/sourcedata/Dicom/sub-02/ses-baseline/nifti_output//T2w_space_800iso_vNav/
Moved sub-02_T2w_space_800iso_vNav_28_i00097.nii.gz and associated JSON to /Volumes/T7_Shield/BIDS/sourcedata/Dicom/sub-02/ses-baseline/nifti_output//T2w_space_800iso_vNav/
Moved sub-02_T2w_space_800iso_vNav_28_i00129.nii.gz and associated JSON to /Volumes/T7_Shield/BIDS/sourcedata/Dicom/sub-02/ses-baseline/nifti_output//T2w_space_800iso_vNav/
Moved sub-02_T2w_space_800iso_vNav_28_i00161.nii.gz and associated JSON to /Volumes/T7_Shield/BIDS/sourcedata/Dicom/sub-02/ses-baseline/nifti_output//T2w_space_800iso_vNav/
Moved sub-02_T2w_space_800iso_vNav_28_i00193.nii.gz and associated JSON to /Volumes/T7_Shield/BIDS/sourcedata/Dicom/sub-02/ses-baseline/nifti_output//T2w_space_800iso_vNav/
Moved sub-02_T2w_space_800iso_vNav_28_i00225.nii.gz and associated JSON to /Volumes/T7_Shield/BIDS/sourcedata/Dicom/sub-02/ses-baseline/nifti_output//T2w_space_800iso_vNav/
Moved sub-02_T2w_space_800iso_vNav_28_i00257.nii.gz and associated JSON to /Volumes/T7_Shield/BIDS/sourcedata/Dicom/sub-02/ses-baseline/nifti_output//T2w_space_800iso_vNav/
Moved sub-02_T2w_space_800iso_vNav_28_i00289.nii.gz and associated JSON to /Volumes/T7_Shield/BIDS/sourcedata/Dicom/sub-02/ses-baseline/nifti_output//T2w_space_800iso_vNav/
Moved sub-02_T2w_space_800iso_vNav_28_i00321.nii.gz and associated JSON to /Volumes/T7_Shield/BIDS/sourcedata/Dicom/sub-02/ses-baseline/nifti_output//T2w_space_800iso_vNav/
Moved sub-02_T2w_space_800iso_vNav_28_i00353.nii.gz and associated JSON to /Volumes/T7_Shield/BIDS/sourcedata/Dicom/sub-02/ses-baseline/nifti_output//T2w_space_800iso_vNav/
Moved sub-02_T2w_space_800iso_vNav_28_i00385.nii.gz and associated JSON to /Volumes/T7_Shield/BIDS/sourcedata/Dicom/sub-02/ses-baseline/nifti_output//T2w_space_800iso_vNav/
Moved sub-02_T2w_space_800iso_vNav_28_i00417.nii.gz and associated JSON to /Volumes/T7_Shield/BIDS/sourcedata/Dicom/sub-02/ses-baseline/nifti_output//T2w_space_800iso_vNav/
Moved sub-02_T2w_space_800iso_vNav_28_i00449.nii.gz and associated JSON to /Volumes/T7_Shield/BIDS/sourcedata/Dicom/sub-02/ses-baseline/nifti_output//T2w_space_800iso_vNav/
Moved sub-02_T2w_space_800iso_vNav_28_i00481.nii.gz and associated JSON to /Volumes/T7_Shield/BIDS/sourcedata/Dicom/sub-02/ses-baseline/nifti_output//T2w_space_800iso_vNav/
Moved sub-02_T2w_space_800iso_vNav_28_i00513.nii.gz and associated JSON to /Volumes/T7_Shield/BIDS/sourcedata/Dicom/sub-02/ses-baseline/nifti_output//T2w_space_800iso_vNav/
Moved sub-02_T2w_space_800iso_vNav_28_i00545.nii.gz and associated JSON to /Volumes/T7_Shield/BIDS/sourcedata/Dicom/sub-02/ses-baseline/nifti_output//T2w_space_800iso_vNav/
Moved sub-02_T2w_space_800iso_vNav_28_i00577.nii.gz and associated JSON to /Volumes/T7_Shield/BIDS/sourcedata/Dicom/sub-02/ses-baseline/nifti_output//T2w_space_800iso_vNav/
Moved sub-02_T2w_space_800iso_vNav_28_i00609.nii.gz and associated JSON to /Volumes/T7_Shield/BIDS/sourcedata/Dicom/sub-02/ses-baseline/nifti_output//T2w_space_800iso_vNav/
Moved sub-02_T2w_space_800iso_vNav_28_i00641.nii.gz and associated JSON to /Volumes/T7_Shield/BIDS/sourcedata/Dicom/sub-02/ses-baseline/nifti_output//T2w_space_800iso_vNav/
Moved sub-02_T2w_space_800iso_vNav_28_i00705.nii.gz and associated JSON to /Volumes/T7_Shield/BIDS/sourcedata/Dicom/sub-02/ses-baseline/nifti_output//T2w_space_800iso_vNav/
Moved sub-02_T2w_space_800iso_vNav_28_i00737.nii.gz and associated JSON to /Volumes/T7_Shield/BIDS/sourcedata/Dicom/sub-02/ses-baseline/nifti_output//T2w_space_800iso_vNav/
Moved sub-02_T2w_space_800iso_vNav_28_i00769.nii.gz and associated JSON to /Volumes/T7_Shield/BIDS/sourcedata/Dicom/sub-02/ses-baseline/nifti_output//T2w_space_800iso_vNav/
Moved sub-02_T2w_space_800iso_vNav_28_i00801.nii.gz and associated JSON to /Volumes/T7_Shield/BIDS/sourcedata/Dicom/sub-02/ses-baseline/nifti_output//T2w_space_800iso_vNav/
Moved sub-02_T2w_space_800iso_vNav_28_i00833.nii.gz and associated JSON to /Volumes/T7_Shield/BIDS/sourcedata/Dicom/sub-02/ses-baseline/nifti_output//T2w_space_800iso_vNav/
Moved sub-02_T2w_space_800iso_vNav_28_i00865.nii.gz and associated JSON to /Volumes/T7_Shield/BIDS/sourcedata/Dicom/sub-02/ses-baseline/nifti_output//T2w_space_800iso_vNav/
Moved sub-02_T2w_space_800iso_vNav_28_i00897.nii.gz and associated JSON to /Volumes/T7_Shield/BIDS/sourcedata/Dicom/sub-02/ses-baseline/nifti_output//T2w_space_800iso_vNav/
Moved sub-02_T2w_space_800iso_vNav_28_i00929.nii.gz and associated JSON to /Volumes/T7_Shield/BIDS/sourcedata/Dicom/sub-02/ses-baseline/nifti_output//T2w_space_800iso_vNav/
Moved sub-02_T2w_space_800iso_vNav_28_i00961.nii.gz and associated JSON to /Volumes/T7_Shield/BIDS/sourcedata/Dicom/sub-02/ses-baseline/nifti_output//T2w_space_800iso_vNav/
Moved sub-02_T2w_space_800iso_vNav_28_i00993.nii.gz and associated JSON to /Volumes/T7_Shield/BIDS/sourcedata/Dicom/sub-02/ses-baseline/nifti_output//T2w_space_800iso_vNav/
Moved sub-02_T2w_space_800iso_vNav_28_i01025.nii.gz and associated JSON to /Volumes/T7_Shield/BIDS/sourcedata/Dicom/sub-02/ses-baseline/nifti_output//T2w_space_800iso_vNav/
Moved sub-02_T2w_space_800iso_vNav_28_i01057.nii.gz and associated JSON to /Volumes/T7_Shield/BIDS/sourcedata/Dicom/sub-02/ses-baseline/nifti_output//T2w_space_800iso_vNav/
Moved sub-02_T2w_space_800iso_vNav_28_i01089.nii.gz and associated JSON to /Volumes/T7_Shield/BIDS/sourcedata/Dicom/sub-02/ses-baseline/nifti_output//T2w_space_800iso_vNav/
Moved sub-02_T2w_space_800iso_vNav_28_i01121.nii.gz and associated JSON to /Volumes/T7_Shield/BIDS/sourcedata/Dicom/sub-02/ses-baseline/nifti_output//T2w_space_800iso_vNav/
Moved sub-02_T2w_space_800iso_vNav_28_i01153.nii.gz and associated JSON to /Volumes/T7_Shield/BIDS/sourcedata/Dicom/sub-02/ses-baseline/nifti_output//T2w_space_800iso_vNav/
Moved sub-02_T2w_space_800iso_vNav_28_i01185.nii.gz and associated JSON to /Volumes/T7_Shield/BIDS/sourcedata/Dicom/sub-02/ses-baseline/nifti_output//T2w_space_800iso_vNav/
Moved sub-02_T2w_space_800iso_vNav_28_i01217.nii.gz and associated JSON to /Volumes/T7_Shield/BIDS/sourcedata/Dicom/sub-02/ses-baseline/nifti_output//T2w_space_800iso_vNav/
Moved sub-02_T2w_space_800iso_vNav_28_i01249.nii.gz and associated JSON to /Volumes/T7_Shield/BIDS/sourcedata/Dicom/sub-02/ses-baseline/nifti_output//T2w_space_800iso_vNav/
Moved sub-02_T2w_space_800iso_vNav_28_i01281.nii.gz and associated JSON to /Volumes/T7_Shield/BIDS/sourcedata/Dicom/sub-02/ses-baseline/nifti_output//T2w_space_800iso_vNav/
Moved sub-02_T2w_space_800iso_vNav_28_i01313.nii.gz and associated JSON to /Volumes/T7_Shield/BIDS/sourcedata/Dicom/sub-02/ses-baseline/nifti_output//T2w_space_800iso_vNav/
Moved sub-02_T2w_space_800iso_vNav_28_i01345.nii.gz and associated JSON to /Volumes/T7_Shield/BIDS/sourcedata/Dicom/sub-02/ses-baseline/nifti_output//T2w_space_800iso_vNav/
Moved sub-02_T2w_space_800iso_vNav_28_i01377.nii.gz and associated JSON to /Volumes/T7_Shield/BIDS/sourcedata/Dicom/sub-02/ses-baseline/nifti_output//T2w_space_800iso_vNav/
Moved sub-02_T2w_space_800iso_vNav_28_i01409.nii.gz and associated JSON to /Volumes/T7_Shield/BIDS/sourcedata/Dicom/sub-02/ses-baseline/nifti_output//T2w_space_800iso_vNav/
Moved sub-02_T2w_space_800iso_vNav_28_i01441.nii.gz and associated JSON to /Volumes/T7_Shield/BIDS/sourcedata/Dicom/sub-02/ses-baseline/nifti_output//T2w_space_800iso_vNav/
Moved sub-02_T2w_space_800iso_vNav_28_i01473.nii.gz and associated JSON to /Volumes/T7_Shield/BIDS/sourcedata/Dicom/sub-02/ses-baseline/nifti_output//T2w_space_800iso_vNav/
Moved sub-02_T2w_space_800iso_vNav_28_i01505.nii.gz and associated JSON to /Volumes/T7_Shield/BIDS/sourcedata/Dicom/sub-02/ses-baseline/nifti_output//T2w_space_800iso_vNav/
Moved sub-02_T2w_space_800iso_vNav_28_i01537.nii.gz and associated JSON to /Volumes/T7_Shield/BIDS/sourcedata/Dicom/sub-02/ses-baseline/nifti_output//T2w_space_800iso_vNav/
Moved sub-02_T2w_space_800iso_vNav_28_i01569.nii.gz and associated JSON to /Volumes/T7_Shield/BIDS/sourcedata/Dicom/sub-02/ses-baseline/nifti_output//T2w_space_800iso_vNav/
Moved sub-02_T2w_space_800iso_vNav_28_i01601.nii.gz and associated JSON to /Volumes/T7_Shield/BIDS/sourcedata/Dicom/sub-02/ses-baseline/nifti_output//T2w_space_800iso_vNav/
Moved sub-02_T2w_space_800iso_vNav_28_i01633.nii.gz and associated JSON to /Volumes/T7_Shield/BIDS/sourcedata/Dicom/sub-02/ses-baseline/nifti_output//T2w_space_800iso_vNav/
Moved sub-02_T2w_space_800iso_vNav_28_i01665.nii.gz and associated JSON to /Volumes/T7_Shield/BIDS/sourcedata/Dicom/sub-02/ses-baseline/nifti_output//T2w_space_800iso_vNav/
Moved sub-02_T2w_space_800iso_vNav_28_i01697.nii.gz and associated JSON to /Volumes/T7_Shield/BIDS/sourcedata/Dicom/sub-02/ses-baseline/nifti_output//T2w_space_800iso_vNav/
Moved sub-02_T2w_space_800iso_vNav_28_i01729.nii.gz and associated JSON to /Volumes/T7_Shield/BIDS/sourcedata/Dicom/sub-02/ses-baseline/nifti_output//T2w_space_800iso_vNav/
Moved sub-02_T2w_space_800iso_vNav_28_i01761.nii.gz and associated JSON to /Volumes/T7_Shield/BIDS/sourcedata/Dicom/sub-02/ses-baseline/nifti_output//T2w_space_800iso_vNav/
Moved sub-02_T2w_space_800iso_vNav_28_i01793.nii.gz and associated JSON to /Volumes/T7_Shield/BIDS/sourcedata/Dicom/sub-02/ses-baseline/nifti_output//T2w_space_800iso_vNav/
Moved sub-02_T2w_space_800iso_vNav_28_i01825.nii.gz and associated JSON to /Volumes/T7_Shield/BIDS/sourcedata/Dicom/sub-02/ses-baseline/nifti_output//T2w_space_800iso_vNav/
Moved sub-02_T2w_space_800iso_vNav_28_i01857.nii.gz and associated JSON to /Volumes/T7_Shield/BIDS/sourcedata/Dicom/sub-02/ses-baseline/nifti_output//T2w_space_800iso_vNav/
Moved sub-02_T2w_space_800iso_vNav_28_i01889.nii.gz and associated JSON to /Volumes/T7_Shield/BIDS/sourcedata/Dicom/sub-02/ses-baseline/nifti_output//T2w_space_800iso_vNav/
Moved sub-02_T2w_space_800iso_vNav_28_i01921.nii.gz and associated JSON to /Volumes/T7_Shield/BIDS/sourcedata/Dicom/sub-02/ses-baseline/nifti_output//T2w_space_800iso_vNav/
Moved sub-02_T2w_space_800iso_vNav_28_i01953.nii.gz and associated JSON to /Volumes/T7_Shield/BIDS/sourcedata/Dicom/sub-02/ses-baseline/nifti_output//T2w_space_800iso_vNav/
Moved sub-02_T2w_space_800iso_vNav_28_i01985.nii.gz and associated JSON to /Volumes/T7_Shield/BIDS/sourcedata/Dicom/sub-02/ses-baseline/nifti_output//T2w_space_800iso_vNav/
Moved sub-02_T2w_space_800iso_vNav_28_i02017.nii.gz and associated JSON to /Volumes/T7_Shield/BIDS/sourcedata/Dicom/sub-02/ses-baseline/nifti_output//T2w_space_800iso_vNav/
Moved sub-02_T2w_space_800iso_vNav_28_i02049.nii.gz and associated JSON to /Volumes/T7_Shield/BIDS/sourcedata/Dicom/sub-02/ses-baseline/nifti_output//T2w_space_800iso_vNav/
Moved sub-02_T2w_space_800iso_vNav_28_i02081.nii.gz and associated JSON to /Volumes/T7_Shield/BIDS/sourcedata/Dicom/sub-02/ses-baseline/nifti_output//T2w_space_800iso_vNav/
Moved sub-02_T2w_space_800iso_vNav_28_i02113.nii.gz and associated JSON to /Volumes/T7_Shield/BIDS/sourcedata/Dicom/sub-02/ses-baseline/nifti_output//T2w_space_800iso_vNav/
Moved sub-02_T2w_space_800iso_vNav_28_i02145.nii.gz and associated JSON to /Volumes/T7_Shield/BIDS/sourcedata/Dicom/sub-02/ses-baseline/nifti_output//T2w_space_800iso_vNav/
Moved sub-02_T2w_space_800iso_vNav_28_i02177.nii.gz and associated JSON to /Volumes/T7_Shield/BIDS/sourcedata/Dicom/sub-02/ses-baseline/nifti_output//T2w_space_800iso_vNav/
Moved sub-02_T2w_space_800iso_vNav_28_i02209.nii.gz and associated JSON to /Volumes/T7_Shield/BIDS/sourcedata/Dicom/sub-02/ses-baseline/nifti_output//T2w_space_800iso_vNav/
Moved sub-02_T2w_space_800iso_vNav_28_i02241.nii.gz and associated JSON to /Volumes/T7_Shield/BIDS/sourcedata/Dicom/sub-02/ses-baseline/nifti_output//T2w_space_800iso_vNav/
Moved sub-02_T2w_space_800iso_vNav_28_i02273.nii.gz and associated JSON to /Volumes/T7_Shield/BIDS/sourcedata/Dicom/sub-02/ses-baseline/nifti_output//T2w_space_800iso_vNav/
Moved sub-02_T2w_space_800iso_vNav_28_i02305.nii.gz and associated JSON to /Volumes/T7_Shield/BIDS/sourcedata/Dicom/sub-02/ses-baseline/nifti_output//T2w_space_800iso_vNav/
Moved sub-02_T2w_space_800iso_vNav_28_i02337.nii.gz and associated JSON to /Volumes/T7_Shield/BIDS/sourcedata/Dicom/sub-02/ses-baseline/nifti_output//T2w_space_800iso_vNav/
Moved sub-02_T2w_space_800iso_vNav_28_i02369.nii.gz and associated JSON to /Volumes/T7_Shield/BIDS/sourcedata/Dicom/sub-02/ses-baseline/nifti_output//T2w_space_800iso_vNav/
Moved sub-02_T2w_space_800iso_vNav_28_i02401.nii.gz and associated JSON to /Volumes/T7_Shield/BIDS/sourcedata/Dicom/sub-02/ses-baseline/nifti_output//T2w_space_800iso_vNav/
Moved sub-02_T2w_space_800iso_vNav_28_i02433.nii.gz and associated JSON to /Volumes/T7_Shield/BIDS/sourcedata/Dicom/sub-02/ses-baseline/nifti_output//T2w_space_800iso_vNav/
Moved sub-02_T2w_space_800iso_vNav_28_i02465.nii.gz and associated JSON to /Volumes/T7_Shield/BIDS/sourcedata/Dicom/sub-02/ses-baseline/nifti_output//T2w_space_800iso_vNav/
Moved sub-02_T2w_space_800iso_vNav_28_i02497.nii.gz and associated JSON to /Volumes/T7_Shield/BIDS/sourcedata/Dicom/sub-02/ses-baseline/nifti_output//T2w_space_800iso_vNav/
Moved sub-02_T2w_space_800iso_vNav_28_i02529.nii.gz and associated JSON to /Volumes/T7_Shield/BIDS/sourcedata/Dicom/sub-02/ses-baseline/nifti_output//T2w_space_800iso_vNav/
Moved sub-02_T2w_space_800iso_vNav_28_i02561.nii.gz and associated JSON to /Volumes/T7_Shield/BIDS/sourcedata/Dicom/sub-02/ses-baseline/nifti_output//T2w_space_800iso_vNav/
Moved sub-02_T2w_space_800iso_vNav_28_i02593.nii.gz and associated JSON to /Volumes/T7_Shield/BIDS/sourcedata/Dicom/sub-02/ses-baseline/nifti_output//T2w_space_800iso_vNav/
Moved sub-02_T2w_space_800iso_vNav_28_i02625.nii.gz and associated JSON to /Volumes/T7_Shield/BIDS/sourcedata/Dicom/sub-02/ses-baseline/nifti_output//T2w_space_800iso_vNav/
Moved sub-02_T2w_space_800iso_vNav_28_i02657.nii.gz and associated JSON to /Volumes/T7_Shield/BIDS/sourcedata/Dicom/sub-02/ses-baseline/nifti_output//T2w_space_800iso_vNav/
Moved sub-02_T2w_space_800iso_vNav_28_i02689.nii.gz and associated JSON to /Volumes/T7_Shield/BIDS/sourcedata/Dicom/sub-02/ses-baseline/nifti_output//T2w_space_800iso_vNav/
Moved sub-02_T2w_space_800iso_vNav_28_i02721.nii.gz and associated JSON to /Volumes/T7_Shield/BIDS/sourcedata/Dicom/sub-02/ses-baseline/nifti_output//T2w_space_800iso_vNav/
Moved sub-02_T2w_space_800iso_vNav_28_i02753.nii.gz and associated JSON to /Volumes/T7_Shield/BIDS/sourcedata/Dicom/sub-02/ses-baseline/nifti_output//T2w_space_800iso_vNav/
Moved sub-02_T2w_space_800iso_vNav_28_i02785.nii.gz and associated JSON to /Volumes/T7_Shield/BIDS/sourcedata/Dicom/sub-02/ses-baseline/nifti_output//T2w_space_800iso_vNav/
Moved sub-02_T2w_space_800iso_vNav_28_i02817.nii.gz and associated JSON to /Volumes/T7_Shield/BIDS/sourcedata/Dicom/sub-02/ses-baseline/nifti_output//T2w_space_800iso_vNav/
Moved sub-02_T2w_space_800iso_vNav_28_i02849.nii.gz and associated JSON to /Volumes/T7_Shield/BIDS/sourcedata/Dicom/sub-02/ses-baseline/nifti_output//T2w_space_800iso_vNav/
Moved sub-02_T2w_space_800iso_vNav_28_i02881.nii.gz and associated JSON to /Volumes/T7_Shield/BIDS/sourcedata/Dicom/sub-02/ses-baseline/nifti_output//T2w_space_800iso_vNav/
Moved sub-02_T2w_space_800iso_vNav_28_i02913.nii.gz and associated JSON to /Volumes/T7_Shield/BIDS/sourcedata/Dicom/sub-02/ses-baseline/nifti_output//T2w_space_800iso_vNav/
Moved sub-02_T2w_space_800iso_vNav_28_i02945.nii.gz and associated JSON to /Volumes/T7_Shield/BIDS/sourcedata/Dicom/sub-02/ses-baseline/nifti_output//T2w_space_800iso_vNav/
Moved sub-02_T2w_space_800iso_vNav_28_i02977.nii.gz and associated JSON to /Volumes/T7_Shield/BIDS/sourcedata/Dicom/sub-02/ses-baseline/nifti_output//T2w_space_800iso_vNav/
Moved sub-02_T2w_space_800iso_vNav_28_i03009.nii.gz and associated JSON to /Volumes/T7_Shield/BIDS/sourcedata/Dicom/sub-02/ses-baseline/nifti_output//T2w_space_800iso_vNav/
Moved sub-02_T2w_space_800iso_vNav_28_i03041.nii.gz and associated JSON to /Volumes/T7_Shield/BIDS/sourcedata/Dicom/sub-02/ses-baseline/nifti_output//T2w_space_800iso_vNav/
Moved sub-02_T2w_space_800iso_vNav_28_i03073.nii.gz and associated JSON to /Volumes/T7_Shield/BIDS/sourcedata/Dicom/sub-02/ses-baseline/nifti_output//T2w_space_800iso_vNav/
Moved sub-02_T2w_space_800iso_vNav_28_i03105.nii.gz and associated JSON to /Volumes/T7_Shield/BIDS/sourcedata/Dicom/sub-02/ses-baseline/nifti_output//T2w_space_800iso_vNav/
Moved sub-02_T2w_space_800iso_vNav_28_i03137.nii.gz and associated JSON to /Volumes/T7_Shield/BIDS/sourcedata/Dicom/sub-02/ses-baseline/nifti_output//T2w_space_800iso_vNav/
Moved sub-02_T2w_space_800iso_vNav_28_i03169.nii.gz and associated JSON to /Volumes/T7_Shield/BIDS/sourcedata/Dicom/sub-02/ses-baseline/nifti_output//T2w_space_800iso_vNav/
Moved sub-02_T2w_space_800iso_vNav_28_i03201.nii.gz and associated JSON to /Volumes/T7_Shield/BIDS/sourcedata/Dicom/sub-02/ses-baseline/nifti_output//T2w_space_800iso_vNav/
Moved sub-02_T2w_space_800iso_vNav_28_i03233.nii.gz and associated JSON to /Volumes/T7_Shield/BIDS/sourcedata/Dicom/sub-02/ses-baseline/nifti_output//T2w_space_800iso_vNav/
Moved sub-02_T2w_space_800iso_vNav_28_i03265.nii.gz and associated JSON to /Volumes/T7_Shield/BIDS/sourcedata/Dicom/sub-02/ses-baseline/nifti_output//T2w_space_800iso_vNav/
Moved sub-02_T2w_space_800iso_vNav_28_i03297.nii.gz and associated JSON to /Volumes/T7_Shield/BIDS/sourcedata/Dicom/sub-02/ses-baseline/nifti_output//T2w_space_800iso_vNav/
Moved sub-02_T2w_space_800iso_vNav_28_i03329.nii.gz and associated JSON to /Volumes/T7_Shield/BIDS/sourcedata/Dicom/sub-02/ses-baseline/nifti_output//T2w_space_800iso_vNav/
Moved sub-02_T2w_space_800iso_vNav_28_i03361.nii.gz and associated JSON to /Volumes/T7_Shield/BIDS/sourcedata/Dicom/sub-02/ses-baseline/nifti_output//T2w_space_800iso_vNav/
Moved sub-02_T2w_space_800iso_vNav_28_i03393.nii.gz and associated JSON to /Volumes/T7_Shield/BIDS/sourcedata/Dicom/sub-02/ses-baseline/nifti_output//T2w_space_800iso_vNav/
Moved sub-02_T2w_space_800iso_vNav_28_i03425.nii.gz and associated JSON to /Volumes/T7_Shield/BIDS/sourcedata/Dicom/sub-02/ses-baseline/nifti_output//T2w_space_800iso_vNav/
Moved sub-02_T2w_space_800iso_vNav_28_i03457.nii.gz and associated JSON to /Volumes/T7_Shield/BIDS/sourcedata/Dicom/sub-02/ses-baseline/nifti_output//T2w_space_800iso_vNav/
Moved sub-02_T2w_space_800iso_vNav_28_i03489.nii.gz and associated JSON to /Volumes/T7_Shield/BIDS/sourcedata/Dicom/sub-02/ses-baseline/nifti_output//T2w_space_800iso_vNav/
Moved sub-02_T2w_space_800iso_vNav_28_i03521.nii.gz and associated JSON to /Volumes/T7_Shield/BIDS/sourcedata/Dicom/sub-02/ses-baseline/nifti_output//T2w_space_800iso_vNav/
Moved sub-02_T2w_space_800iso_vNav_29.nii.gz and associated JSON to /Volumes/T7_Shield/BIDS/sourcedata/Dicom/sub-02/ses-baseline/nifti_output//T2w_space_800iso_vNav/
Moved sub-02_T2w_space_800iso_vNav_30.nii.gz and associated JSON to /Volumes/T7_Shield/BIDS/sourcedata/Dicom/sub-02/ses-baseline/nifti_output//T2w_space_800iso_vNav/
Moved sub-02_T2w_vNav_setter_27.nii.gz and associated JSON to /Volumes/T7_Shield/BIDS/sourcedata/Dicom/sub-02/ses-baseline/nifti_output//T2w_vNav_setter/
Moved sub-02_localizer_1_i00001.nii.gz and associated JSON to /Volumes/T7_Shield/BIDS/sourcedata/Dicom/sub-02/ses-baseline/nifti_output//localizer/
Moved sub-02_localizer_1_i00006.nii.gz and associated JSON to /Volumes/T7_Shield/BIDS/sourcedata/Dicom/sub-02/ses-baseline/nifti_output//localizer/
Moved sub-02_localizer_1_i00011.nii.gz and associated JSON to /Volumes/T7_Shield/BIDS/sourcedata/Dicom/sub-02/ses-baseline/nifti_output//localizer/
Moved sub-02_rfMRI_PA_25.nii.gz and associated JSON to /Volumes/T7_Shield/BIDS/sourcedata/Dicom/sub-02/ses-baseline/nifti_output//rfMRI_PA/
Moved sub-02_rfMRI_PA_26.nii.gz and associated JSON to /Volumes/T7_Shield/BIDS/sourcedata/Dicom/sub-02/ses-baseline/nifti_output//rfMRI_PA/
Moved sub-02_rfMRI_REST_AP_21.nii.gz and associated JSON to /Volumes/T7_Shield/BIDS/sourcedata/Dicom/sub-02/ses-baseline/nifti_output//rfMRI_REST_AP/
Moved sub-02_rfMRI_REST_AP_22.nii.gz and associated JSON to /Volumes/T7_Shield/BIDS/sourcedata/Dicom/sub-02/ses-baseline/nifti_output//rfMRI_REST_AP/
Moved sub-02_rfMRI_TASK_AP_12.nii.gz and associated JSON to /Volumes/T7_Shield/BIDS/sourcedata/Dicom/sub-02/ses-baseline/nifti_output//rfMRI_TASK_AP/
Moved sub-02_rfMRI_TASK_AP_13.nii.gz and associated JSON to /Volumes/T7_Shield/BIDS/sourcedata/Dicom/sub-02/ses-baseline/nifti_output//rfMRI_TASK_AP/
Moved sub-02_rfMRI_TASK_AP_15.nii.gz and associated JSON to /Volumes/T7_Shield/BIDS/sourcedata/Dicom/sub-02/ses-baseline/nifti_output//rfMRI_TASK_AP/
Moved sub-02_rfMRI_TASK_AP_16.nii.gz and associated JSON to /Volumes/T7_Shield/BIDS/sourcedata/Dicom/sub-02/ses-baseline/nifti_output//rfMRI_TASK_AP/
Moved sub-02_rfMRI_TASK_AP_18.nii.gz and associated JSON to /Volumes/T7_Shield/BIDS/sourcedata/Dicom/sub-02/ses-baseline/nifti_output//rfMRI_TASK_AP/
Moved sub-02_rfMRI_TASK_AP_19.nii.gz and associated JSON to /Volumes/T7_Shield/BIDS/sourcedata/Dicom/sub-02/ses-baseline/nifti_output//rfMRI_TASK_AP/
Organized files moved to /Volumes/T7_Shield/BIDS/sourcedata/Nifti/sub-02/ses-baseline
Copied and renamed /Volumes/T7_Shield/BIDS/sourcedata/Nifti/sub-02/ses-baseline/rfMRI_TASK_AP/sub-02_rfMRI_TASK_AP_13.nii.gz to /Volumes/T7_Shield/BIDS/sourcedata/Dicom/sub-02/ses-baseline/nifti_output//func/sub-02_task-assoc_memory_run-01_bold.nii.gz
Copied and renamed /Volumes/T7_Shield/BIDS/sourcedata/Nifti/sub-02/ses-baseline/rfMRI_TASK_AP/sub-02_rfMRI_TASK_AP_13.json to /Volumes/T7_Shield/BIDS/sourcedata/Dicom/sub-02/ses-baseline/nifti_output//func/sub-02_task-assoc_memory_run-01_bold.json
Copied and renamed /Volumes/T7_Shield/BIDS/sourcedata/Nifti/sub-02/ses-baseline/rfMRI_TASK_AP/sub-02_rfMRI_TASK_AP_16.nii.gz to /Volumes/T7_Shield/BIDS/sourcedata/Dicom/sub-02/ses-baseline/nifti_output//func/sub-02_task-assoc_memory_run-02_bold.nii.gz
Copied and renamed /Volumes/T7_Shield/BIDS/sourcedata/Nifti/sub-02/ses-baseline/rfMRI_TASK_AP/sub-02_rfMRI_TASK_AP_16.json to /Volumes/T7_Shield/BIDS/sourcedata/Dicom/sub-02/ses-baseline/nifti_output//func/sub-02_task-assoc_memory_run-02_bold.json
Copied and renamed /Volumes/T7_Shield/BIDS/sourcedata/Nifti/sub-02/ses-baseline/rfMRI_TASK_AP/sub-02_rfMRI_TASK_AP_19.nii.gz to /Volumes/T7_Shield/BIDS/sourcedata/Dicom/sub-02/ses-baseline/nifti_output//func/sub-02_task-assoc_memory_run-03_bold.nii.gz
Copied and renamed /Volumes/T7_Shield/BIDS/sourcedata/Nifti/sub-02/ses-baseline/rfMRI_TASK_AP/sub-02_rfMRI_TASK_AP_19.json to /Volumes/T7_Shield/BIDS/sourcedata/Dicom/sub-02/ses-baseline/nifti_output//func/sub-02_task-assoc_memory_run-03_bold.json
Functional runs copied and renamed in /Volumes/T7_Shield/BIDS/sourcedata/Dicom/sub-02/ses-baseline/nifti_output//func.
Copied and renamed /Volumes/T7_Shield/BIDS/sourcedata/Nifti/sub-02/ses-baseline/rfMRI_PA/sub-02_rfMRI_PA_26.nii.gz to /Volumes/T7_Shield/BIDS/sourcedata/Dicom/sub-02/ses-baseline/nifti_output//func/sub-02_rfMRI_PA.nii.gz
Copied and renamed /Volumes/T7_Shield/BIDS/sourcedata/Nifti/sub-02/ses-baseline/rfMRI_PA/sub-02_rfMRI_PA_26.json to /Volumes/T7_Shield/BIDS/sourcedata/Dicom/sub-02/ses-baseline/nifti_output//func/sub-02_rfMRI_PA.json
Copied and renamed /Volumes/T7_Shield/BIDS/sourcedata/Nifti/sub-02/ses-baseline/T1w_mprage_800iso_vNav/sub-02_T1w_mprage_800iso_vNav_11.nii.gz to /Volumes/T7_Shield/BIDS/sourcedata/Dicom/sub-02/ses-baseline/nifti_output//anat/sub-02_T1w.nii.gz
Copied and renamed /Volumes/T7_Shield/BIDS/sourcedata/Nifti/sub-02/ses-baseline/T2w_space_800iso_vNav/sub-02_T2w_space_800iso_vNav_30.nii.gz to /Volumes/T7_Shield/BIDS/sourcedata/Dicom/sub-02/ses-baseline/nifti_output//anat/sub-02_T2w.nii.gz
'anat' and 'func' folders moved to /Volumes/T7_Shield/BIDS/BIDS_dataset/sub-02/ses-baseline
Finished processing sub-02.
Script execution completed. Log file is located at /Volumes/T7_Shield/BIDS/code/logs/ses-baseline_organize_dcm_nifti_bids.sh_2024-07-28_12-05-38.log
