Processing Subject: sub-21, Run: 01
Input 4D Data: /Users/nagamatsulab/Desktop/BIDS/derivatives/feat_fieldmap/Assoc_Memory_1st-Level/sub-21/ses-baseline/func/sub-21_corrected_task-assoc_memory_run-01_bold
High Res File: /Users/nagamatsulab/Desktop/BIDS/derivatives/feat_fieldmap/Assoc_Memory_1st-Level/sub-21/ses-baseline/anat/sub-21_T1w_brain
Output Directory: /Users/nagamatsulab/Desktop/BIDS/derivatives/feat_fieldmap/Assoc_Memory_1st-Levelsub-21/ses-baseline/run-01
Processing Subject: sub-21, Run: 02
Input 4D Data: /Users/nagamatsulab/Desktop/BIDS/derivatives/feat_fieldmap/Assoc_Memory_1st-Level/sub-21/ses-baseline/func/sub-21_corrected_task-assoc_memory_run-02_bold
High Res File: /Users/nagamatsulab/Desktop/BIDS/derivatives/feat_fieldmap/Assoc_Memory_1st-Level/sub-21/ses-baseline/anat/sub-21_T1w_brain
Output Directory: /Users/nagamatsulab/Desktop/BIDS/derivatives/feat_fieldmap/Assoc_Memory_1st-Levelsub-21/ses-baseline/run-02
Processing Subject: sub-21, Run: 03
Input 4D Data: /Users/nagamatsulab/Desktop/BIDS/derivatives/feat_fieldmap/Assoc_Memory_1st-Level/sub-21/ses-baseline/func/sub-21_corrected_task-assoc_memory_run-03_bold
High Res File: /Users/nagamatsulab/Desktop/BIDS/derivatives/feat_fieldmap/Assoc_Memory_1st-Level/sub-21/ses-baseline/anat/sub-21_T1w_brain
Output Directory: /Users/nagamatsulab/Desktop/BIDS/derivatives/feat_fieldmap/Assoc_Memory_1st-Levelsub-21/ses-baseline/run-03
Processing Subject: sub-22, Run: 01
Input 4D Data: /Users/nagamatsulab/Desktop/BIDS/derivatives/feat_fieldmap/Assoc_Memory_1st-Level/sub-22/ses-baseline/func/sub-22_corrected_task-assoc_memory_run-01_bold
High Res File: /Users/nagamatsulab/Desktop/BIDS/derivatives/feat_fieldmap/Assoc_Memory_1st-Level/sub-22/ses-baseline/anat/sub-22_T1w_brain
Output Directory: /Users/nagamatsulab/Desktop/BIDS/derivatives/feat_fieldmap/Assoc_Memory_1st-Levelsub-22/ses-baseline/run-01
Processing Subject: sub-22, Run: 02
Input 4D Data: /Users/nagamatsulab/Desktop/BIDS/derivatives/feat_fieldmap/Assoc_Memory_1st-Level/sub-22/ses-baseline/func/sub-22_corrected_task-assoc_memory_run-02_bold
High Res File: /Users/nagamatsulab/Desktop/BIDS/derivatives/feat_fieldmap/Assoc_Memory_1st-Level/sub-22/ses-baseline/anat/sub-22_T1w_brain
Output Directory: /Users/nagamatsulab/Desktop/BIDS/derivatives/feat_fieldmap/Assoc_Memory_1st-Levelsub-22/ses-baseline/run-02
Processing Subject: sub-22, Run: 03
Input 4D Data: /Users/nagamatsulab/Desktop/BIDS/derivatives/feat_fieldmap/Assoc_Memory_1st-Level/sub-22/ses-baseline/func/sub-22_corrected_task-assoc_memory_run-03_bold
High Res File: /Users/nagamatsulab/Desktop/BIDS/derivatives/feat_fieldmap/Assoc_Memory_1st-Level/sub-22/ses-baseline/anat/sub-22_T1w_brain
Output Directory: /Users/nagamatsulab/Desktop/BIDS/derivatives/feat_fieldmap/Assoc_Memory_1st-Levelsub-22/ses-baseline/run-03
Processing Subject: sub-23, Run: 01
Input 4D Data: /Users/nagamatsulab/Desktop/BIDS/derivatives/feat_fieldmap/Assoc_Memory_1st-Level/sub-23/ses-baseline/func/sub-23_corrected_task-assoc_memory_run-01_bold
High Res File: /Users/nagamatsulab/Desktop/BIDS/derivatives/feat_fieldmap/Assoc_Memory_1st-Level/sub-23/ses-baseline/anat/sub-23_T1w_brain
Output Directory: /Users/nagamatsulab/Desktop/BIDS/derivatives/feat_fieldmap/Assoc_Memory_1st-Levelsub-23/ses-baseline/run-01
Processing Subject: sub-23, Run: 02
Input 4D Data: /Users/nagamatsulab/Desktop/BIDS/derivatives/feat_fieldmap/Assoc_Memory_1st-Level/sub-23/ses-baseline/func/sub-23_corrected_task-assoc_memory_run-02_bold
High Res File: /Users/nagamatsulab/Desktop/BIDS/derivatives/feat_fieldmap/Assoc_Memory_1st-Level/sub-23/ses-baseline/anat/sub-23_T1w_brain
Output Directory: /Users/nagamatsulab/Desktop/BIDS/derivatives/feat_fieldmap/Assoc_Memory_1st-Levelsub-23/ses-baseline/run-02
Processing Subject: sub-23, Run: 03
Input 4D Data: /Users/nagamatsulab/Desktop/BIDS/derivatives/feat_fieldmap/Assoc_Memory_1st-Level/sub-23/ses-baseline/func/sub-23_corrected_task-assoc_memory_run-03_bold
High Res File: /Users/nagamatsulab/Desktop/BIDS/derivatives/feat_fieldmap/Assoc_Memory_1st-Level/sub-23/ses-baseline/anat/sub-23_T1w_brain
Output Directory: /Users/nagamatsulab/Desktop/BIDS/derivatives/feat_fieldmap/Assoc_Memory_1st-Levelsub-23/ses-baseline/run-03
Processing Subject: sub-24, Run: 01
Input 4D Data: /Users/nagamatsulab/Desktop/BIDS/derivatives/feat_fieldmap/Assoc_Memory_1st-Level/sub-24/ses-baseline/func/sub-24_corrected_task-assoc_memory_run-01_bold
High Res File: /Users/nagamatsulab/Desktop/BIDS/derivatives/feat_fieldmap/Assoc_Memory_1st-Level/sub-24/ses-baseline/anat/sub-24_T1w_brain
Output Directory: /Users/nagamatsulab/Desktop/BIDS/derivatives/feat_fieldmap/Assoc_Memory_1st-Levelsub-24/ses-baseline/run-01
Processing Subject: sub-24, Run: 02
Input 4D Data: /Users/nagamatsulab/Desktop/BIDS/derivatives/feat_fieldmap/Assoc_Memory_1st-Level/sub-24/ses-baseline/func/sub-24_corrected_task-assoc_memory_run-02_bold
High Res File: /Users/nagamatsulab/Desktop/BIDS/derivatives/feat_fieldmap/Assoc_Memory_1st-Level/sub-24/ses-baseline/anat/sub-24_T1w_brain
Output Directory: /Users/nagamatsulab/Desktop/BIDS/derivatives/feat_fieldmap/Assoc_Memory_1st-Levelsub-24/ses-baseline/run-02
Processing Subject: sub-24, Run: 03
Input 4D Data: /Users/nagamatsulab/Desktop/BIDS/derivatives/feat_fieldmap/Assoc_Memory_1st-Level/sub-24/ses-baseline/func/sub-24_corrected_task-assoc_memory_run-03_bold
High Res File: /Users/nagamatsulab/Desktop/BIDS/derivatives/feat_fieldmap/Assoc_Memory_1st-Level/sub-24/ses-baseline/anat/sub-24_T1w_brain
Output Directory: /Users/nagamatsulab/Desktop/BIDS/derivatives/feat_fieldmap/Assoc_Memory_1st-Levelsub-24/ses-baseline/run-03
Processing Subject: sub-25, Run: 01
Input 4D Data: /Users/nagamatsulab/Desktop/BIDS/derivatives/feat_fieldmap/Assoc_Memory_1st-Level/sub-25/ses-baseline/func/sub-25_corrected_task-assoc_memory_run-01_bold
High Res File: /Users/nagamatsulab/Desktop/BIDS/derivatives/feat_fieldmap/Assoc_Memory_1st-Level/sub-25/ses-baseline/anat/sub-25_T1w_brain
Output Directory: /Users/nagamatsulab/Desktop/BIDS/derivatives/feat_fieldmap/Assoc_Memory_1st-Levelsub-25/ses-baseline/run-01
Processing Subject: sub-25, Run: 02
Input 4D Data: /Users/nagamatsulab/Desktop/BIDS/derivatives/feat_fieldmap/Assoc_Memory_1st-Level/sub-25/ses-baseline/func/sub-25_corrected_task-assoc_memory_run-02_bold
High Res File: /Users/nagamatsulab/Desktop/BIDS/derivatives/feat_fieldmap/Assoc_Memory_1st-Level/sub-25/ses-baseline/anat/sub-25_T1w_brain
Output Directory: /Users/nagamatsulab/Desktop/BIDS/derivatives/feat_fieldmap/Assoc_Memory_1st-Levelsub-25/ses-baseline/run-02
Processing Subject: sub-25, Run: 03
Input 4D Data: /Users/nagamatsulab/Desktop/BIDS/derivatives/feat_fieldmap/Assoc_Memory_1st-Level/sub-25/ses-baseline/func/sub-25_corrected_task-assoc_memory_run-03_bold
High Res File: /Users/nagamatsulab/Desktop/BIDS/derivatives/feat_fieldmap/Assoc_Memory_1st-Level/sub-25/ses-baseline/anat/sub-25_T1w_brain
Output Directory: /Users/nagamatsulab/Desktop/BIDS/derivatives/feat_fieldmap/Assoc_Memory_1st-Levelsub-25/ses-baseline/run-03
Processing Subject: sub-26, Run: 01
Input 4D Data: /Users/nagamatsulab/Desktop/BIDS/derivatives/feat_fieldmap/Assoc_Memory_1st-Level/sub-26/ses-baseline/func/sub-26_corrected_task-assoc_memory_run-01_bold
High Res File: /Users/nagamatsulab/Desktop/BIDS/derivatives/feat_fieldmap/Assoc_Memory_1st-Level/sub-26/ses-baseline/anat/sub-26_T1w_brain
Output Directory: /Users/nagamatsulab/Desktop/BIDS/derivatives/feat_fieldmap/Assoc_Memory_1st-Levelsub-26/ses-baseline/run-01
child process exited abnormally
    while executing
"fsl:exec "${FSLDIR}/bin/feat_model design" $fmri(featModelOpts) -N feat0_model -l logs "
    (procedure "firstLevelMaster" line 43)
    invoked from within
"firstLevelMaster $session"
    invoked from within
"if { $done_something == 0 } {

    if { ! $fmri(inmelodic) } {
       if { $fmri(level) == 1 } {
	      for { set session 1 } { $session <= $fmri(mult..."
    (file "/Users/nagamatsulab/fsl/bin/feat" line 390)
Processing Subject: sub-26, Run: 02
Input 4D Data: /Users/nagamatsulab/Desktop/BIDS/derivatives/feat_fieldmap/Assoc_Memory_1st-Level/sub-26/ses-baseline/func/sub-26_corrected_task-assoc_memory_run-02_bold
High Res File: /Users/nagamatsulab/Desktop/BIDS/derivatives/feat_fieldmap/Assoc_Memory_1st-Level/sub-26/ses-baseline/anat/sub-26_T1w_brain
Output Directory: /Users/nagamatsulab/Desktop/BIDS/derivatives/feat_fieldmap/Assoc_Memory_1st-Levelsub-26/ses-baseline/run-02
child process exited abnormally
    while executing
"fsl:exec "${FSLDIR}/bin/feat_model design" $fmri(featModelOpts) -N feat0_model -l logs "
    (procedure "firstLevelMaster" line 43)
    invoked from within
"firstLevelMaster $session"
    invoked from within
"if { $done_something == 0 } {

    if { ! $fmri(inmelodic) } {
       if { $fmri(level) == 1 } {
	      for { set session 1 } { $session <= $fmri(mult..."
    (file "/Users/nagamatsulab/fsl/bin/feat" line 390)
Processing Subject: sub-26, Run: 03
Input 4D Data: /Users/nagamatsulab/Desktop/BIDS/derivatives/feat_fieldmap/Assoc_Memory_1st-Level/sub-26/ses-baseline/func/sub-26_corrected_task-assoc_memory_run-03_bold
High Res File: /Users/nagamatsulab/Desktop/BIDS/derivatives/feat_fieldmap/Assoc_Memory_1st-Level/sub-26/ses-baseline/anat/sub-26_T1w_brain
Output Directory: /Users/nagamatsulab/Desktop/BIDS/derivatives/feat_fieldmap/Assoc_Memory_1st-Levelsub-26/ses-baseline/run-03
child process exited abnormally
    while executing
"fsl:exec "${FSLDIR}/bin/feat_model design" $fmri(featModelOpts) -N feat0_model -l logs "
    (procedure "firstLevelMaster" line 43)
    invoked from within
"firstLevelMaster $session"
    invoked from within
"if { $done_something == 0 } {

    if { ! $fmri(inmelodic) } {
       if { $fmri(level) == 1 } {
	      for { set session 1 } { $session <= $fmri(mult..."
    (file "/Users/nagamatsulab/fsl/bin/feat" line 390)
Processing Subject: sub-27, Run: 01
Input 4D Data: /Users/nagamatsulab/Desktop/BIDS/derivatives/feat_fieldmap/Assoc_Memory_1st-Level/sub-27/ses-baseline/func/sub-27_corrected_task-assoc_memory_run-01_bold
High Res File: /Users/nagamatsulab/Desktop/BIDS/derivatives/feat_fieldmap/Assoc_Memory_1st-Level/sub-27/ses-baseline/anat/sub-27_T1w_brain
Output Directory: /Users/nagamatsulab/Desktop/BIDS/derivatives/feat_fieldmap/Assoc_Memory_1st-Levelsub-27/ses-baseline/run-01
Processing Subject: sub-29, Run: 01
Input 4D Data: /Users/nagamatsulab/Desktop/BIDS/derivatives/feat_fieldmap/Assoc_Memory_1st-Level/sub-29/ses-baseline/func/sub-29_corrected_task-assoc_memory_run-01_bold
High Res File: /Users/nagamatsulab/Desktop/BIDS/derivatives/feat_fieldmap/Assoc_Memory_1st-Level/sub-29/ses-baseline/anat/sub-29_T1w_brain
Output Directory: /Users/nagamatsulab/Desktop/BIDS/derivatives/feat_fieldmap/Assoc_Memory_1st-Levelsub-29/ses-baseline/run-01
Processing Subject: sub-29, Run: 02
Input 4D Data: /Users/nagamatsulab/Desktop/BIDS/derivatives/feat_fieldmap/Assoc_Memory_1st-Level/sub-29/ses-baseline/func/sub-29_corrected_task-assoc_memory_run-02_bold
High Res File: /Users/nagamatsulab/Desktop/BIDS/derivatives/feat_fieldmap/Assoc_Memory_1st-Level/sub-29/ses-baseline/anat/sub-29_T1w_brain
Output Directory: /Users/nagamatsulab/Desktop/BIDS/derivatives/feat_fieldmap/Assoc_Memory_1st-Levelsub-29/ses-baseline/run-02
Processing Subject: sub-29, Run: 03
Input 4D Data: /Users/nagamatsulab/Desktop/BIDS/derivatives/feat_fieldmap/Assoc_Memory_1st-Level/sub-29/ses-baseline/func/sub-29_corrected_task-assoc_memory_run-03_bold
High Res File: /Users/nagamatsulab/Desktop/BIDS/derivatives/feat_fieldmap/Assoc_Memory_1st-Level/sub-29/ses-baseline/anat/sub-29_T1w_brain
Output Directory: /Users/nagamatsulab/Desktop/BIDS/derivatives/feat_fieldmap/Assoc_Memory_1st-Levelsub-29/ses-baseline/run-03
