couldn't read file "/Users/nagamatsulab/Desktop/BIDS/derivatives/feat_fieldmap/Assoc_Memory_1st-Level/sub-sub-02/ses-baseline/run-01.feat/design.fsf": no such file or directory
    while executing
"source ${featdir}/design.fsf"
    (procedure "feat5:getconname" line 2)
    invoked from within
"feat5:getconname $ff_one $nci "
    invoked from within
"if { $done_something == 0 } {

    if { ! $fmri(inmelodic) } {
       if { $fmri(level) == 1 } {
	      for { set session 1 } { $session <= $fmri(mult..."
    (file "/Users/nagamatsulab/fsl/bin/feat" line 390)
rmdir: /Users/nagamatsulab/Desktop/BIDS/derivatives/feat_fieldmap/Assoc_Memory_2nd-Level/sub-sub-02: Directory not empty
log: Unknown subcommand 'Moving script to /Users/nagamatsulab/Desktop/BIDS/code/scripts'
usage:
    log <command>

global options:
    -?, --help
    -q, --quiet
    -v, --verbose

commands:
    collect         gather system logs into a log archive
    config          view/change logging system settings
    erase           delete system logging data
    show            view/search system logs
    stream          watch live system logs
    stats           show system logging statistics

further help:
    log help <command>
    log help predicates
